2025-12-01 15:28:15,419	DEBUG	SparkMagics	Initialized spark magics.
2025-12-01 15:28:15,420	INFO	EventsHandler	InstanceId: 6c9cd1e9-1dc9-436e-a613-1137ae25c6d4,EventName: notebookLoaded,Timestamp: 2025-12-01 15:28:15.420212
2025-12-01 15:28:15,420	DEBUG	python_jupyter_kernel	Loaded magics.
2025-12-01 15:28:15,422	DEBUG	python_jupyter_kernel	Changed language.
2025-12-01 15:28:15,475	DEBUG	python_jupyter_kernel	Registered auto viz.
2025-12-01 15:28:15,507	INFO	EventsHandler	InstanceId: 6c9cd1e9-1dc9-436e-a613-1137ae25c6d4,EventName: notebookMagicExecutionStart,Timestamp: 2025-12-01 15:28:15.507827,MagicName: configure,LivyKind: pyspark,MagicGuid: d91620f2-90bb-4680-b6e5-987189d22d9c
2025-12-01 15:28:15,508	INFO	EventsHandler	InstanceId: 6c9cd1e9-1dc9-436e-a613-1137ae25c6d4,EventName: notebookMagicExecutionStart,Timestamp: 2025-12-01 15:28:15.508228,MagicName: info,LivyKind: pyspark,MagicGuid: 98a56958-e134-49bf-b760-5b976310a2f4
2025-12-01 15:28:15,671	INFO	EventsHandler	InstanceId: 6c9cd1e9-1dc9-436e-a613-1137ae25c6d4,EventName: notebookMagicExecutionEnd,Timestamp: 2025-12-01 15:28:15.671579,MagicName: info,LivyKind: pyspark,MagicGuid: 98a56958-e134-49bf-b760-5b976310a2f4,Success: True,ExceptionType: ,ExceptionMessage: 
2025-12-01 15:28:15,671	INFO	EventsHandler	InstanceId: 6c9cd1e9-1dc9-436e-a613-1137ae25c6d4,EventName: notebookMagicExecutionEnd,Timestamp: 2025-12-01 15:28:15.671903,MagicName: configure,LivyKind: pyspark,MagicGuid: d91620f2-90bb-4680-b6e5-987189d22d9c,Success: True,ExceptionType: ,ExceptionMessage: 
2025-12-01 15:28:15,679	INFO	EventsHandler	InstanceId: 6c9cd1e9-1dc9-436e-a613-1137ae25c6d4,EventName: notebookSessionCreationStart,Timestamp: 2025-12-01 15:28:15.679071,SessionGuid: 37e12af8-0027-497a-9dce-050ae5369c54,LivyKind: pyspark
2025-12-01 15:28:15,692	DEBUG	LivySession	Session 925 in state starting. Sleeping 0.2 seconds.
2025-12-01 15:28:15,895	DEBUG	LivySession	Session 925 in state starting. Sleeping 0.5 seconds.
2025-12-01 15:28:16,398	DEBUG	LivySession	Session 925 in state starting. Sleeping 0.5 seconds.
2025-12-01 15:28:16,902	DEBUG	LivySession	Session 925 in state starting. Sleeping 1 seconds.
2025-12-01 15:28:17,906	DEBUG	LivySession	Session 925 in state starting. Sleeping 1 seconds.
2025-12-01 15:28:18,909	DEBUG	LivySession	Session 925 in state starting. Sleeping 2 seconds.
2025-12-01 15:28:20,913	DEBUG	LivySession	Session 925 in state starting. Sleeping 2 seconds.
2025-12-01 15:28:22,917	DEBUG	LivySession	Session 925 in state starting. Sleeping 2 seconds.
2025-12-01 15:28:24,922	DEBUG	LivySession	Session 925 in state starting. Sleeping 2 seconds.
2025-12-01 15:28:26,928	DEBUG	LivySession	Session 925 in state starting. Sleeping 2 seconds.
2025-12-01 15:28:28,933	DEBUG	LivySession	Session 925 in state starting. Sleeping 2 seconds.
2025-12-01 15:28:30,938	DEBUG	LivySession	Session 925 in state starting. Sleeping 2 seconds.
2025-12-01 15:28:32,942	DEBUG	LivySession	Session 925 in state starting. Sleeping 2 seconds.
2025-12-01 15:28:34,947	DEBUG	LivySession	Session 925 in state starting. Sleeping 2 seconds.
2025-12-01 15:28:36,952	DEBUG	LivySession	Session 925 in state starting. Sleeping 2 seconds.
2025-12-01 15:28:38,956	DEBUG	LivySession	Session 925 in state starting. Sleeping 2 seconds.
2025-12-01 15:28:40,963	DEBUG	LivySession	Session 925 in state starting. Sleeping 2 seconds.
2025-12-01 15:28:42,967	DEBUG	LivySession	Session 925 in state starting. Sleeping 2 seconds.
2025-12-01 15:28:44,972	DEBUG	LivySession	Session 925 in state starting. Sleeping 2 seconds.
2025-12-01 15:28:46,988	INFO	EventsHandler	InstanceId: 6c9cd1e9-1dc9-436e-a613-1137ae25c6d4,EventName: notebookStatementExecutionStart,Timestamp: 2025-12-01 15:28:46.988589,SessionGuid: 37e12af8-0027-497a-9dce-050ae5369c54,LivyKind: pyspark,SessionId: 925,StatementGuid: c46125a4-93a6-4258-a232-648ae96edca3
2025-12-01 15:28:47,013	DEBUG	Command	Status of statement 0 is waiting.
2025-12-01 15:28:47,216	DEBUG	Command	Status of statement 0 is waiting.
2025-12-01 15:28:47,721	DEBUG	Command	Status of statement 0 is waiting.
2025-12-01 15:28:48,225	DEBUG	Command	Status of statement 0 is waiting.
2025-12-01 15:28:49,231	DEBUG	Command	Status of statement 0 is available.
2025-12-01 15:28:49,231	INFO	EventsHandler	InstanceId: 6c9cd1e9-1dc9-436e-a613-1137ae25c6d4,EventName: notebookStatementExecutionEnd,Timestamp: 2025-12-01 15:28:49.231465,SessionGuid: 37e12af8-0027-497a-9dce-050ae5369c54,LivyKind: pyspark,SessionId: 925,StatementGuid: c46125a4-93a6-4258-a232-648ae96edca3,StatementId: 0,Success: True,ExceptionType: ,ExceptionMessage: 
2025-12-01 15:28:49,233	INFO	EventsHandler	InstanceId: 6c9cd1e9-1dc9-436e-a613-1137ae25c6d4,EventName: notebookSessionCreationEnd,Timestamp: 2025-12-01 15:28:49.233015,SessionGuid: 37e12af8-0027-497a-9dce-050ae5369c54,LivyKind: pyspark,SessionId: 925,Status: idle,Success: True,ExceptionType: ,ExceptionMessage: 
2025-12-01 15:28:49,234	INFO	EventsHandler	InstanceId: 6c9cd1e9-1dc9-436e-a613-1137ae25c6d4,EventName: notebookStatementExecutionStart,Timestamp: 2025-12-01 15:28:49.234001,SessionGuid: 37e12af8-0027-497a-9dce-050ae5369c54,LivyKind: pyspark,SessionId: 925,StatementGuid: 1f5714e5-8088-4d9b-bd87-1433a687f769
2025-12-01 15:28:49,252	DEBUG	Command	Status of statement 1 is running.
2025-12-01 15:28:49,456	DEBUG	Command	Status of statement 1 is available.
2025-12-01 15:28:49,456	INFO	EventsHandler	InstanceId: 6c9cd1e9-1dc9-436e-a613-1137ae25c6d4,EventName: notebookStatementExecutionEnd,Timestamp: 2025-12-01 15:28:49.456837,SessionGuid: 37e12af8-0027-497a-9dce-050ae5369c54,LivyKind: pyspark,SessionId: 925,StatementGuid: 1f5714e5-8088-4d9b-bd87-1433a687f769,StatementId: 1,Success: True,ExceptionType: ,ExceptionMessage: 
2025-12-01 15:28:49,465	INFO	EventsHandler	InstanceId: 6c9cd1e9-1dc9-436e-a613-1137ae25c6d4,EventName: notebookStatementExecutionStart,Timestamp: 2025-12-01 15:28:49.465614,SessionGuid: 37e12af8-0027-497a-9dce-050ae5369c54,LivyKind: pyspark,SessionId: 925,StatementGuid: 8ba7f8d3-53b7-4890-a24d-eb607ebbb1dd
2025-12-01 15:28:49,479	DEBUG	Command	Status of statement 2 is running.
2025-12-01 15:28:49,682	DEBUG	Command	Status of statement 2 is running.
2025-12-01 15:28:50,187	DEBUG	Command	Status of statement 2 is running.
2025-12-01 15:28:50,691	DEBUG	Command	Status of statement 2 is running.
2025-12-01 15:28:51,696	DEBUG	Command	Status of statement 2 is running.
2025-12-01 15:28:52,701	DEBUG	Command	Status of statement 2 is running.
2025-12-01 15:28:54,712	DEBUG	Command	Status of statement 2 is running.
2025-12-01 15:28:56,718	DEBUG	Command	Status of statement 2 is running.
2025-12-01 15:28:58,723	DEBUG	Command	Status of statement 2 is running.
2025-12-01 15:29:00,730	DEBUG	Command	Status of statement 2 is running.
2025-12-01 15:29:02,737	DEBUG	Command	Status of statement 2 is available.
2025-12-01 15:29:02,737	INFO	EventsHandler	InstanceId: 6c9cd1e9-1dc9-436e-a613-1137ae25c6d4,EventName: notebookStatementExecutionEnd,Timestamp: 2025-12-01 15:29:02.737454,SessionGuid: 37e12af8-0027-497a-9dce-050ae5369c54,LivyKind: pyspark,SessionId: 925,StatementGuid: 8ba7f8d3-53b7-4890-a24d-eb607ebbb1dd,StatementId: 2,Success: True,ExceptionType: ,ExceptionMessage: 
2025-12-01 15:29:02,745	INFO	EventsHandler	InstanceId: 6c9cd1e9-1dc9-436e-a613-1137ae25c6d4,EventName: notebookStatementExecutionStart,Timestamp: 2025-12-01 15:29:02.745719,SessionGuid: 37e12af8-0027-497a-9dce-050ae5369c54,LivyKind: pyspark,SessionId: 925,StatementGuid: 0c2c0243-7402-44c4-80c5-4b8b61658825
2025-12-01 15:29:02,759	DEBUG	Command	Status of statement 3 is running.
2025-12-01 15:29:02,963	DEBUG	Command	Status of statement 3 is running.
2025-12-01 15:29:03,467	DEBUG	Command	Status of statement 3 is running.
2025-12-01 15:29:03,972	DEBUG	Command	Status of statement 3 is running.
2025-12-01 15:29:04,977	DEBUG	Command	Status of statement 3 is running.
2025-12-01 15:29:05,982	DEBUG	Command	Status of statement 3 is running.
2025-12-01 15:29:07,989	DEBUG	Command	Status of statement 3 is running.
2025-12-01 15:29:09,995	DEBUG	Command	Status of statement 3 is running.
2025-12-01 15:29:12,001	DEBUG	Command	Status of statement 3 is available.
2025-12-01 15:29:12,002	INFO	EventsHandler	InstanceId: 6c9cd1e9-1dc9-436e-a613-1137ae25c6d4,EventName: notebookStatementExecutionEnd,Timestamp: 2025-12-01 15:29:12.002217,SessionGuid: 37e12af8-0027-497a-9dce-050ae5369c54,LivyKind: pyspark,SessionId: 925,StatementGuid: 0c2c0243-7402-44c4-80c5-4b8b61658825,StatementId: 3,Success: True,ExceptionType: ,ExceptionMessage: 
2025-12-01 15:29:12,011	INFO	EventsHandler	InstanceId: 6c9cd1e9-1dc9-436e-a613-1137ae25c6d4,EventName: notebookStatementExecutionStart,Timestamp: 2025-12-01 15:29:12.011028,SessionGuid: 37e12af8-0027-497a-9dce-050ae5369c54,LivyKind: pyspark,SessionId: 925,StatementGuid: 86e7764e-25d1-4148-b8e3-5319927c84ae
2025-12-01 15:29:12,025	DEBUG	Command	Status of statement 4 is running.
2025-12-01 15:29:12,229	DEBUG	Command	Status of statement 4 is running.
2025-12-01 15:29:12,734	DEBUG	Command	Status of statement 4 is running.
2025-12-01 15:29:13,238	DEBUG	Command	Status of statement 4 is running.
2025-12-01 15:29:14,243	DEBUG	Command	Status of statement 4 is available.
2025-12-01 15:29:14,243	INFO	EventsHandler	InstanceId: 6c9cd1e9-1dc9-436e-a613-1137ae25c6d4,EventName: notebookStatementExecutionEnd,Timestamp: 2025-12-01 15:29:14.243538,SessionGuid: 37e12af8-0027-497a-9dce-050ae5369c54,LivyKind: pyspark,SessionId: 925,StatementGuid: 86e7764e-25d1-4148-b8e3-5319927c84ae,StatementId: 4,Success: True,ExceptionType: ,ExceptionMessage: 
2025-12-01 15:29:14,251	INFO	EventsHandler	InstanceId: 6c9cd1e9-1dc9-436e-a613-1137ae25c6d4,EventName: notebookStatementExecutionStart,Timestamp: 2025-12-01 15:29:14.251741,SessionGuid: 37e12af8-0027-497a-9dce-050ae5369c54,LivyKind: pyspark,SessionId: 925,StatementGuid: 0ab7fc01-f85f-404c-99ab-ef2d72a30faf
2025-12-01 15:29:14,264	DEBUG	Command	Status of statement 5 is running.
2025-12-01 15:29:14,468	DEBUG	Command	Status of statement 5 is available.
2025-12-01 15:29:14,468	INFO	EventsHandler	InstanceId: 6c9cd1e9-1dc9-436e-a613-1137ae25c6d4,EventName: notebookStatementExecutionEnd,Timestamp: 2025-12-01 15:29:14.468717,SessionGuid: 37e12af8-0027-497a-9dce-050ae5369c54,LivyKind: pyspark,SessionId: 925,StatementGuid: 0ab7fc01-f85f-404c-99ab-ef2d72a30faf,StatementId: 5,Success: True,ExceptionType: ,ExceptionMessage: 
2025-12-01 15:29:46,846	INFO	EventsHandler	InstanceId: 6c9cd1e9-1dc9-436e-a613-1137ae25c6d4,EventName: notebookStatementExecutionStart,Timestamp: 2025-12-01 15:29:46.846912,SessionGuid: 37e12af8-0027-497a-9dce-050ae5369c54,LivyKind: pyspark,SessionId: 925,StatementGuid: a73b611f-cc0c-498d-9b67-9b1f9da87944
2025-12-01 15:29:46,865	DEBUG	Command	Status of statement 6 is running.
2025-12-01 15:29:47,069	DEBUG	Command	Status of statement 6 is available.
2025-12-01 15:29:47,069	INFO	EventsHandler	InstanceId: 6c9cd1e9-1dc9-436e-a613-1137ae25c6d4,EventName: notebookStatementExecutionEnd,Timestamp: 2025-12-01 15:29:47.069903,SessionGuid: 37e12af8-0027-497a-9dce-050ae5369c54,LivyKind: pyspark,SessionId: 925,StatementGuid: a73b611f-cc0c-498d-9b67-9b1f9da87944,StatementId: 6,Success: True,ExceptionType: ,ExceptionMessage: 
2025-12-01 15:30:01,081	INFO	EventsHandler	InstanceId: 6c9cd1e9-1dc9-436e-a613-1137ae25c6d4,EventName: notebookStatementExecutionStart,Timestamp: 2025-12-01 15:30:01.081322,SessionGuid: 37e12af8-0027-497a-9dce-050ae5369c54,LivyKind: pyspark,SessionId: 925,StatementGuid: 8dff5d27-0031-49d6-8b13-b77d50185f0a
2025-12-01 15:30:01,094	DEBUG	Command	Status of statement 7 is running.
2025-12-01 15:30:01,298	DEBUG	Command	Status of statement 7 is available.
2025-12-01 15:30:01,298	INFO	EventsHandler	InstanceId: 6c9cd1e9-1dc9-436e-a613-1137ae25c6d4,EventName: notebookStatementExecutionEnd,Timestamp: 2025-12-01 15:30:01.298754,SessionGuid: 37e12af8-0027-497a-9dce-050ae5369c54,LivyKind: pyspark,SessionId: 925,StatementGuid: 8dff5d27-0031-49d6-8b13-b77d50185f0a,StatementId: 7,Success: True,ExceptionType: ,ExceptionMessage: 
2025-12-01 15:33:14,143	INFO	EventsHandler	InstanceId: 6c9cd1e9-1dc9-436e-a613-1137ae25c6d4,EventName: notebookStatementExecutionStart,Timestamp: 2025-12-01 15:33:14.143406,SessionGuid: 37e12af8-0027-497a-9dce-050ae5369c54,LivyKind: pyspark,SessionId: 925,StatementGuid: 6b99a834-d9f1-40eb-bac8-648f31bf1274
2025-12-01 15:33:14,165	DEBUG	Command	Status of statement 8 is running.
2025-12-01 15:33:14,368	DEBUG	Command	Status of statement 8 is available.
2025-12-01 15:33:14,369	INFO	EventsHandler	InstanceId: 6c9cd1e9-1dc9-436e-a613-1137ae25c6d4,EventName: notebookStatementExecutionEnd,Timestamp: 2025-12-01 15:33:14.369406,SessionGuid: 37e12af8-0027-497a-9dce-050ae5369c54,LivyKind: pyspark,SessionId: 925,StatementGuid: 6b99a834-d9f1-40eb-bac8-648f31bf1274,StatementId: 8,Success: True,ExceptionType: ,ExceptionMessage: 
2025-12-01 15:33:22,030	INFO	EventsHandler	InstanceId: 6c9cd1e9-1dc9-436e-a613-1137ae25c6d4,EventName: notebookStatementExecutionStart,Timestamp: 2025-12-01 15:33:22.030332,SessionGuid: 37e12af8-0027-497a-9dce-050ae5369c54,LivyKind: pyspark,SessionId: 925,StatementGuid: e92727e6-2b41-4330-aaa0-e9f487d4206f
2025-12-01 15:33:22,043	DEBUG	Command	Status of statement 9 is running.
2025-12-01 15:33:22,247	DEBUG	Command	Status of statement 9 is available.
2025-12-01 15:33:22,247	INFO	EventsHandler	InstanceId: 6c9cd1e9-1dc9-436e-a613-1137ae25c6d4,EventName: notebookStatementExecutionEnd,Timestamp: 2025-12-01 15:33:22.247559,SessionGuid: 37e12af8-0027-497a-9dce-050ae5369c54,LivyKind: pyspark,SessionId: 925,StatementGuid: e92727e6-2b41-4330-aaa0-e9f487d4206f,StatementId: 9,Success: True,ExceptionType: ,ExceptionMessage: 
2025-12-01 15:33:49,742	INFO	EventsHandler	InstanceId: 6c9cd1e9-1dc9-436e-a613-1137ae25c6d4,EventName: notebookStatementExecutionStart,Timestamp: 2025-12-01 15:33:49.742507,SessionGuid: 37e12af8-0027-497a-9dce-050ae5369c54,LivyKind: pyspark,SessionId: 925,StatementGuid: e6ded844-0024-4544-87f3-534fed7f285a
2025-12-01 15:33:49,755	DEBUG	Command	Status of statement 10 is running.
2025-12-01 15:33:49,959	DEBUG	Command	Status of statement 10 is running.
2025-12-01 15:33:50,464	DEBUG	Command	Status of statement 10 is running.
2025-12-01 15:33:50,968	DEBUG	Command	Status of statement 10 is running.
2025-12-01 15:33:51,973	DEBUG	Command	Status of statement 10 is running.
2025-12-01 15:33:52,978	DEBUG	Command	Status of statement 10 is running.
2025-12-01 15:33:54,984	DEBUG	Command	Status of statement 10 is running.
2025-12-01 15:33:56,990	DEBUG	Command	Status of statement 10 is running.
2025-12-01 15:33:58,996	DEBUG	Command	Status of statement 10 is running.
2025-12-01 15:34:01,002	DEBUG	Command	Status of statement 10 is running.
2025-12-01 15:34:03,008	DEBUG	Command	Status of statement 10 is running.
2025-12-01 15:34:05,014	DEBUG	Command	Status of statement 10 is running.
2025-12-01 15:34:07,020	DEBUG	Command	Status of statement 10 is running.
2025-12-01 15:34:09,026	DEBUG	Command	Status of statement 10 is running.
2025-12-01 15:34:11,033	DEBUG	Command	Status of statement 10 is available.
2025-12-01 15:34:11,033	INFO	EventsHandler	InstanceId: 6c9cd1e9-1dc9-436e-a613-1137ae25c6d4,EventName: notebookStatementExecutionEnd,Timestamp: 2025-12-01 15:34:11.033817,SessionGuid: 37e12af8-0027-497a-9dce-050ae5369c54,LivyKind: pyspark,SessionId: 925,StatementGuid: e6ded844-0024-4544-87f3-534fed7f285a,StatementId: 10,Success: True,ExceptionType: ,ExceptionMessage: 
2025-12-01 15:39:20,906	INFO	EventsHandler	InstanceId: 6c9cd1e9-1dc9-436e-a613-1137ae25c6d4,EventName: notebookStatementExecutionStart,Timestamp: 2025-12-01 15:39:20.906726,SessionGuid: 37e12af8-0027-497a-9dce-050ae5369c54,LivyKind: pyspark,SessionId: 925,StatementGuid: 2544bb36-eae9-4918-b4ba-d33076013341
2025-12-01 15:39:20,924	DEBUG	Command	Status of statement 11 is running.
2025-12-01 15:39:21,128	DEBUG	Command	Status of statement 11 is running.
2025-12-01 15:39:21,632	DEBUG	Command	Status of statement 11 is running.
2025-12-01 15:39:22,136	DEBUG	Command	Status of statement 11 is running.
2025-12-01 15:39:23,141	DEBUG	Command	Status of statement 11 is running.
2025-12-01 15:39:24,145	DEBUG	Command	Status of statement 11 is running.
2025-12-01 15:39:26,149	DEBUG	Command	Status of statement 11 is running.
2025-12-01 15:39:28,155	DEBUG	Command	Status of statement 11 is running.
2025-12-01 15:39:30,160	DEBUG	Command	Status of statement 11 is running.
2025-12-01 15:39:32,166	DEBUG	Command	Status of statement 11 is running.
2025-12-01 15:39:34,172	DEBUG	Command	Status of statement 11 is running.
2025-12-01 15:39:36,178	DEBUG	Command	Status of statement 11 is running.
2025-12-01 15:39:38,185	DEBUG	Command	Status of statement 11 is running.
2025-12-01 15:39:40,190	DEBUG	Command	Status of statement 11 is running.
2025-12-01 15:39:42,195	DEBUG	Command	Status of statement 11 is available.
2025-12-01 15:39:42,196	INFO	EventsHandler	InstanceId: 6c9cd1e9-1dc9-436e-a613-1137ae25c6d4,EventName: notebookStatementExecutionEnd,Timestamp: 2025-12-01 15:39:42.196366,SessionGuid: 37e12af8-0027-497a-9dce-050ae5369c54,LivyKind: pyspark,SessionId: 925,StatementGuid: 2544bb36-eae9-4918-b4ba-d33076013341,StatementId: 11,Success: True,ExceptionType: ,ExceptionMessage: 
2025-12-01 15:40:10,981	INFO	EventsHandler	InstanceId: 6c9cd1e9-1dc9-436e-a613-1137ae25c6d4,EventName: notebookStatementExecutionStart,Timestamp: 2025-12-01 15:40:10.981305,SessionGuid: 37e12af8-0027-497a-9dce-050ae5369c54,LivyKind: pyspark,SessionId: 925,StatementGuid: 3fbbf86c-135a-4b1d-85e3-a3ffab20f6e6
2025-12-01 15:40:10,994	DEBUG	Command	Status of statement 12 is available.
2025-12-01 15:40:10,995	INFO	EventsHandler	InstanceId: 6c9cd1e9-1dc9-436e-a613-1137ae25c6d4,EventName: notebookStatementExecutionEnd,Timestamp: 2025-12-01 15:40:10.995218,SessionGuid: 37e12af8-0027-497a-9dce-050ae5369c54,LivyKind: pyspark,SessionId: 925,StatementGuid: 3fbbf86c-135a-4b1d-85e3-a3ffab20f6e6,StatementId: 12,Success: True,ExceptionType: ,ExceptionMessage: 
2025-12-01 15:40:19,590	INFO	EventsHandler	InstanceId: 6c9cd1e9-1dc9-436e-a613-1137ae25c6d4,EventName: notebookStatementExecutionStart,Timestamp: 2025-12-01 15:40:19.590706,SessionGuid: 37e12af8-0027-497a-9dce-050ae5369c54,LivyKind: pyspark,SessionId: 925,StatementGuid: 7c357f1b-c0a6-48e3-9e18-152c8d71a6c6
2025-12-01 15:40:19,603	DEBUG	Command	Status of statement 13 is available.
2025-12-01 15:40:19,603	INFO	EventsHandler	InstanceId: 6c9cd1e9-1dc9-436e-a613-1137ae25c6d4,EventName: notebookStatementExecutionEnd,Timestamp: 2025-12-01 15:40:19.603483,SessionGuid: 37e12af8-0027-497a-9dce-050ae5369c54,LivyKind: pyspark,SessionId: 925,StatementGuid: 7c357f1b-c0a6-48e3-9e18-152c8d71a6c6,StatementId: 13,Success: True,ExceptionType: ,ExceptionMessage: 
2025-12-01 15:40:36,892	INFO	EventsHandler	InstanceId: 6c9cd1e9-1dc9-436e-a613-1137ae25c6d4,EventName: notebookStatementExecutionStart,Timestamp: 2025-12-01 15:40:36.892451,SessionGuid: 37e12af8-0027-497a-9dce-050ae5369c54,LivyKind: pyspark,SessionId: 925,StatementGuid: 5d3b9887-06eb-4b8c-a21c-9bc41e0e01f2
2025-12-01 15:40:36,905	DEBUG	Command	Status of statement 14 is running.
2025-12-01 15:40:37,109	DEBUG	Command	Status of statement 14 is running.
2025-12-01 15:40:37,613	DEBUG	Command	Status of statement 14 is running.
2025-12-01 15:40:38,118	DEBUG	Command	Status of statement 14 is running.
2025-12-01 15:40:39,122	DEBUG	Command	Status of statement 14 is running.
2025-12-01 15:40:40,127	DEBUG	Command	Status of statement 14 is running.
2025-12-01 15:40:42,133	DEBUG	Command	Status of statement 14 is running.
2025-12-01 15:40:44,139	DEBUG	Command	Status of statement 14 is running.
2025-12-01 15:40:46,144	DEBUG	Command	Status of statement 14 is running.
2025-12-01 15:40:48,150	DEBUG	Command	Status of statement 14 is available.
2025-12-01 15:40:48,151	INFO	EventsHandler	InstanceId: 6c9cd1e9-1dc9-436e-a613-1137ae25c6d4,EventName: notebookStatementExecutionEnd,Timestamp: 2025-12-01 15:40:48.151207,SessionGuid: 37e12af8-0027-497a-9dce-050ae5369c54,LivyKind: pyspark,SessionId: 925,StatementGuid: 5d3b9887-06eb-4b8c-a21c-9bc41e0e01f2,StatementId: 14,Success: True,ExceptionType: ,ExceptionMessage: 
2025-12-01 15:43:07,947	INFO	EventsHandler	InstanceId: 6c9cd1e9-1dc9-436e-a613-1137ae25c6d4,EventName: notebookStatementExecutionStart,Timestamp: 2025-12-01 15:43:07.947128,SessionGuid: 37e12af8-0027-497a-9dce-050ae5369c54,LivyKind: pyspark,SessionId: 925,StatementGuid: 7aad38f2-e7bf-4666-96bc-da9c822c41f1
2025-12-01 15:43:07,965	DEBUG	Command	Status of statement 15 is running.
2025-12-01 15:43:08,169	DEBUG	Command	Status of statement 15 is running.
2025-12-01 15:43:08,675	DEBUG	Command	Status of statement 15 is running.
2025-12-01 15:43:09,179	DEBUG	Command	Status of statement 15 is running.
2025-12-01 15:43:10,184	DEBUG	Command	Status of statement 15 is running.
2025-12-01 15:43:11,189	DEBUG	Command	Status of statement 15 is running.
2025-12-01 15:43:13,195	DEBUG	Command	Status of statement 15 is running.
2025-12-01 15:43:15,201	DEBUG	Command	Status of statement 15 is running.
2025-12-01 15:43:17,207	DEBUG	Command	Status of statement 15 is running.
2025-12-01 15:43:19,212	DEBUG	Command	Status of statement 15 is running.
2025-12-01 15:43:21,218	DEBUG	Command	Status of statement 15 is running.
2025-12-01 15:43:23,224	DEBUG	Command	Status of statement 15 is running.
2025-12-01 15:43:25,230	DEBUG	Command	Status of statement 15 is running.
2025-12-01 15:43:27,236	DEBUG	Command	Status of statement 15 is available.
2025-12-01 15:43:27,236	INFO	EventsHandler	InstanceId: 6c9cd1e9-1dc9-436e-a613-1137ae25c6d4,EventName: notebookStatementExecutionEnd,Timestamp: 2025-12-01 15:43:27.236779,SessionGuid: 37e12af8-0027-497a-9dce-050ae5369c54,LivyKind: pyspark,SessionId: 925,StatementGuid: 7aad38f2-e7bf-4666-96bc-da9c822c41f1,StatementId: 15,Success: True,ExceptionType: ,ExceptionMessage: 
2025-12-01 15:43:42,170	INFO	EventsHandler	InstanceId: 6c9cd1e9-1dc9-436e-a613-1137ae25c6d4,EventName: notebookStatementExecutionStart,Timestamp: 2025-12-01 15:43:42.170172,SessionGuid: 37e12af8-0027-497a-9dce-050ae5369c54,LivyKind: pyspark,SessionId: 925,StatementGuid: 48e88534-e6df-4926-a179-1030dd183547
2025-12-01 15:43:42,186	DEBUG	Command	Status of statement 16 is running.
2025-12-01 15:43:42,390	DEBUG	Command	Status of statement 16 is available.
2025-12-01 15:43:42,390	INFO	EventsHandler	InstanceId: 6c9cd1e9-1dc9-436e-a613-1137ae25c6d4,EventName: notebookStatementExecutionEnd,Timestamp: 2025-12-01 15:43:42.390527,SessionGuid: 37e12af8-0027-497a-9dce-050ae5369c54,LivyKind: pyspark,SessionId: 925,StatementGuid: 48e88534-e6df-4926-a179-1030dd183547,StatementId: 16,Success: True,ExceptionType: ,ExceptionMessage: 
2025-12-01 15:43:53,191	INFO	EventsHandler	InstanceId: 6c9cd1e9-1dc9-436e-a613-1137ae25c6d4,EventName: notebookStatementExecutionStart,Timestamp: 2025-12-01 15:43:53.191448,SessionGuid: 37e12af8-0027-497a-9dce-050ae5369c54,LivyKind: pyspark,SessionId: 925,StatementGuid: 5e0fa161-cc06-4df6-9168-12acf54cf5c3
2025-12-01 15:43:53,205	DEBUG	Command	Status of statement 17 is running.
2025-12-01 15:43:53,410	DEBUG	Command	Status of statement 17 is available.
2025-12-01 15:43:53,410	INFO	EventsHandler	InstanceId: 6c9cd1e9-1dc9-436e-a613-1137ae25c6d4,EventName: notebookStatementExecutionEnd,Timestamp: 2025-12-01 15:43:53.410614,SessionGuid: 37e12af8-0027-497a-9dce-050ae5369c54,LivyKind: pyspark,SessionId: 925,StatementGuid: 5e0fa161-cc06-4df6-9168-12acf54cf5c3,StatementId: 17,Success: True,ExceptionType: ,ExceptionMessage: 
2025-12-01 15:45:39,258	INFO	EventsHandler	InstanceId: 6c9cd1e9-1dc9-436e-a613-1137ae25c6d4,EventName: notebookStatementExecutionStart,Timestamp: 2025-12-01 15:45:39.258667,SessionGuid: 37e12af8-0027-497a-9dce-050ae5369c54,LivyKind: pyspark,SessionId: 925,StatementGuid: 1d345e01-96b6-45a8-a55c-ac83aa124ff6
2025-12-01 15:45:39,278	DEBUG	Command	Status of statement 18 is running.
2025-12-01 15:45:39,482	DEBUG	Command	Status of statement 18 is available.
2025-12-01 15:45:39,483	INFO	EventsHandler	InstanceId: 6c9cd1e9-1dc9-436e-a613-1137ae25c6d4,EventName: notebookStatementExecutionEnd,Timestamp: 2025-12-01 15:45:39.483053,SessionGuid: 37e12af8-0027-497a-9dce-050ae5369c54,LivyKind: pyspark,SessionId: 925,StatementGuid: 1d345e01-96b6-45a8-a55c-ac83aa124ff6,StatementId: 18,Success: True,ExceptionType: ,ExceptionMessage: 
2025-12-01 15:45:58,762	INFO	EventsHandler	InstanceId: 6c9cd1e9-1dc9-436e-a613-1137ae25c6d4,EventName: notebookStatementExecutionStart,Timestamp: 2025-12-01 15:45:58.762055,SessionGuid: 37e12af8-0027-497a-9dce-050ae5369c54,LivyKind: pyspark,SessionId: 925,StatementGuid: 7f62b979-63ce-4da5-a8f2-9637728a883f
2025-12-01 15:45:58,775	DEBUG	Command	Status of statement 19 is running.
2025-12-01 15:45:58,979	DEBUG	Command	Status of statement 19 is available.
2025-12-01 15:45:58,980	INFO	EventsHandler	InstanceId: 6c9cd1e9-1dc9-436e-a613-1137ae25c6d4,EventName: notebookStatementExecutionEnd,Timestamp: 2025-12-01 15:45:58.980397,SessionGuid: 37e12af8-0027-497a-9dce-050ae5369c54,LivyKind: pyspark,SessionId: 925,StatementGuid: 7f62b979-63ce-4da5-a8f2-9637728a883f,StatementId: 19,Success: True,ExceptionType: ,ExceptionMessage: 
2025-12-01 15:47:56,026	INFO	EventsHandler	InstanceId: 6c9cd1e9-1dc9-436e-a613-1137ae25c6d4,EventName: notebookStatementExecutionStart,Timestamp: 2025-12-01 15:47:56.026414,SessionGuid: 37e12af8-0027-497a-9dce-050ae5369c54,LivyKind: pyspark,SessionId: 925,StatementGuid: da4003d2-21c0-4e02-a182-0a38448a169f
2025-12-01 15:47:56,043	DEBUG	Command	Status of statement 20 is running.
2025-12-01 15:47:56,247	DEBUG	Command	Status of statement 20 is available.
2025-12-01 15:47:56,248	INFO	EventsHandler	InstanceId: 6c9cd1e9-1dc9-436e-a613-1137ae25c6d4,EventName: notebookStatementExecutionEnd,Timestamp: 2025-12-01 15:47:56.248315,SessionGuid: 37e12af8-0027-497a-9dce-050ae5369c54,LivyKind: pyspark,SessionId: 925,StatementGuid: da4003d2-21c0-4e02-a182-0a38448a169f,StatementId: 20,Success: True,ExceptionType: ,ExceptionMessage: 
2025-12-01 15:48:08,887	INFO	EventsHandler	InstanceId: 6c9cd1e9-1dc9-436e-a613-1137ae25c6d4,EventName: notebookStatementExecutionStart,Timestamp: 2025-12-01 15:48:08.887479,SessionGuid: 37e12af8-0027-497a-9dce-050ae5369c54,LivyKind: pyspark,SessionId: 925,StatementGuid: a4a037ab-f06b-491b-9fa4-c58d9e56e251
2025-12-01 15:48:08,902	DEBUG	Command	Status of statement 21 is running.
2025-12-01 15:48:09,108	DEBUG	Command	Status of statement 21 is running.
2025-12-01 15:48:09,613	DEBUG	Command	Status of statement 21 is running.
2025-12-01 15:48:10,118	DEBUG	Command	Status of statement 21 is running.
2025-12-01 15:48:11,122	DEBUG	Command	Status of statement 21 is running.
2025-12-01 15:48:12,127	DEBUG	Command	Status of statement 21 is running.
2025-12-01 15:48:14,133	DEBUG	Command	Status of statement 21 is running.
2025-12-01 15:48:16,139	DEBUG	Command	Status of statement 21 is running.
2025-12-01 15:48:18,145	DEBUG	Command	Status of statement 21 is running.
2025-12-01 15:48:20,151	DEBUG	Command	Status of statement 21 is running.
2025-12-01 15:48:22,156	DEBUG	Command	Status of statement 21 is running.
2025-12-01 15:48:24,162	DEBUG	Command	Status of statement 21 is running.
2025-12-01 15:48:26,168	DEBUG	Command	Status of statement 21 is running.
2025-12-01 15:48:28,174	DEBUG	Command	Status of statement 21 is running.
2025-12-01 15:48:30,180	DEBUG	Command	Status of statement 21 is running.
2025-12-01 15:48:32,186	DEBUG	Command	Status of statement 21 is available.
2025-12-01 15:48:32,187	INFO	EventsHandler	InstanceId: 6c9cd1e9-1dc9-436e-a613-1137ae25c6d4,EventName: notebookStatementExecutionEnd,Timestamp: 2025-12-01 15:48:32.187014,SessionGuid: 37e12af8-0027-497a-9dce-050ae5369c54,LivyKind: pyspark,SessionId: 925,StatementGuid: a4a037ab-f06b-491b-9fa4-c58d9e56e251,StatementId: 21,Success: True,ExceptionType: ,ExceptionMessage: 
2025-12-01 15:49:18,724	INFO	EventsHandler	InstanceId: 6c9cd1e9-1dc9-436e-a613-1137ae25c6d4,EventName: notebookStatementExecutionStart,Timestamp: 2025-12-01 15:49:18.724773,SessionGuid: 37e12af8-0027-497a-9dce-050ae5369c54,LivyKind: pyspark,SessionId: 925,StatementGuid: 90a78f2e-741c-483d-86a9-e5ae795dfee3
2025-12-01 15:49:18,741	DEBUG	Command	Status of statement 22 is running.
2025-12-01 15:49:18,944	DEBUG	Command	Status of statement 22 is running.
2025-12-01 15:49:19,449	DEBUG	Command	Status of statement 22 is running.
2025-12-01 15:49:19,953	DEBUG	Command	Status of statement 22 is running.
2025-12-01 15:49:20,958	DEBUG	Command	Status of statement 22 is running.
2025-12-01 15:49:21,962	DEBUG	Command	Status of statement 22 is running.
2025-12-01 15:49:23,967	DEBUG	Command	Status of statement 22 is running.
2025-12-01 15:49:25,973	DEBUG	Command	Status of statement 22 is running.
2025-12-01 15:49:27,978	DEBUG	Command	Status of statement 22 is running.
2025-12-01 15:49:29,982	DEBUG	Command	Status of statement 22 is available.
2025-12-01 15:49:29,982	INFO	EventsHandler	InstanceId: 6c9cd1e9-1dc9-436e-a613-1137ae25c6d4,EventName: notebookStatementExecutionEnd,Timestamp: 2025-12-01 15:49:29.982843,SessionGuid: 37e12af8-0027-497a-9dce-050ae5369c54,LivyKind: pyspark,SessionId: 925,StatementGuid: 90a78f2e-741c-483d-86a9-e5ae795dfee3,StatementId: 22,Success: True,ExceptionType: ,ExceptionMessage: 
2025-12-01 15:50:44,441	INFO	EventsHandler	InstanceId: 6c9cd1e9-1dc9-436e-a613-1137ae25c6d4,EventName: notebookStatementExecutionStart,Timestamp: 2025-12-01 15:50:44.441624,SessionGuid: 37e12af8-0027-497a-9dce-050ae5369c54,LivyKind: pyspark,SessionId: 925,StatementGuid: 9ddf4bb6-c620-4568-aa58-671b656c8d47
2025-12-01 15:50:44,459	DEBUG	Command	Status of statement 23 is running.
2025-12-01 15:50:44,663	DEBUG	Command	Status of statement 23 is available.
2025-12-01 15:50:44,664	INFO	EventsHandler	InstanceId: 6c9cd1e9-1dc9-436e-a613-1137ae25c6d4,EventName: notebookStatementExecutionEnd,Timestamp: 2025-12-01 15:50:44.664405,SessionGuid: 37e12af8-0027-497a-9dce-050ae5369c54,LivyKind: pyspark,SessionId: 925,StatementGuid: 9ddf4bb6-c620-4568-aa58-671b656c8d47,StatementId: 23,Success: True,ExceptionType: ,ExceptionMessage: 
2025-12-01 15:50:53,445	INFO	EventsHandler	InstanceId: 6c9cd1e9-1dc9-436e-a613-1137ae25c6d4,EventName: notebookStatementExecutionStart,Timestamp: 2025-12-01 15:50:53.445623,SessionGuid: 37e12af8-0027-497a-9dce-050ae5369c54,LivyKind: pyspark,SessionId: 925,StatementGuid: 7a4cd13d-3cbb-498e-ae63-e995ba1f7d26
2025-12-01 15:50:53,458	DEBUG	Command	Status of statement 24 is running.
2025-12-01 15:50:53,662	DEBUG	Command	Status of statement 24 is running.
2025-12-01 15:50:54,166	DEBUG	Command	Status of statement 24 is running.
2025-12-01 15:50:54,670	DEBUG	Command	Status of statement 24 is running.
2025-12-01 15:50:55,675	DEBUG	Command	Status of statement 24 is running.
2025-12-01 15:50:56,680	DEBUG	Command	Status of statement 24 is running.
2025-12-01 15:50:58,685	DEBUG	Command	Status of statement 24 is running.
2025-12-01 15:51:00,691	DEBUG	Command	Status of statement 24 is running.
2025-12-01 15:51:02,697	DEBUG	Command	Status of statement 24 is running.
2025-12-01 15:51:04,703	DEBUG	Command	Status of statement 24 is running.
2025-12-01 15:51:06,711	DEBUG	Command	Status of statement 24 is running.
2025-12-01 15:51:08,717	DEBUG	Command	Status of statement 24 is running.
2025-12-01 15:51:10,723	DEBUG	Command	Status of statement 24 is running.
2025-12-01 15:51:12,729	DEBUG	Command	Status of statement 24 is running.
2025-12-01 15:51:14,735	DEBUG	Command	Status of statement 24 is running.
2025-12-01 15:51:16,741	DEBUG	Command	Status of statement 24 is available.
2025-12-01 15:51:16,741	INFO	EventsHandler	InstanceId: 6c9cd1e9-1dc9-436e-a613-1137ae25c6d4,EventName: notebookStatementExecutionEnd,Timestamp: 2025-12-01 15:51:16.741686,SessionGuid: 37e12af8-0027-497a-9dce-050ae5369c54,LivyKind: pyspark,SessionId: 925,StatementGuid: 7a4cd13d-3cbb-498e-ae63-e995ba1f7d26,StatementId: 24,Success: True,ExceptionType: ,ExceptionMessage: 
2025-12-01 15:51:16,756	INFO	EventsHandler	InstanceId: 6c9cd1e9-1dc9-436e-a613-1137ae25c6d4,EventName: notebookStatementExecutionStart,Timestamp: 2025-12-01 15:51:16.756531,SessionGuid: 37e12af8-0027-497a-9dce-050ae5369c54,LivyKind: pyspark,SessionId: 925,StatementGuid: 1b85c514-ca89-4378-9b56-9308e029db08
2025-12-01 15:51:16,769	DEBUG	Command	Status of statement 25 is running.
2025-12-01 15:51:16,973	DEBUG	Command	Status of statement 25 is running.
2025-12-01 15:51:17,477	DEBUG	Command	Status of statement 25 is running.
2025-12-01 15:51:17,982	DEBUG	Command	Status of statement 25 is running.
2025-12-01 15:51:18,989	DEBUG	Command	Status of statement 25 is running.
2025-12-01 15:51:19,993	DEBUG	Command	Status of statement 25 is running.
2025-12-01 15:51:21,999	DEBUG	Command	Status of statement 25 is running.
2025-12-01 15:51:24,005	DEBUG	Command	Status of statement 25 is running.
2025-12-01 15:51:26,010	DEBUG	Command	Status of statement 25 is running.
2025-12-01 15:51:28,016	DEBUG	Command	Status of statement 25 is available.
2025-12-01 15:51:28,017	INFO	EventsHandler	InstanceId: 6c9cd1e9-1dc9-436e-a613-1137ae25c6d4,EventName: notebookStatementExecutionEnd,Timestamp: 2025-12-01 15:51:28.017254,SessionGuid: 37e12af8-0027-497a-9dce-050ae5369c54,LivyKind: pyspark,SessionId: 925,StatementGuid: 1b85c514-ca89-4378-9b56-9308e029db08,StatementId: 25,Success: True,ExceptionType: ,ExceptionMessage: 
2025-12-01 15:51:28,028	INFO	EventsHandler	InstanceId: 6c9cd1e9-1dc9-436e-a613-1137ae25c6d4,EventName: notebookStatementExecutionStart,Timestamp: 2025-12-01 15:51:28.028086,SessionGuid: 37e12af8-0027-497a-9dce-050ae5369c54,LivyKind: pyspark,SessionId: 925,StatementGuid: 83d4cf56-9373-45e3-b5bf-4e8697b15635
2025-12-01 15:51:28,040	DEBUG	Command	Status of statement 26 is running.
2025-12-01 15:51:28,244	DEBUG	Command	Status of statement 26 is running.
2025-12-01 15:51:28,748	DEBUG	Command	Status of statement 26 is running.
2025-12-01 15:51:29,252	DEBUG	Command	Status of statement 26 is running.
2025-12-01 15:51:30,256	DEBUG	Command	Status of statement 26 is running.
2025-12-01 15:51:31,261	DEBUG	Command	Status of statement 26 is running.
2025-12-01 15:51:33,267	DEBUG	Command	Status of statement 26 is running.
2025-12-01 15:51:35,272	DEBUG	Command	Status of statement 26 is running.
2025-12-01 15:51:37,278	DEBUG	Command	Status of statement 26 is available.
2025-12-01 15:51:37,278	INFO	EventsHandler	InstanceId: 6c9cd1e9-1dc9-436e-a613-1137ae25c6d4,EventName: notebookStatementExecutionEnd,Timestamp: 2025-12-01 15:51:37.278532,SessionGuid: 37e12af8-0027-497a-9dce-050ae5369c54,LivyKind: pyspark,SessionId: 925,StatementGuid: 83d4cf56-9373-45e3-b5bf-4e8697b15635,StatementId: 26,Success: True,ExceptionType: ,ExceptionMessage: 
2025-12-01 15:51:37,289	INFO	EventsHandler	InstanceId: 6c9cd1e9-1dc9-436e-a613-1137ae25c6d4,EventName: notebookStatementExecutionStart,Timestamp: 2025-12-01 15:51:37.289622,SessionGuid: 37e12af8-0027-497a-9dce-050ae5369c54,LivyKind: pyspark,SessionId: 925,StatementGuid: 2ef6b162-4398-4deb-87da-7be81e2a99ab
2025-12-01 15:51:37,305	DEBUG	Command	Status of statement 27 is running.
2025-12-01 15:51:37,508	DEBUG	Command	Status of statement 27 is running.
2025-12-01 15:51:38,013	DEBUG	Command	Status of statement 27 is running.
2025-12-01 15:51:38,517	DEBUG	Command	Status of statement 27 is running.
2025-12-01 15:51:39,523	DEBUG	Command	Status of statement 27 is running.
2025-12-01 15:51:40,528	DEBUG	Command	Status of statement 27 is running.
2025-12-01 15:51:42,534	DEBUG	Command	Status of statement 27 is running.
2025-12-01 15:51:44,539	DEBUG	Command	Status of statement 27 is running.
2025-12-01 15:51:46,545	DEBUG	Command	Status of statement 27 is running.
2025-12-01 15:51:48,551	DEBUG	Command	Status of statement 27 is available.
2025-12-01 15:51:48,551	INFO	EventsHandler	InstanceId: 6c9cd1e9-1dc9-436e-a613-1137ae25c6d4,EventName: notebookStatementExecutionEnd,Timestamp: 2025-12-01 15:51:48.551672,SessionGuid: 37e12af8-0027-497a-9dce-050ae5369c54,LivyKind: pyspark,SessionId: 925,StatementGuid: 2ef6b162-4398-4deb-87da-7be81e2a99ab,StatementId: 27,Success: True,ExceptionType: ,ExceptionMessage: 
2025-12-01 15:51:48,560	INFO	EventsHandler	InstanceId: 6c9cd1e9-1dc9-436e-a613-1137ae25c6d4,EventName: notebookStatementExecutionStart,Timestamp: 2025-12-01 15:51:48.559962,SessionGuid: 37e12af8-0027-497a-9dce-050ae5369c54,LivyKind: pyspark,SessionId: 925,StatementGuid: 21e59229-9ba9-40fd-821d-1357df09ca31
2025-12-01 15:51:48,572	DEBUG	Command	Status of statement 28 is running.
2025-12-01 15:51:48,775	DEBUG	Command	Status of statement 28 is running.
2025-12-01 15:51:49,280	DEBUG	Command	Status of statement 28 is running.
2025-12-01 15:51:49,784	DEBUG	Command	Status of statement 28 is running.
2025-12-01 15:51:50,789	DEBUG	Command	Status of statement 28 is running.
2025-12-01 15:51:51,793	DEBUG	Command	Status of statement 28 is running.
2025-12-01 15:51:53,799	DEBUG	Command	Status of statement 28 is running.
2025-12-01 15:51:55,805	DEBUG	Command	Status of statement 28 is running.
2025-12-01 15:51:57,810	DEBUG	Command	Status of statement 28 is available.
2025-12-01 15:51:57,811	INFO	EventsHandler	InstanceId: 6c9cd1e9-1dc9-436e-a613-1137ae25c6d4,EventName: notebookStatementExecutionEnd,Timestamp: 2025-12-01 15:51:57.811292,SessionGuid: 37e12af8-0027-497a-9dce-050ae5369c54,LivyKind: pyspark,SessionId: 925,StatementGuid: 21e59229-9ba9-40fd-821d-1357df09ca31,StatementId: 28,Success: True,ExceptionType: ,ExceptionMessage: 
2025-12-01 15:52:08,853	INFO	EventsHandler	InstanceId: 6c9cd1e9-1dc9-436e-a613-1137ae25c6d4,EventName: notebookStatementExecutionStart,Timestamp: 2025-12-01 15:52:08.853099,SessionGuid: 37e12af8-0027-497a-9dce-050ae5369c54,LivyKind: pyspark,SessionId: 925,StatementGuid: efbd5e6c-d7b0-4743-8c00-ec75da3b93dc
2025-12-01 15:52:08,869	DEBUG	Command	Status of statement 29 is running.
2025-12-01 15:52:09,073	DEBUG	Command	Status of statement 29 is running.
2025-12-01 15:52:09,577	DEBUG	Command	Status of statement 29 is running.
2025-12-01 15:52:10,081	DEBUG	Command	Status of statement 29 is running.
2025-12-01 15:52:11,086	DEBUG	Command	Status of statement 29 is running.
2025-12-01 15:52:12,091	DEBUG	Command	Status of statement 29 is running.
2025-12-01 15:52:14,095	DEBUG	Command	Status of statement 29 is running.
2025-12-01 15:52:16,101	DEBUG	Command	Status of statement 29 is running.
2025-12-01 15:52:18,107	DEBUG	Command	Status of statement 29 is available.
2025-12-01 15:52:18,108	INFO	EventsHandler	InstanceId: 6c9cd1e9-1dc9-436e-a613-1137ae25c6d4,EventName: notebookStatementExecutionEnd,Timestamp: 2025-12-01 15:52:18.107974,SessionGuid: 37e12af8-0027-497a-9dce-050ae5369c54,LivyKind: pyspark,SessionId: 925,StatementGuid: efbd5e6c-d7b0-4743-8c00-ec75da3b93dc,StatementId: 29,Success: True,ExceptionType: ,ExceptionMessage: 
2025-12-01 21:12:54,303	INFO	EventsHandler	InstanceId: 6c9cd1e9-1dc9-436e-a613-1137ae25c6d4,EventName: notebookMagicExecutionStart,Timestamp: 2025-12-01 21:12:54.303694,MagicName: configure,LivyKind: pyspark,MagicGuid: f99ea7a8-0a19-478a-bb24-da9a631584d2
2025-12-01 21:12:54,305	INFO	EventsHandler	InstanceId: 6c9cd1e9-1dc9-436e-a613-1137ae25c6d4,EventName: notebookSessionDeletionStart,Timestamp: 2025-12-01 21:12:54.305034,SessionGuid: 37e12af8-0027-497a-9dce-050ae5369c54,LivyKind: pyspark,SessionId: 925,Status: idle
2025-12-01 21:12:54,305	DEBUG	LivySession	Deleting session '925'
2025-12-01 21:12:54,927	INFO	EventsHandler	InstanceId: 6c9cd1e9-1dc9-436e-a613-1137ae25c6d4,EventName: notebookSessionDeletionEnd,Timestamp: 2025-12-01 21:12:54.927694,SessionGuid: 37e12af8-0027-497a-9dce-050ae5369c54,LivyKind: pyspark,SessionId: 925,Status: dead,Success: True,ExceptionType: ,ExceptionMessage: 
2025-12-01 21:12:54,928	INFO	EventsHandler	InstanceId: 6c9cd1e9-1dc9-436e-a613-1137ae25c6d4,EventName: notebookSessionCreationStart,Timestamp: 2025-12-01 21:12:54.928727,SessionGuid: 277a697d-6ae1-4b43-89c9-b409cb5ee452,LivyKind: pyspark
2025-12-01 21:12:54,941	DEBUG	LivySession	Session 952 in state starting. Sleeping 0.2 seconds.
2025-12-01 21:12:55,144	DEBUG	LivySession	Session 952 in state starting. Sleeping 0.5 seconds.
2025-12-01 21:12:55,647	DEBUG	LivySession	Session 952 in state starting. Sleeping 0.5 seconds.
2025-12-01 21:12:56,150	DEBUG	LivySession	Session 952 in state starting. Sleeping 1 seconds.
2025-12-01 21:12:57,154	DEBUG	LivySession	Session 952 in state starting. Sleeping 1 seconds.
2025-12-01 21:12:58,158	DEBUG	LivySession	Session 952 in state starting. Sleeping 2 seconds.
2025-12-01 21:13:00,162	DEBUG	LivySession	Session 952 in state starting. Sleeping 2 seconds.
2025-12-01 21:13:02,167	DEBUG	LivySession	Session 952 in state starting. Sleeping 2 seconds.
2025-12-01 21:13:04,172	DEBUG	LivySession	Session 952 in state starting. Sleeping 2 seconds.
2025-12-01 21:13:06,176	DEBUG	LivySession	Session 952 in state starting. Sleeping 2 seconds.
2025-12-01 21:13:08,181	DEBUG	LivySession	Session 952 in state starting. Sleeping 2 seconds.
2025-12-01 21:13:10,184	DEBUG	LivySession	Session 952 in state starting. Sleeping 2 seconds.
2025-12-01 21:13:12,189	DEBUG	LivySession	Session 952 in state starting. Sleeping 2 seconds.
2025-12-01 21:13:14,193	DEBUG	LivySession	Session 952 in state starting. Sleeping 2 seconds.
2025-12-01 21:13:16,198	DEBUG	LivySession	Session 952 in state starting. Sleeping 2 seconds.
2025-12-01 21:13:18,202	DEBUG	LivySession	Session 952 in state starting. Sleeping 2 seconds.
2025-12-01 21:13:20,206	DEBUG	LivySession	Session 952 in state starting. Sleeping 2 seconds.
2025-12-01 21:13:22,211	DEBUG	LivySession	Session 952 in state starting. Sleeping 2 seconds.
2025-12-01 21:13:22,707	INFO	EventsHandler	InstanceId: 6c9cd1e9-1dc9-436e-a613-1137ae25c6d4,EventName: notebookSessionDeletionStart,Timestamp: 2025-12-01 21:13:22.707343,SessionGuid: 277a697d-6ae1-4b43-89c9-b409cb5ee452,LivyKind: pyspark,SessionId: 952,Status: starting
2025-12-01 21:13:22,707	DEBUG	LivySession	Deleting session '952'
2025-12-01 21:13:22,773	INFO	EventsHandler	InstanceId: 6c9cd1e9-1dc9-436e-a613-1137ae25c6d4,EventName: notebookSessionDeletionEnd,Timestamp: 2025-12-01 21:13:22.773691,SessionGuid: 277a697d-6ae1-4b43-89c9-b409cb5ee452,LivyKind: pyspark,SessionId: 952,Status: dead,Success: True,ExceptionType: ,ExceptionMessage: 
