2025-12-11 13:42:14,378	DEBUG	SparkMagics	Initialized spark magics.
2025-12-11 13:42:14,379	INFO	EventsHandler	InstanceId: 6e551e7e-8791-428d-a678-035ac1cdb74b,EventName: notebookLoaded,Timestamp: 2025-12-11 13:42:14.379564
2025-12-11 13:42:14,380	DEBUG	python_jupyter_kernel	Loaded magics.
2025-12-11 13:42:14,381	DEBUG	python_jupyter_kernel	Changed language.
2025-12-11 13:42:14,435	DEBUG	python_jupyter_kernel	Registered auto viz.
2025-12-11 13:44:22,833	INFO	EventsHandler	InstanceId: 6e551e7e-8791-428d-a678-035ac1cdb74b,EventName: notebookSessionCreationStart,Timestamp: 2025-12-11 13:44:22.833738,SessionGuid: 99da3f6a-1b6f-4238-9971-70f5706ae8a6,LivyKind: pyspark
2025-12-11 13:44:22,852	DEBUG	LivySession	Session 604 in state starting. Sleeping 0.2 seconds.
2025-12-11 13:44:23,055	DEBUG	LivySession	Session 604 in state starting. Sleeping 0.5 seconds.
2025-12-11 13:44:23,560	DEBUG	LivySession	Session 604 in state starting. Sleeping 0.5 seconds.
2025-12-11 13:44:24,063	DEBUG	LivySession	Session 604 in state starting. Sleeping 1 seconds.
2025-12-11 13:44:25,067	DEBUG	LivySession	Session 604 in state starting. Sleeping 1 seconds.
2025-12-11 13:44:26,071	DEBUG	LivySession	Session 604 in state starting. Sleeping 2 seconds.
2025-12-11 13:44:28,075	DEBUG	LivySession	Session 604 in state starting. Sleeping 2 seconds.
2025-12-11 13:44:30,080	DEBUG	LivySession	Session 604 in state starting. Sleeping 2 seconds.
2025-12-11 13:44:32,085	DEBUG	LivySession	Session 604 in state starting. Sleeping 2 seconds.
2025-12-11 13:44:34,090	DEBUG	LivySession	Session 604 in state starting. Sleeping 2 seconds.
2025-12-11 13:44:36,095	DEBUG	LivySession	Session 604 in state starting. Sleeping 2 seconds.
2025-12-11 13:44:36,933	INFO	EventsHandler	InstanceId: 6e551e7e-8791-428d-a678-035ac1cdb74b,EventName: notebookSessionDeletionStart,Timestamp: 2025-12-11 13:44:36.933549,SessionGuid: 99da3f6a-1b6f-4238-9971-70f5706ae8a6,LivyKind: pyspark,SessionId: 604,Status: starting
2025-12-11 13:44:36,933	DEBUG	LivySession	Deleting session '604'
2025-12-11 13:44:36,938	INFO	EventsHandler	InstanceId: 6e551e7e-8791-428d-a678-035ac1cdb74b,EventName: notebookSessionDeletionEnd,Timestamp: 2025-12-11 13:44:36.938578,SessionGuid: 99da3f6a-1b6f-4238-9971-70f5706ae8a6,LivyKind: pyspark,SessionId: 604,Status: dead,Success: True,ExceptionType: ,ExceptionMessage: 
