2025-12-01 21:13:24,939	DEBUG	SparkMagics	Initialized spark magics.
2025-12-01 21:13:24,940	INFO	EventsHandler	InstanceId: d5b17de1-9ad2-460c-88f9-2c9baee26abd,EventName: notebookLoaded,Timestamp: 2025-12-01 21:13:24.940428
2025-12-01 21:13:24,941	DEBUG	python_jupyter_kernel	Loaded magics.
2025-12-01 21:13:24,942	DEBUG	python_jupyter_kernel	Changed language.
2025-12-01 21:13:24,996	DEBUG	python_jupyter_kernel	Registered auto viz.
2025-12-01 21:13:25,049	INFO	EventsHandler	InstanceId: d5b17de1-9ad2-460c-88f9-2c9baee26abd,EventName: notebookMagicExecutionStart,Timestamp: 2025-12-01 21:13:25.049414,MagicName: configure,LivyKind: pyspark,MagicGuid: 8e453a23-a939-4e64-85a7-4f1fa0e0d194
2025-12-01 21:13:25,049	INFO	EventsHandler	InstanceId: d5b17de1-9ad2-460c-88f9-2c9baee26abd,EventName: notebookMagicExecutionStart,Timestamp: 2025-12-01 21:13:25.049914,MagicName: info,LivyKind: pyspark,MagicGuid: 83e76ca1-c28c-458b-aa38-4941d6ebf1a7
2025-12-01 21:13:25,286	INFO	EventsHandler	InstanceId: d5b17de1-9ad2-460c-88f9-2c9baee26abd,EventName: notebookMagicExecutionEnd,Timestamp: 2025-12-01 21:13:25.286608,MagicName: info,LivyKind: pyspark,MagicGuid: 83e76ca1-c28c-458b-aa38-4941d6ebf1a7,Success: True,ExceptionType: ,ExceptionMessage: 
2025-12-01 21:13:25,286	INFO	EventsHandler	InstanceId: d5b17de1-9ad2-460c-88f9-2c9baee26abd,EventName: notebookMagicExecutionEnd,Timestamp: 2025-12-01 21:13:25.286913,MagicName: configure,LivyKind: pyspark,MagicGuid: 8e453a23-a939-4e64-85a7-4f1fa0e0d194,Success: True,ExceptionType: ,ExceptionMessage: 
2025-12-01 21:13:25,294	INFO	EventsHandler	InstanceId: d5b17de1-9ad2-460c-88f9-2c9baee26abd,EventName: notebookSessionCreationStart,Timestamp: 2025-12-01 21:13:25.294065,SessionGuid: b81d1553-3dba-489a-ab9e-7ab4a50b36cd,LivyKind: pyspark
2025-12-01 21:13:25,308	DEBUG	LivySession	Session 953 in state starting. Sleeping 0.2 seconds.
2025-12-01 21:13:25,510	DEBUG	LivySession	Session 953 in state starting. Sleeping 0.5 seconds.
2025-12-01 21:13:26,014	DEBUG	LivySession	Session 953 in state starting. Sleeping 0.5 seconds.
2025-12-01 21:13:26,517	DEBUG	LivySession	Session 953 in state starting. Sleeping 1 seconds.
2025-12-01 21:13:27,520	DEBUG	LivySession	Session 953 in state starting. Sleeping 1 seconds.
2025-12-01 21:13:28,524	DEBUG	LivySession	Session 953 in state starting. Sleeping 2 seconds.
2025-12-01 21:13:30,529	DEBUG	LivySession	Session 953 in state starting. Sleeping 2 seconds.
2025-12-01 21:13:32,534	DEBUG	LivySession	Session 953 in state starting. Sleeping 2 seconds.
2025-12-01 21:13:34,538	DEBUG	LivySession	Session 953 in state starting. Sleeping 2 seconds.
2025-12-01 21:13:36,543	DEBUG	LivySession	Session 953 in state starting. Sleeping 2 seconds.
2025-12-01 21:13:38,547	DEBUG	LivySession	Session 953 in state starting. Sleeping 2 seconds.
2025-12-01 21:13:40,552	DEBUG	LivySession	Session 953 in state starting. Sleeping 2 seconds.
2025-12-01 21:13:42,557	DEBUG	LivySession	Session 953 in state starting. Sleeping 2 seconds.
2025-12-01 21:13:44,560	DEBUG	LivySession	Session 953 in state starting. Sleeping 2 seconds.
2025-12-01 21:13:46,564	DEBUG	LivySession	Session 953 in state starting. Sleeping 2 seconds.
2025-12-01 21:13:48,569	DEBUG	LivySession	Session 953 in state starting. Sleeping 2 seconds.
2025-12-01 21:13:50,583	INFO	EventsHandler	InstanceId: d5b17de1-9ad2-460c-88f9-2c9baee26abd,EventName: notebookStatementExecutionStart,Timestamp: 2025-12-01 21:13:50.583684,SessionGuid: b81d1553-3dba-489a-ab9e-7ab4a50b36cd,LivyKind: pyspark,SessionId: 953,StatementGuid: 2d4027b5-1aa7-4902-8947-6099210b7bdb
2025-12-01 21:13:50,608	DEBUG	Command	Status of statement 0 is waiting.
2025-12-01 21:13:50,812	DEBUG	Command	Status of statement 0 is waiting.
2025-12-01 21:13:51,317	DEBUG	Command	Status of statement 0 is waiting.
2025-12-01 21:13:51,822	DEBUG	Command	Status of statement 0 is waiting.
2025-12-01 21:13:52,826	DEBUG	Command	Status of statement 0 is available.
2025-12-01 21:13:52,827	INFO	EventsHandler	InstanceId: d5b17de1-9ad2-460c-88f9-2c9baee26abd,EventName: notebookStatementExecutionEnd,Timestamp: 2025-12-01 21:13:52.827060,SessionGuid: b81d1553-3dba-489a-ab9e-7ab4a50b36cd,LivyKind: pyspark,SessionId: 953,StatementGuid: 2d4027b5-1aa7-4902-8947-6099210b7bdb,StatementId: 0,Success: True,ExceptionType: ,ExceptionMessage: 
2025-12-01 21:13:52,828	INFO	EventsHandler	InstanceId: d5b17de1-9ad2-460c-88f9-2c9baee26abd,EventName: notebookSessionCreationEnd,Timestamp: 2025-12-01 21:13:52.828309,SessionGuid: b81d1553-3dba-489a-ab9e-7ab4a50b36cd,LivyKind: pyspark,SessionId: 953,Status: idle,Success: True,ExceptionType: ,ExceptionMessage: 
2025-12-01 21:13:52,829	INFO	EventsHandler	InstanceId: d5b17de1-9ad2-460c-88f9-2c9baee26abd,EventName: notebookStatementExecutionStart,Timestamp: 2025-12-01 21:13:52.829252,SessionGuid: b81d1553-3dba-489a-ab9e-7ab4a50b36cd,LivyKind: pyspark,SessionId: 953,StatementGuid: e8766d20-1de9-4790-b09f-2c760f8d2083
2025-12-01 21:13:52,841	DEBUG	Command	Status of statement 1 is running.
2025-12-01 21:13:53,045	DEBUG	Command	Status of statement 1 is available.
2025-12-01 21:13:53,046	INFO	EventsHandler	InstanceId: d5b17de1-9ad2-460c-88f9-2c9baee26abd,EventName: notebookStatementExecutionEnd,Timestamp: 2025-12-01 21:13:53.046031,SessionGuid: b81d1553-3dba-489a-ab9e-7ab4a50b36cd,LivyKind: pyspark,SessionId: 953,StatementGuid: e8766d20-1de9-4790-b09f-2c760f8d2083,StatementId: 1,Success: True,ExceptionType: ,ExceptionMessage: 
2025-12-01 21:13:53,058	INFO	EventsHandler	InstanceId: d5b17de1-9ad2-460c-88f9-2c9baee26abd,EventName: notebookStatementExecutionStart,Timestamp: 2025-12-01 21:13:53.058293,SessionGuid: b81d1553-3dba-489a-ab9e-7ab4a50b36cd,LivyKind: pyspark,SessionId: 953,StatementGuid: 030db50e-3b4f-4663-a93a-83372d13b7cf
2025-12-01 21:13:53,071	DEBUG	Command	Status of statement 2 is running.
2025-12-01 21:13:53,274	DEBUG	Command	Status of statement 2 is running.
2025-12-01 21:13:53,778	DEBUG	Command	Status of statement 2 is running.
2025-12-01 21:13:54,283	DEBUG	Command	Status of statement 2 is running.
2025-12-01 21:13:55,287	DEBUG	Command	Status of statement 2 is running.
2025-12-01 21:13:56,292	DEBUG	Command	Status of statement 2 is running.
2025-12-01 21:13:58,298	DEBUG	Command	Status of statement 2 is running.
2025-12-01 21:14:00,308	DEBUG	Command	Status of statement 2 is running.
2025-12-01 21:14:02,314	DEBUG	Command	Status of statement 2 is running.
2025-12-01 21:14:04,320	DEBUG	Command	Status of statement 2 is running.
2025-12-01 21:14:06,326	DEBUG	Command	Status of statement 2 is available.
2025-12-01 21:14:06,327	INFO	EventsHandler	InstanceId: d5b17de1-9ad2-460c-88f9-2c9baee26abd,EventName: notebookStatementExecutionEnd,Timestamp: 2025-12-01 21:14:06.327317,SessionGuid: b81d1553-3dba-489a-ab9e-7ab4a50b36cd,LivyKind: pyspark,SessionId: 953,StatementGuid: 030db50e-3b4f-4663-a93a-83372d13b7cf,StatementId: 2,Success: True,ExceptionType: ,ExceptionMessage: 
2025-12-01 21:14:06,335	INFO	EventsHandler	InstanceId: d5b17de1-9ad2-460c-88f9-2c9baee26abd,EventName: notebookStatementExecutionStart,Timestamp: 2025-12-01 21:14:06.335591,SessionGuid: b81d1553-3dba-489a-ab9e-7ab4a50b36cd,LivyKind: pyspark,SessionId: 953,StatementGuid: 567c4578-0fdb-4ea5-a770-257adff6f542
2025-12-01 21:14:06,349	DEBUG	Command	Status of statement 3 is running.
2025-12-01 21:14:06,552	DEBUG	Command	Status of statement 3 is running.
2025-12-01 21:14:07,056	DEBUG	Command	Status of statement 3 is running.
2025-12-01 21:14:07,560	DEBUG	Command	Status of statement 3 is running.
2025-12-01 21:14:08,565	DEBUG	Command	Status of statement 3 is running.
2025-12-01 21:14:09,570	DEBUG	Command	Status of statement 3 is running.
2025-12-01 21:14:11,576	DEBUG	Command	Status of statement 3 is running.
2025-12-01 21:14:13,582	DEBUG	Command	Status of statement 3 is running.
2025-12-01 21:14:15,588	DEBUG	Command	Status of statement 3 is available.
2025-12-01 21:14:15,588	INFO	EventsHandler	InstanceId: d5b17de1-9ad2-460c-88f9-2c9baee26abd,EventName: notebookStatementExecutionEnd,Timestamp: 2025-12-01 21:14:15.588509,SessionGuid: b81d1553-3dba-489a-ab9e-7ab4a50b36cd,LivyKind: pyspark,SessionId: 953,StatementGuid: 567c4578-0fdb-4ea5-a770-257adff6f542,StatementId: 3,Success: True,ExceptionType: ,ExceptionMessage: 
2025-12-01 21:14:15,595	INFO	EventsHandler	InstanceId: d5b17de1-9ad2-460c-88f9-2c9baee26abd,EventName: notebookStatementExecutionStart,Timestamp: 2025-12-01 21:14:15.595755,SessionGuid: b81d1553-3dba-489a-ab9e-7ab4a50b36cd,LivyKind: pyspark,SessionId: 953,StatementGuid: c03df429-d15e-458c-893f-0b9cb754ea18
2025-12-01 21:14:15,611	DEBUG	Command	Status of statement 4 is running.
2025-12-01 21:14:15,815	DEBUG	Command	Status of statement 4 is running.
2025-12-01 21:14:16,319	DEBUG	Command	Status of statement 4 is running.
2025-12-01 21:14:16,823	DEBUG	Command	Status of statement 4 is running.
2025-12-01 21:14:17,827	DEBUG	Command	Status of statement 4 is running.
2025-12-01 21:14:18,832	DEBUG	Command	Status of statement 4 is available.
2025-12-01 21:14:18,832	INFO	EventsHandler	InstanceId: d5b17de1-9ad2-460c-88f9-2c9baee26abd,EventName: notebookStatementExecutionEnd,Timestamp: 2025-12-01 21:14:18.832572,SessionGuid: b81d1553-3dba-489a-ab9e-7ab4a50b36cd,LivyKind: pyspark,SessionId: 953,StatementGuid: c03df429-d15e-458c-893f-0b9cb754ea18,StatementId: 4,Success: True,ExceptionType: ,ExceptionMessage: 
2025-12-01 21:14:18,840	INFO	EventsHandler	InstanceId: d5b17de1-9ad2-460c-88f9-2c9baee26abd,EventName: notebookStatementExecutionStart,Timestamp: 2025-12-01 21:14:18.840471,SessionGuid: b81d1553-3dba-489a-ab9e-7ab4a50b36cd,LivyKind: pyspark,SessionId: 953,StatementGuid: acf0dfca-845e-486c-b18d-b9cbb848c880
2025-12-01 21:14:18,856	DEBUG	Command	Status of statement 5 is running.
2025-12-01 21:14:19,059	DEBUG	Command	Status of statement 5 is available.
2025-12-01 21:14:19,060	INFO	EventsHandler	InstanceId: d5b17de1-9ad2-460c-88f9-2c9baee26abd,EventName: notebookStatementExecutionEnd,Timestamp: 2025-12-01 21:14:19.060374,SessionGuid: b81d1553-3dba-489a-ab9e-7ab4a50b36cd,LivyKind: pyspark,SessionId: 953,StatementGuid: acf0dfca-845e-486c-b18d-b9cbb848c880,StatementId: 5,Success: True,ExceptionType: ,ExceptionMessage: 
2025-12-01 21:14:19,068	INFO	EventsHandler	InstanceId: d5b17de1-9ad2-460c-88f9-2c9baee26abd,EventName: notebookStatementExecutionStart,Timestamp: 2025-12-01 21:14:19.068781,SessionGuid: b81d1553-3dba-489a-ab9e-7ab4a50b36cd,LivyKind: pyspark,SessionId: 953,StatementGuid: 6cd44d55-6886-40bf-a1bd-459a150b024d
2025-12-01 21:14:19,080	DEBUG	Command	Status of statement 6 is running.
2025-12-01 21:14:19,284	DEBUG	Command	Status of statement 6 is running.
2025-12-01 21:14:19,788	DEBUG	Command	Status of statement 6 is running.
2025-12-01 21:14:20,292	DEBUG	Command	Status of statement 6 is running.
2025-12-01 21:14:21,296	DEBUG	Command	Status of statement 6 is running.
2025-12-01 21:14:22,301	DEBUG	Command	Status of statement 6 is running.
2025-12-01 21:14:24,307	DEBUG	Command	Status of statement 6 is running.
2025-12-01 21:14:26,312	DEBUG	Command	Status of statement 6 is running.
2025-12-01 21:14:28,318	DEBUG	Command	Status of statement 6 is running.
2025-12-01 21:14:30,323	DEBUG	Command	Status of statement 6 is running.
2025-12-01 21:14:32,329	DEBUG	Command	Status of statement 6 is running.
2025-12-01 21:14:34,335	DEBUG	Command	Status of statement 6 is running.
2025-12-01 21:14:36,340	DEBUG	Command	Status of statement 6 is running.
2025-12-01 21:14:38,346	DEBUG	Command	Status of statement 6 is running.
2025-12-01 21:14:40,350	DEBUG	Command	Status of statement 6 is available.
2025-12-01 21:14:40,350	INFO	EventsHandler	InstanceId: d5b17de1-9ad2-460c-88f9-2c9baee26abd,EventName: notebookStatementExecutionEnd,Timestamp: 2025-12-01 21:14:40.350669,SessionGuid: b81d1553-3dba-489a-ab9e-7ab4a50b36cd,LivyKind: pyspark,SessionId: 953,StatementGuid: 6cd44d55-6886-40bf-a1bd-459a150b024d,StatementId: 6,Success: True,ExceptionType: ,ExceptionMessage: 
2025-12-01 21:17:18,623	INFO	EventsHandler	InstanceId: d5b17de1-9ad2-460c-88f9-2c9baee26abd,EventName: notebookStatementExecutionStart,Timestamp: 2025-12-01 21:17:18.623332,SessionGuid: b81d1553-3dba-489a-ab9e-7ab4a50b36cd,LivyKind: pyspark,SessionId: 953,StatementGuid: 488fe942-bea7-4314-887b-69e5518e86a6
2025-12-01 21:17:18,641	DEBUG	Command	Status of statement 7 is available.
2025-12-01 21:17:18,642	INFO	EventsHandler	InstanceId: d5b17de1-9ad2-460c-88f9-2c9baee26abd,EventName: notebookStatementExecutionEnd,Timestamp: 2025-12-01 21:17:18.642855,SessionGuid: b81d1553-3dba-489a-ab9e-7ab4a50b36cd,LivyKind: pyspark,SessionId: 953,StatementGuid: 488fe942-bea7-4314-887b-69e5518e86a6,StatementId: 7,Success: True,ExceptionType: ,ExceptionMessage: 
2025-12-01 21:24:21,531	INFO	EventsHandler	InstanceId: d5b17de1-9ad2-460c-88f9-2c9baee26abd,EventName: notebookStatementExecutionStart,Timestamp: 2025-12-01 21:24:21.531758,SessionGuid: b81d1553-3dba-489a-ab9e-7ab4a50b36cd,LivyKind: pyspark,SessionId: 953,StatementGuid: 2168b534-922d-4873-84f1-4388d3fcdfc1
2025-12-01 21:24:21,546	DEBUG	Command	Status of statement 8 is running.
2025-12-01 21:24:21,750	DEBUG	Command	Status of statement 8 is available.
2025-12-01 21:24:21,750	INFO	EventsHandler	InstanceId: d5b17de1-9ad2-460c-88f9-2c9baee26abd,EventName: notebookStatementExecutionEnd,Timestamp: 2025-12-01 21:24:21.750505,SessionGuid: b81d1553-3dba-489a-ab9e-7ab4a50b36cd,LivyKind: pyspark,SessionId: 953,StatementGuid: 2168b534-922d-4873-84f1-4388d3fcdfc1,StatementId: 8,Success: True,ExceptionType: ,ExceptionMessage: 
2025-12-01 21:24:56,697	INFO	EventsHandler	InstanceId: d5b17de1-9ad2-460c-88f9-2c9baee26abd,EventName: notebookStatementExecutionStart,Timestamp: 2025-12-01 21:24:56.697552,SessionGuid: b81d1553-3dba-489a-ab9e-7ab4a50b36cd,LivyKind: pyspark,SessionId: 953,StatementGuid: e568eb8a-6e8c-42f9-a648-e107d05e3826
2025-12-01 21:24:56,712	DEBUG	Command	Status of statement 9 is running.
2025-12-01 21:24:56,916	DEBUG	Command	Status of statement 9 is available.
2025-12-01 21:24:56,916	INFO	EventsHandler	InstanceId: d5b17de1-9ad2-460c-88f9-2c9baee26abd,EventName: notebookStatementExecutionEnd,Timestamp: 2025-12-01 21:24:56.916817,SessionGuid: b81d1553-3dba-489a-ab9e-7ab4a50b36cd,LivyKind: pyspark,SessionId: 953,StatementGuid: e568eb8a-6e8c-42f9-a648-e107d05e3826,StatementId: 9,Success: True,ExceptionType: ,ExceptionMessage: 
2025-12-01 21:25:11,506	INFO	EventsHandler	InstanceId: d5b17de1-9ad2-460c-88f9-2c9baee26abd,EventName: notebookStatementExecutionStart,Timestamp: 2025-12-01 21:25:11.506910,SessionGuid: b81d1553-3dba-489a-ab9e-7ab4a50b36cd,LivyKind: pyspark,SessionId: 953,StatementGuid: 4c31c066-7e91-4ed0-9132-f1ade871983d
2025-12-01 21:25:11,521	DEBUG	Command	Status of statement 10 is running.
2025-12-01 21:25:11,724	DEBUG	Command	Status of statement 10 is running.
2025-12-01 21:25:12,228	DEBUG	Command	Status of statement 10 is running.
2025-12-01 21:25:12,732	DEBUG	Command	Status of statement 10 is running.
2025-12-01 21:25:13,737	DEBUG	Command	Status of statement 10 is running.
2025-12-01 21:25:14,741	DEBUG	Command	Status of statement 10 is running.
2025-12-01 21:25:16,745	DEBUG	Command	Status of statement 10 is running.
2025-12-01 21:25:18,751	DEBUG	Command	Status of statement 10 is running.
2025-12-01 21:25:20,756	DEBUG	Command	Status of statement 10 is running.
2025-12-01 21:25:22,760	DEBUG	Command	Status of statement 10 is running.
2025-12-01 21:25:24,765	DEBUG	Command	Status of statement 10 is running.
2025-12-01 21:25:26,770	DEBUG	Command	Status of statement 10 is running.
2025-12-01 21:25:28,776	DEBUG	Command	Status of statement 10 is running.
2025-12-01 21:25:30,780	DEBUG	Command	Status of statement 10 is running.
2025-12-01 21:25:32,785	DEBUG	Command	Status of statement 10 is running.
2025-12-01 21:25:34,791	DEBUG	Command	Status of statement 10 is running.
2025-12-01 21:25:36,796	DEBUG	Command	Status of statement 10 is running.
2025-12-01 21:25:38,802	DEBUG	Command	Status of statement 10 is running.
2025-12-01 21:25:40,808	DEBUG	Command	Status of statement 10 is running.
2025-12-01 21:25:42,813	DEBUG	Command	Status of statement 10 is running.
2025-12-01 21:25:44,819	DEBUG	Command	Status of statement 10 is running.
2025-12-01 21:25:46,824	DEBUG	Command	Status of statement 10 is running.
2025-12-01 21:25:48,830	DEBUG	Command	Status of statement 10 is running.
2025-12-01 21:25:50,836	DEBUG	Command	Status of statement 10 is running.
2025-12-01 21:25:52,840	DEBUG	Command	Status of statement 10 is running.
2025-12-01 21:25:54,846	DEBUG	Command	Status of statement 10 is running.
2025-12-01 21:25:56,852	DEBUG	Command	Status of statement 10 is running.
2025-12-01 21:25:58,858	DEBUG	Command	Status of statement 10 is available.
2025-12-01 21:25:58,858	INFO	EventsHandler	InstanceId: d5b17de1-9ad2-460c-88f9-2c9baee26abd,EventName: notebookStatementExecutionEnd,Timestamp: 2025-12-01 21:25:58.858805,SessionGuid: b81d1553-3dba-489a-ab9e-7ab4a50b36cd,LivyKind: pyspark,SessionId: 953,StatementGuid: 4c31c066-7e91-4ed0-9132-f1ade871983d,StatementId: 10,Success: True,ExceptionType: ,ExceptionMessage: 
2025-12-01 21:30:15,197	INFO	EventsHandler	InstanceId: d5b17de1-9ad2-460c-88f9-2c9baee26abd,EventName: notebookStatementExecutionStart,Timestamp: 2025-12-01 21:30:15.197430,SessionGuid: b81d1553-3dba-489a-ab9e-7ab4a50b36cd,LivyKind: pyspark,SessionId: 953,StatementGuid: 6c3804c9-9334-4847-8564-5559668ceb14
2025-12-01 21:30:15,213	DEBUG	Command	Status of statement 11 is running.
2025-12-01 21:30:15,417	DEBUG	Command	Status of statement 11 is running.
2025-12-01 21:30:15,921	DEBUG	Command	Status of statement 11 is running.
2025-12-01 21:30:16,425	DEBUG	Command	Status of statement 11 is running.
2025-12-01 21:30:17,429	DEBUG	Command	Status of statement 11 is running.
2025-12-01 21:30:18,434	DEBUG	Command	Status of statement 11 is running.
2025-12-01 21:30:20,450	DEBUG	Command	Status of statement 11 is running.
2025-12-01 21:30:22,456	DEBUG	Command	Status of statement 11 is running.
2025-12-01 21:30:24,460	DEBUG	Command	Status of statement 11 is running.
2025-12-01 21:30:26,465	DEBUG	Command	Status of statement 11 is running.
2025-12-01 21:30:28,470	DEBUG	Command	Status of statement 11 is running.
2025-12-01 21:30:30,475	DEBUG	Command	Status of statement 11 is running.
2025-12-01 21:30:32,481	DEBUG	Command	Status of statement 11 is running.
2025-12-01 21:30:34,486	DEBUG	Command	Status of statement 11 is running.
2025-12-01 21:30:36,492	DEBUG	Command	Status of statement 11 is running.
2025-12-01 21:30:38,498	DEBUG	Command	Status of statement 11 is running.
2025-12-01 21:30:40,504	DEBUG	Command	Status of statement 11 is running.
2025-12-01 21:30:42,509	DEBUG	Command	Status of statement 11 is running.
2025-12-01 21:30:44,514	DEBUG	Command	Status of statement 11 is running.
2025-12-01 21:30:46,519	DEBUG	Command	Status of statement 11 is running.
2025-12-01 21:30:48,525	DEBUG	Command	Status of statement 11 is available.
2025-12-01 21:30:48,525	INFO	EventsHandler	InstanceId: d5b17de1-9ad2-460c-88f9-2c9baee26abd,EventName: notebookStatementExecutionEnd,Timestamp: 2025-12-01 21:30:48.525888,SessionGuid: b81d1553-3dba-489a-ab9e-7ab4a50b36cd,LivyKind: pyspark,SessionId: 953,StatementGuid: 6c3804c9-9334-4847-8564-5559668ceb14,StatementId: 11,Success: True,ExceptionType: ,ExceptionMessage: 
2025-12-01 21:35:25,578	INFO	EventsHandler	InstanceId: d5b17de1-9ad2-460c-88f9-2c9baee26abd,EventName: notebookStatementExecutionStart,Timestamp: 2025-12-01 21:35:25.578056,SessionGuid: b81d1553-3dba-489a-ab9e-7ab4a50b36cd,LivyKind: pyspark,SessionId: 953,StatementGuid: 5c3765a2-e625-4a7f-bc98-38a5d5528b22
2025-12-01 21:35:25,592	DEBUG	Command	Status of statement 12 is running.
2025-12-01 21:35:25,796	DEBUG	Command	Status of statement 12 is available.
2025-12-01 21:35:25,796	INFO	EventsHandler	InstanceId: d5b17de1-9ad2-460c-88f9-2c9baee26abd,EventName: notebookStatementExecutionEnd,Timestamp: 2025-12-01 21:35:25.796716,SessionGuid: b81d1553-3dba-489a-ab9e-7ab4a50b36cd,LivyKind: pyspark,SessionId: 953,StatementGuid: 5c3765a2-e625-4a7f-bc98-38a5d5528b22,StatementId: 12,Success: True,ExceptionType: ,ExceptionMessage: 
2025-12-01 21:35:35,920	INFO	EventsHandler	InstanceId: d5b17de1-9ad2-460c-88f9-2c9baee26abd,EventName: notebookStatementExecutionStart,Timestamp: 2025-12-01 21:35:35.920048,SessionGuid: b81d1553-3dba-489a-ab9e-7ab4a50b36cd,LivyKind: pyspark,SessionId: 953,StatementGuid: 69a4a863-2419-45aa-b0e0-c365bd1cf97f
2025-12-01 21:35:35,934	DEBUG	Command	Status of statement 13 is running.
2025-12-01 21:35:36,138	DEBUG	Command	Status of statement 13 is available.
2025-12-01 21:35:36,139	INFO	EventsHandler	InstanceId: d5b17de1-9ad2-460c-88f9-2c9baee26abd,EventName: notebookStatementExecutionEnd,Timestamp: 2025-12-01 21:35:36.138984,SessionGuid: b81d1553-3dba-489a-ab9e-7ab4a50b36cd,LivyKind: pyspark,SessionId: 953,StatementGuid: 69a4a863-2419-45aa-b0e0-c365bd1cf97f,StatementId: 13,Success: True,ExceptionType: ,ExceptionMessage: 
2025-12-01 21:36:48,002	INFO	EventsHandler	InstanceId: d5b17de1-9ad2-460c-88f9-2c9baee26abd,EventName: notebookStatementExecutionStart,Timestamp: 2025-12-01 21:36:48.002626,SessionGuid: b81d1553-3dba-489a-ab9e-7ab4a50b36cd,LivyKind: pyspark,SessionId: 953,StatementGuid: 6f01b7d1-875a-453c-940f-83022bab81fc
2025-12-01 21:36:48,019	DEBUG	Command	Status of statement 14 is running.
2025-12-01 21:36:48,223	DEBUG	Command	Status of statement 14 is available.
2025-12-01 21:36:48,224	INFO	EventsHandler	InstanceId: d5b17de1-9ad2-460c-88f9-2c9baee26abd,EventName: notebookStatementExecutionEnd,Timestamp: 2025-12-01 21:36:48.224391,SessionGuid: b81d1553-3dba-489a-ab9e-7ab4a50b36cd,LivyKind: pyspark,SessionId: 953,StatementGuid: 6f01b7d1-875a-453c-940f-83022bab81fc,StatementId: 14,Success: True,ExceptionType: ,ExceptionMessage: 
2025-12-01 21:36:59,736	INFO	EventsHandler	InstanceId: d5b17de1-9ad2-460c-88f9-2c9baee26abd,EventName: notebookStatementExecutionStart,Timestamp: 2025-12-01 21:36:59.736590,SessionGuid: b81d1553-3dba-489a-ab9e-7ab4a50b36cd,LivyKind: pyspark,SessionId: 953,StatementGuid: 7c3c3d32-90a4-4651-a4c3-2901941fda5d
2025-12-01 21:36:59,748	DEBUG	Command	Status of statement 15 is running.
2025-12-01 21:36:59,951	DEBUG	Command	Status of statement 15 is available.
2025-12-01 21:36:59,952	INFO	EventsHandler	InstanceId: d5b17de1-9ad2-460c-88f9-2c9baee26abd,EventName: notebookStatementExecutionEnd,Timestamp: 2025-12-01 21:36:59.952368,SessionGuid: b81d1553-3dba-489a-ab9e-7ab4a50b36cd,LivyKind: pyspark,SessionId: 953,StatementGuid: 7c3c3d32-90a4-4651-a4c3-2901941fda5d,StatementId: 15,Success: True,ExceptionType: ,ExceptionMessage: 
2025-12-01 21:37:03,743	INFO	EventsHandler	InstanceId: d5b17de1-9ad2-460c-88f9-2c9baee26abd,EventName: notebookStatementExecutionStart,Timestamp: 2025-12-01 21:37:03.743880,SessionGuid: b81d1553-3dba-489a-ab9e-7ab4a50b36cd,LivyKind: pyspark,SessionId: 953,StatementGuid: ebd4f371-4a73-4a7b-9589-1f6730700f18
2025-12-01 21:37:03,755	DEBUG	Command	Status of statement 16 is running.
2025-12-01 21:37:03,960	DEBUG	Command	Status of statement 16 is available.
2025-12-01 21:37:03,961	INFO	EventsHandler	InstanceId: d5b17de1-9ad2-460c-88f9-2c9baee26abd,EventName: notebookStatementExecutionEnd,Timestamp: 2025-12-01 21:37:03.961339,SessionGuid: b81d1553-3dba-489a-ab9e-7ab4a50b36cd,LivyKind: pyspark,SessionId: 953,StatementGuid: ebd4f371-4a73-4a7b-9589-1f6730700f18,StatementId: 16,Success: True,ExceptionType: ,ExceptionMessage: 
2025-12-01 21:38:04,235	INFO	EventsHandler	InstanceId: d5b17de1-9ad2-460c-88f9-2c9baee26abd,EventName: notebookStatementExecutionStart,Timestamp: 2025-12-01 21:38:04.235733,SessionGuid: b81d1553-3dba-489a-ab9e-7ab4a50b36cd,LivyKind: pyspark,SessionId: 953,StatementGuid: 19ef4c2d-0132-4c3b-b707-567e71f1f810
2025-12-01 21:38:04,251	DEBUG	Command	Status of statement 17 is running.
2025-12-01 21:38:04,454	DEBUG	Command	Status of statement 17 is available.
2025-12-01 21:38:04,455	INFO	EventsHandler	InstanceId: d5b17de1-9ad2-460c-88f9-2c9baee26abd,EventName: notebookStatementExecutionEnd,Timestamp: 2025-12-01 21:38:04.455390,SessionGuid: b81d1553-3dba-489a-ab9e-7ab4a50b36cd,LivyKind: pyspark,SessionId: 953,StatementGuid: 19ef4c2d-0132-4c3b-b707-567e71f1f810,StatementId: 17,Success: True,ExceptionType: ,ExceptionMessage: 
2025-12-01 21:39:01,127	INFO	EventsHandler	InstanceId: d5b17de1-9ad2-460c-88f9-2c9baee26abd,EventName: notebookStatementExecutionStart,Timestamp: 2025-12-01 21:39:01.127012,SessionGuid: b81d1553-3dba-489a-ab9e-7ab4a50b36cd,LivyKind: pyspark,SessionId: 953,StatementGuid: 5b11638d-07d7-48bf-8ee5-a35628fd3940
2025-12-01 21:39:01,141	DEBUG	Command	Status of statement 18 is running.
2025-12-01 21:39:01,345	DEBUG	Command	Status of statement 18 is running.
2025-12-01 21:39:01,849	DEBUG	Command	Status of statement 18 is running.
2025-12-01 21:39:02,353	DEBUG	Command	Status of statement 18 is running.
2025-12-01 21:39:03,357	DEBUG	Command	Status of statement 18 is running.
2025-12-01 21:39:04,361	DEBUG	Command	Status of statement 18 is running.
2025-12-01 21:39:06,365	DEBUG	Command	Status of statement 18 is running.
2025-12-01 21:39:08,370	DEBUG	Command	Status of statement 18 is running.
2025-12-01 21:39:10,375	DEBUG	Command	Status of statement 18 is running.
2025-12-01 21:39:12,381	DEBUG	Command	Status of statement 18 is running.
2025-12-01 21:39:14,386	DEBUG	Command	Status of statement 18 is running.
2025-12-01 21:39:16,389	DEBUG	Command	Status of statement 18 is running.
2025-12-01 21:39:18,395	DEBUG	Command	Status of statement 18 is running.
2025-12-01 21:39:20,400	DEBUG	Command	Status of statement 18 is running.
2025-12-01 21:39:22,406	DEBUG	Command	Status of statement 18 is running.
2025-12-01 21:39:24,412	DEBUG	Command	Status of statement 18 is running.
2025-12-01 21:39:26,417	DEBUG	Command	Status of statement 18 is running.
2025-12-01 21:39:28,421	DEBUG	Command	Status of statement 18 is running.
2025-12-01 21:39:30,425	DEBUG	Command	Status of statement 18 is running.
2025-12-01 21:39:32,429	DEBUG	Command	Status of statement 18 is running.
2025-12-01 21:39:34,435	DEBUG	Command	Status of statement 18 is running.
2025-12-01 21:39:36,441	DEBUG	Command	Status of statement 18 is running.
2025-12-01 21:39:38,446	DEBUG	Command	Status of statement 18 is running.
2025-12-01 21:39:40,452	DEBUG	Command	Status of statement 18 is running.
2025-12-01 21:39:42,457	DEBUG	Command	Status of statement 18 is running.
2025-12-01 21:39:44,461	DEBUG	Command	Status of statement 18 is available.
2025-12-01 21:39:44,461	INFO	EventsHandler	InstanceId: d5b17de1-9ad2-460c-88f9-2c9baee26abd,EventName: notebookStatementExecutionEnd,Timestamp: 2025-12-01 21:39:44.461569,SessionGuid: b81d1553-3dba-489a-ab9e-7ab4a50b36cd,LivyKind: pyspark,SessionId: 953,StatementGuid: 5b11638d-07d7-48bf-8ee5-a35628fd3940,StatementId: 18,Success: True,ExceptionType: ,ExceptionMessage: 
2025-12-01 21:40:27,641	INFO	EventsHandler	InstanceId: d5b17de1-9ad2-460c-88f9-2c9baee26abd,EventName: notebookStatementExecutionStart,Timestamp: 2025-12-01 21:40:27.641376,SessionGuid: b81d1553-3dba-489a-ab9e-7ab4a50b36cd,LivyKind: pyspark,SessionId: 953,StatementGuid: 69d86340-16ab-478d-9917-cb499c8983fb
2025-12-01 21:40:27,659	DEBUG	Command	Status of statement 19 is available.
2025-12-01 21:40:27,659	INFO	EventsHandler	InstanceId: d5b17de1-9ad2-460c-88f9-2c9baee26abd,EventName: notebookStatementExecutionEnd,Timestamp: 2025-12-01 21:40:27.659669,SessionGuid: b81d1553-3dba-489a-ab9e-7ab4a50b36cd,LivyKind: pyspark,SessionId: 953,StatementGuid: 69d86340-16ab-478d-9917-cb499c8983fb,StatementId: 19,Success: True,ExceptionType: ,ExceptionMessage: 
2025-12-01 21:42:02,700	INFO	EventsHandler	InstanceId: d5b17de1-9ad2-460c-88f9-2c9baee26abd,EventName: notebookStatementExecutionStart,Timestamp: 2025-12-01 21:42:02.700314,SessionGuid: b81d1553-3dba-489a-ab9e-7ab4a50b36cd,LivyKind: pyspark,SessionId: 953,StatementGuid: 12d2a596-5ad6-4274-8c5d-4fd03acd0daf
2025-12-01 21:42:02,715	DEBUG	Command	Status of statement 20 is running.
2025-12-01 21:42:02,919	DEBUG	Command	Status of statement 20 is running.
2025-12-01 21:42:03,423	DEBUG	Command	Status of statement 20 is running.
2025-12-01 21:42:03,927	DEBUG	Command	Status of statement 20 is running.
2025-12-01 21:42:04,931	DEBUG	Command	Status of statement 20 is running.
2025-12-01 21:42:05,935	DEBUG	Command	Status of statement 20 is running.
2025-12-01 21:42:07,941	DEBUG	Command	Status of statement 20 is running.
2025-12-01 21:42:09,946	DEBUG	Command	Status of statement 20 is running.
2025-12-01 21:42:11,949	DEBUG	Command	Status of statement 20 is running.
2025-12-01 21:42:13,953	DEBUG	Command	Status of statement 20 is running.
2025-12-01 21:42:15,958	DEBUG	Command	Status of statement 20 is running.
2025-12-01 21:42:17,964	DEBUG	Command	Status of statement 20 is running.
2025-12-01 21:42:19,969	DEBUG	Command	Status of statement 20 is running.
2025-12-01 21:42:21,974	DEBUG	Command	Status of statement 20 is running.
2025-12-01 21:42:23,979	DEBUG	Command	Status of statement 20 is running.
2025-12-01 21:42:25,985	DEBUG	Command	Status of statement 20 is running.
2025-12-01 21:42:27,990	DEBUG	Command	Status of statement 20 is running.
2025-12-01 21:42:29,996	DEBUG	Command	Status of statement 20 is running.
2025-12-01 21:42:32,001	DEBUG	Command	Status of statement 20 is running.
2025-12-01 21:42:34,006	DEBUG	Command	Status of statement 20 is running.
2025-12-01 21:42:36,012	DEBUG	Command	Status of statement 20 is available.
2025-12-01 21:42:36,012	INFO	EventsHandler	InstanceId: d5b17de1-9ad2-460c-88f9-2c9baee26abd,EventName: notebookStatementExecutionEnd,Timestamp: 2025-12-01 21:42:36.012674,SessionGuid: b81d1553-3dba-489a-ab9e-7ab4a50b36cd,LivyKind: pyspark,SessionId: 953,StatementGuid: 12d2a596-5ad6-4274-8c5d-4fd03acd0daf,StatementId: 20,Success: True,ExceptionType: ,ExceptionMessage: 
2025-12-01 21:42:38,060	INFO	EventsHandler	InstanceId: d5b17de1-9ad2-460c-88f9-2c9baee26abd,EventName: notebookStatementExecutionStart,Timestamp: 2025-12-01 21:42:38.060059,SessionGuid: b81d1553-3dba-489a-ab9e-7ab4a50b36cd,LivyKind: pyspark,SessionId: 953,StatementGuid: 81230dd8-3539-4895-b377-b4cf3a4da8ef
2025-12-01 21:42:38,073	DEBUG	Command	Status of statement 21 is running.
2025-12-01 21:42:38,276	DEBUG	Command	Status of statement 21 is running.
2025-12-01 21:42:38,780	DEBUG	Command	Status of statement 21 is running.
2025-12-01 21:42:39,283	DEBUG	Command	Status of statement 21 is running.
2025-12-01 21:42:40,289	DEBUG	Command	Status of statement 21 is running.
2025-12-01 21:42:41,293	DEBUG	Command	Status of statement 21 is running.
2025-12-01 21:42:43,298	DEBUG	Command	Status of statement 21 is running.
2025-12-01 21:42:45,304	DEBUG	Command	Status of statement 21 is running.
2025-12-01 21:42:47,309	DEBUG	Command	Status of statement 21 is running.
2025-12-01 21:42:49,313	DEBUG	Command	Status of statement 21 is running.
2025-12-01 21:42:51,318	DEBUG	Command	Status of statement 21 is available.
2025-12-01 21:42:51,319	INFO	EventsHandler	InstanceId: d5b17de1-9ad2-460c-88f9-2c9baee26abd,EventName: notebookStatementExecutionEnd,Timestamp: 2025-12-01 21:42:51.319347,SessionGuid: b81d1553-3dba-489a-ab9e-7ab4a50b36cd,LivyKind: pyspark,SessionId: 953,StatementGuid: 81230dd8-3539-4895-b377-b4cf3a4da8ef,StatementId: 21,Success: True,ExceptionType: ,ExceptionMessage: 
2025-12-01 21:43:40,549	INFO	EventsHandler	InstanceId: d5b17de1-9ad2-460c-88f9-2c9baee26abd,EventName: notebookStatementExecutionStart,Timestamp: 2025-12-01 21:43:40.549293,SessionGuid: b81d1553-3dba-489a-ab9e-7ab4a50b36cd,LivyKind: pyspark,SessionId: 953,StatementGuid: 04b880c3-5d94-4bc6-8688-7e823698e430
2025-12-01 21:43:40,566	DEBUG	Command	Status of statement 22 is running.
2025-12-01 21:43:40,769	DEBUG	Command	Status of statement 22 is running.
2025-12-01 21:43:41,273	DEBUG	Command	Status of statement 22 is running.
2025-12-01 21:43:41,777	DEBUG	Command	Status of statement 22 is running.
2025-12-01 21:43:42,781	DEBUG	Command	Status of statement 22 is running.
2025-12-01 21:43:43,785	DEBUG	Command	Status of statement 22 is running.
2025-12-01 21:43:45,790	DEBUG	Command	Status of statement 22 is running.
2025-12-01 21:43:47,795	DEBUG	Command	Status of statement 22 is running.
2025-12-01 21:43:49,801	DEBUG	Command	Status of statement 22 is running.
2025-12-01 21:43:51,806	DEBUG	Command	Status of statement 22 is available.
2025-12-01 21:43:51,806	INFO	EventsHandler	InstanceId: d5b17de1-9ad2-460c-88f9-2c9baee26abd,EventName: notebookStatementExecutionEnd,Timestamp: 2025-12-01 21:43:51.806760,SessionGuid: b81d1553-3dba-489a-ab9e-7ab4a50b36cd,LivyKind: pyspark,SessionId: 953,StatementGuid: 04b880c3-5d94-4bc6-8688-7e823698e430,StatementId: 22,Success: True,ExceptionType: ,ExceptionMessage: 
2025-12-01 22:18:37,149	INFO	EventsHandler	InstanceId: d5b17de1-9ad2-460c-88f9-2c9baee26abd,EventName: notebookStatementExecutionStart,Timestamp: 2025-12-01 22:18:37.149363,SessionGuid: b81d1553-3dba-489a-ab9e-7ab4a50b36cd,LivyKind: pyspark,SessionId: 953,StatementGuid: 0898347c-325e-4b6b-90fd-bb9cc66c08c9
2025-12-01 22:18:37,164	DEBUG	Command	Status of statement 23 is available.
2025-12-01 22:18:37,165	INFO	EventsHandler	InstanceId: d5b17de1-9ad2-460c-88f9-2c9baee26abd,EventName: notebookStatementExecutionEnd,Timestamp: 2025-12-01 22:18:37.164951,SessionGuid: b81d1553-3dba-489a-ab9e-7ab4a50b36cd,LivyKind: pyspark,SessionId: 953,StatementGuid: 0898347c-325e-4b6b-90fd-bb9cc66c08c9,StatementId: 23,Success: True,ExceptionType: ,ExceptionMessage: 
2025-12-01 22:21:00,632	INFO	EventsHandler	InstanceId: d5b17de1-9ad2-460c-88f9-2c9baee26abd,EventName: notebookStatementExecutionStart,Timestamp: 2025-12-01 22:21:00.632344,SessionGuid: b81d1553-3dba-489a-ab9e-7ab4a50b36cd,LivyKind: pyspark,SessionId: 953,StatementGuid: c0187fca-3394-4508-a029-9c22e70a2cf3
2025-12-01 22:21:00,647	DEBUG	Command	Status of statement 24 is running.
2025-12-01 22:21:00,850	DEBUG	Command	Status of statement 24 is running.
2025-12-01 22:21:01,354	DEBUG	Command	Status of statement 24 is running.
2025-12-01 22:21:01,858	DEBUG	Command	Status of statement 24 is running.
2025-12-01 22:21:02,862	DEBUG	Command	Status of statement 24 is running.
2025-12-01 22:21:03,867	DEBUG	Command	Status of statement 24 is running.
2025-12-01 22:21:05,872	DEBUG	Command	Status of statement 24 is running.
2025-12-01 22:21:07,877	DEBUG	Command	Status of statement 24 is running.
2025-12-01 22:21:09,882	DEBUG	Command	Status of statement 24 is running.
2025-12-01 22:21:11,888	DEBUG	Command	Status of statement 24 is running.
2025-12-01 22:21:13,893	DEBUG	Command	Status of statement 24 is running.
2025-12-01 22:21:15,898	DEBUG	Command	Status of statement 24 is running.
2025-12-01 22:21:17,903	DEBUG	Command	Status of statement 24 is running.
2025-12-01 22:21:19,909	DEBUG	Command	Status of statement 24 is running.
2025-12-01 22:21:21,914	DEBUG	Command	Status of statement 24 is running.
2025-12-01 22:21:23,920	DEBUG	Command	Status of statement 24 is running.
2025-12-01 22:21:25,925	DEBUG	Command	Status of statement 24 is running.
2025-12-01 22:21:27,930	DEBUG	Command	Status of statement 24 is running.
2025-12-01 22:21:29,936	DEBUG	Command	Status of statement 24 is running.
2025-12-01 22:21:31,941	DEBUG	Command	Status of statement 24 is running.
2025-12-01 22:21:33,947	DEBUG	Command	Status of statement 24 is running.
2025-12-01 22:21:35,953	DEBUG	Command	Status of statement 24 is running.
2025-12-01 22:21:37,958	DEBUG	Command	Status of statement 24 is running.
2025-12-01 22:21:39,964	DEBUG	Command	Status of statement 24 is running.
2025-12-01 22:21:41,970	DEBUG	Command	Status of statement 24 is available.
2025-12-01 22:21:41,970	INFO	EventsHandler	InstanceId: d5b17de1-9ad2-460c-88f9-2c9baee26abd,EventName: notebookStatementExecutionEnd,Timestamp: 2025-12-01 22:21:41.970861,SessionGuid: b81d1553-3dba-489a-ab9e-7ab4a50b36cd,LivyKind: pyspark,SessionId: 953,StatementGuid: c0187fca-3394-4508-a029-9c22e70a2cf3,StatementId: 24,Success: True,ExceptionType: ,ExceptionMessage: 
2025-12-01 22:23:59,685	INFO	EventsHandler	InstanceId: d5b17de1-9ad2-460c-88f9-2c9baee26abd,EventName: notebookStatementExecutionStart,Timestamp: 2025-12-01 22:23:59.685163,SessionGuid: b81d1553-3dba-489a-ab9e-7ab4a50b36cd,LivyKind: pyspark,SessionId: 953,StatementGuid: 12393cac-804e-40eb-9a38-1796afe1a3fe
2025-12-01 22:23:59,700	DEBUG	Command	Status of statement 25 is running.
2025-12-01 22:23:59,903	DEBUG	Command	Status of statement 25 is running.
2025-12-01 22:24:00,407	DEBUG	Command	Status of statement 25 is running.
2025-12-01 22:24:00,911	DEBUG	Command	Status of statement 25 is running.
2025-12-01 22:24:01,915	DEBUG	Command	Status of statement 25 is running.
2025-12-01 22:24:02,919	DEBUG	Command	Status of statement 25 is running.
2025-12-01 22:24:04,924	DEBUG	Command	Status of statement 25 is running.
2025-12-01 22:24:06,930	DEBUG	Command	Status of statement 25 is running.
2025-12-01 22:24:08,936	DEBUG	Command	Status of statement 25 is running.
2025-12-01 22:24:10,941	DEBUG	Command	Status of statement 25 is running.
2025-12-01 22:24:12,946	DEBUG	Command	Status of statement 25 is running.
2025-12-01 22:24:14,952	DEBUG	Command	Status of statement 25 is running.
2025-12-01 22:24:16,957	DEBUG	Command	Status of statement 25 is running.
2025-12-01 22:24:18,961	DEBUG	Command	Status of statement 25 is available.
2025-12-01 22:24:18,962	INFO	EventsHandler	InstanceId: d5b17de1-9ad2-460c-88f9-2c9baee26abd,EventName: notebookStatementExecutionEnd,Timestamp: 2025-12-01 22:24:18.962365,SessionGuid: b81d1553-3dba-489a-ab9e-7ab4a50b36cd,LivyKind: pyspark,SessionId: 953,StatementGuid: 12393cac-804e-40eb-9a38-1796afe1a3fe,StatementId: 25,Success: True,ExceptionType: ,ExceptionMessage: 
2025-12-01 22:28:09,645	INFO	EventsHandler	InstanceId: d5b17de1-9ad2-460c-88f9-2c9baee26abd,EventName: notebookStatementExecutionStart,Timestamp: 2025-12-01 22:28:09.645392,SessionGuid: b81d1553-3dba-489a-ab9e-7ab4a50b36cd,LivyKind: pyspark,SessionId: 953,StatementGuid: 9cb22953-91b3-4eff-a2ac-9f59559380e8
2025-12-01 22:28:09,660	DEBUG	Command	Status of statement 26 is running.
2025-12-01 22:28:09,863	DEBUG	Command	Status of statement 26 is running.
2025-12-01 22:28:10,367	DEBUG	Command	Status of statement 26 is running.
2025-12-01 22:28:10,870	DEBUG	Command	Status of statement 26 is running.
2025-12-01 22:28:11,875	DEBUG	Command	Status of statement 26 is running.
2025-12-01 22:28:12,879	DEBUG	Command	Status of statement 26 is running.
2025-12-01 22:28:14,884	DEBUG	Command	Status of statement 26 is running.
2025-12-01 22:28:16,889	DEBUG	Command	Status of statement 26 is running.
2025-12-01 22:28:18,893	DEBUG	Command	Status of statement 26 is running.
2025-12-01 22:28:20,897	DEBUG	Command	Status of statement 26 is running.
2025-12-01 22:28:22,901	DEBUG	Command	Status of statement 26 is running.
2025-12-01 22:28:24,905	DEBUG	Command	Status of statement 26 is running.
2025-12-01 22:28:26,909	DEBUG	Command	Status of statement 26 is running.
2025-12-01 22:28:28,913	DEBUG	Command	Status of statement 26 is running.
2025-12-01 22:28:30,917	DEBUG	Command	Status of statement 26 is running.
2025-12-01 22:28:32,921	DEBUG	Command	Status of statement 26 is running.
2025-12-01 22:28:34,925	DEBUG	Command	Status of statement 26 is running.
2025-12-01 22:28:36,929	DEBUG	Command	Status of statement 26 is running.
2025-12-01 22:28:38,934	DEBUG	Command	Status of statement 26 is running.
2025-12-01 22:28:40,939	DEBUG	Command	Status of statement 26 is running.
2025-12-01 22:28:42,945	DEBUG	Command	Status of statement 26 is running.
2025-12-01 22:28:44,949	DEBUG	Command	Status of statement 26 is running.
2025-12-01 22:28:46,954	DEBUG	Command	Status of statement 26 is running.
2025-12-01 22:28:48,960	DEBUG	Command	Status of statement 26 is running.
2025-12-01 22:28:50,966	DEBUG	Command	Status of statement 26 is running.
2025-12-01 22:28:51,772	INFO	EventsHandler	InstanceId: d5b17de1-9ad2-460c-88f9-2c9baee26abd,EventName: notebookStatementExecutionEnd,Timestamp: 2025-12-01 22:28:51.772187,SessionGuid: b81d1553-3dba-489a-ab9e-7ab4a50b36cd,LivyKind: pyspark,SessionId: 953,StatementGuid: 9cb22953-91b3-4eff-a2ac-9f59559380e8,StatementId: 26,Success: False,ExceptionType: KeyboardInterrupt,ExceptionMessage: 
2025-12-01 22:28:51,775	INFO	EventsHandler	InstanceId: d5b17de1-9ad2-460c-88f9-2c9baee26abd,EventName: notebookSessionDeletionStart,Timestamp: 2025-12-01 22:28:51.775353,SessionGuid: b81d1553-3dba-489a-ab9e-7ab4a50b36cd,LivyKind: pyspark,SessionId: 953,Status: idle
2025-12-01 22:28:51,775	DEBUG	LivySession	Deleting session '953'
2025-12-01 22:28:51,779	DEBUG	LivySession	Session 953 in state busy. Sleeping 0.2 seconds.
2025-12-01 22:28:51,981	DEBUG	LivySession	Session 953 in state shutting_down. Sleeping 0.5 seconds.
2025-12-01 22:28:52,122	INFO	EventsHandler	InstanceId: d5b17de1-9ad2-460c-88f9-2c9baee26abd,EventName: notebookSessionDeletionEnd,Timestamp: 2025-12-01 22:28:52.122279,SessionGuid: b81d1553-3dba-489a-ab9e-7ab4a50b36cd,LivyKind: pyspark,SessionId: 953,Status: dead,Success: True,ExceptionType: ,ExceptionMessage: 
