2025-12-02 21:29:05,889	DEBUG	SparkMagics	Initialized spark magics.
2025-12-02 21:29:05,890	INFO	EventsHandler	InstanceId: 35d415ad-d7bb-4013-8db9-4a379789f1ef,EventName: notebookLoaded,Timestamp: 2025-12-02 21:29:05.890494
2025-12-02 21:29:05,891	DEBUG	python_jupyter_kernel	Loaded magics.
2025-12-02 21:29:05,892	DEBUG	python_jupyter_kernel	Changed language.
2025-12-02 21:29:05,948	DEBUG	python_jupyter_kernel	Registered auto viz.
2025-12-02 21:29:05,990	INFO	EventsHandler	InstanceId: 35d415ad-d7bb-4013-8db9-4a379789f1ef,EventName: notebookMagicExecutionStart,Timestamp: 2025-12-02 21:29:05.990199,MagicName: configure,LivyKind: pyspark,MagicGuid: ee6ccbc1-4f9b-446d-ac2a-dac4b5aefe4d
2025-12-02 21:29:05,990	INFO	EventsHandler	InstanceId: 35d415ad-d7bb-4013-8db9-4a379789f1ef,EventName: notebookMagicExecutionStart,Timestamp: 2025-12-02 21:29:05.990634,MagicName: info,LivyKind: pyspark,MagicGuid: deede044-9642-4c02-9399-53e05d098f35
2025-12-02 21:29:06,058	INFO	EventsHandler	InstanceId: 35d415ad-d7bb-4013-8db9-4a379789f1ef,EventName: notebookMagicExecutionEnd,Timestamp: 2025-12-02 21:29:06.058283,MagicName: info,LivyKind: pyspark,MagicGuid: deede044-9642-4c02-9399-53e05d098f35,Success: True,ExceptionType: ,ExceptionMessage: 
2025-12-02 21:29:06,058	INFO	EventsHandler	InstanceId: 35d415ad-d7bb-4013-8db9-4a379789f1ef,EventName: notebookMagicExecutionEnd,Timestamp: 2025-12-02 21:29:06.058653,MagicName: configure,LivyKind: pyspark,MagicGuid: ee6ccbc1-4f9b-446d-ac2a-dac4b5aefe4d,Success: True,ExceptionType: ,ExceptionMessage: 
2025-12-02 21:29:06,066	INFO	EventsHandler	InstanceId: 35d415ad-d7bb-4013-8db9-4a379789f1ef,EventName: notebookSessionCreationStart,Timestamp: 2025-12-02 21:29:06.066012,SessionGuid: 1da46066-3b05-4861-a1ff-a208fddf7f30,LivyKind: pyspark
2025-12-02 21:29:06,084	DEBUG	LivySession	Session 49 in state starting. Sleeping 0.2 seconds.
2025-12-02 21:29:06,288	DEBUG	LivySession	Session 49 in state starting. Sleeping 0.5 seconds.
2025-12-02 21:29:06,791	DEBUG	LivySession	Session 49 in state starting. Sleeping 0.5 seconds.
2025-12-02 21:29:07,294	DEBUG	LivySession	Session 49 in state starting. Sleeping 1 seconds.
2025-12-02 21:29:08,298	DEBUG	LivySession	Session 49 in state starting. Sleeping 1 seconds.
2025-12-02 21:29:09,301	DEBUG	LivySession	Session 49 in state starting. Sleeping 2 seconds.
2025-12-02 21:29:11,306	DEBUG	LivySession	Session 49 in state starting. Sleeping 2 seconds.
2025-12-02 21:29:13,311	DEBUG	LivySession	Session 49 in state starting. Sleeping 2 seconds.
2025-12-02 21:29:15,316	DEBUG	LivySession	Session 49 in state starting. Sleeping 2 seconds.
2025-12-02 21:29:17,320	DEBUG	LivySession	Session 49 in state starting. Sleeping 2 seconds.
2025-12-02 21:29:19,325	DEBUG	LivySession	Session 49 in state starting. Sleeping 2 seconds.
2025-12-02 21:29:21,329	DEBUG	LivySession	Session 49 in state starting. Sleeping 2 seconds.
2025-12-02 21:29:23,333	DEBUG	LivySession	Session 49 in state starting. Sleeping 2 seconds.
2025-12-02 21:29:25,338	DEBUG	LivySession	Session 49 in state starting. Sleeping 2 seconds.
2025-12-02 21:29:27,343	DEBUG	LivySession	Session 49 in state starting. Sleeping 2 seconds.
2025-12-02 21:29:29,348	DEBUG	LivySession	Session 49 in state starting. Sleeping 2 seconds.
2025-12-02 21:29:31,353	DEBUG	LivySession	Session 49 in state starting. Sleeping 2 seconds.
2025-12-02 21:29:33,357	DEBUG	LivySession	Session 49 in state starting. Sleeping 2 seconds.
2025-12-02 21:29:35,362	DEBUG	LivySession	Session 49 in state starting. Sleeping 2 seconds.
2025-12-02 21:29:37,367	DEBUG	LivySession	Session 49 in state starting. Sleeping 2 seconds.
2025-12-02 21:29:39,372	DEBUG	LivySession	Session 49 in state starting. Sleeping 2 seconds.
2025-12-02 21:29:41,377	DEBUG	LivySession	Session 49 in state starting. Sleeping 2 seconds.
2025-12-02 21:29:43,392	INFO	EventsHandler	InstanceId: 35d415ad-d7bb-4013-8db9-4a379789f1ef,EventName: notebookStatementExecutionStart,Timestamp: 2025-12-02 21:29:43.392013,SessionGuid: 1da46066-3b05-4861-a1ff-a208fddf7f30,LivyKind: pyspark,SessionId: 49,StatementGuid: aeff3ec2-7684-4fac-b220-8af99fb8533c
2025-12-02 21:29:43,420	DEBUG	Command	Status of statement 0 is waiting.
2025-12-02 21:29:43,624	DEBUG	Command	Status of statement 0 is waiting.
2025-12-02 21:29:44,129	DEBUG	Command	Status of statement 0 is waiting.
2025-12-02 21:29:44,633	DEBUG	Command	Status of statement 0 is waiting.
2025-12-02 21:29:45,639	DEBUG	Command	Status of statement 0 is available.
2025-12-02 21:29:45,639	INFO	EventsHandler	InstanceId: 35d415ad-d7bb-4013-8db9-4a379789f1ef,EventName: notebookStatementExecutionEnd,Timestamp: 2025-12-02 21:29:45.639488,SessionGuid: 1da46066-3b05-4861-a1ff-a208fddf7f30,LivyKind: pyspark,SessionId: 49,StatementGuid: aeff3ec2-7684-4fac-b220-8af99fb8533c,StatementId: 0,Success: True,ExceptionType: ,ExceptionMessage: 
2025-12-02 21:29:45,640	INFO	EventsHandler	InstanceId: 35d415ad-d7bb-4013-8db9-4a379789f1ef,EventName: notebookSessionCreationEnd,Timestamp: 2025-12-02 21:29:45.640404,SessionGuid: 1da46066-3b05-4861-a1ff-a208fddf7f30,LivyKind: pyspark,SessionId: 49,Status: idle,Success: True,ExceptionType: ,ExceptionMessage: 
2025-12-02 21:29:45,641	INFO	EventsHandler	InstanceId: 35d415ad-d7bb-4013-8db9-4a379789f1ef,EventName: notebookStatementExecutionStart,Timestamp: 2025-12-02 21:29:45.641828,SessionGuid: 1da46066-3b05-4861-a1ff-a208fddf7f30,LivyKind: pyspark,SessionId: 49,StatementGuid: 343393cf-4848-4acc-bd55-90925ae18bcc
2025-12-02 21:29:45,657	DEBUG	Command	Status of statement 1 is running.
2025-12-02 21:29:45,861	DEBUG	Command	Status of statement 1 is available.
2025-12-02 21:29:45,862	INFO	EventsHandler	InstanceId: 35d415ad-d7bb-4013-8db9-4a379789f1ef,EventName: notebookStatementExecutionEnd,Timestamp: 2025-12-02 21:29:45.862347,SessionGuid: 1da46066-3b05-4861-a1ff-a208fddf7f30,LivyKind: pyspark,SessionId: 49,StatementGuid: 343393cf-4848-4acc-bd55-90925ae18bcc,StatementId: 1,Success: True,ExceptionType: ,ExceptionMessage: 
2025-12-02 21:29:45,872	INFO	EventsHandler	InstanceId: 35d415ad-d7bb-4013-8db9-4a379789f1ef,EventName: notebookStatementExecutionStart,Timestamp: 2025-12-02 21:29:45.872817,SessionGuid: 1da46066-3b05-4861-a1ff-a208fddf7f30,LivyKind: pyspark,SessionId: 49,StatementGuid: 803f3335-f88b-4110-80e7-9919920e7761
2025-12-02 21:29:45,886	DEBUG	Command	Status of statement 2 is running.
2025-12-02 21:29:46,090	DEBUG	Command	Status of statement 2 is running.
2025-12-02 21:29:46,594	DEBUG	Command	Status of statement 2 is running.
2025-12-02 21:29:47,099	DEBUG	Command	Status of statement 2 is running.
2025-12-02 21:29:48,104	DEBUG	Command	Status of statement 2 is running.
2025-12-02 21:29:49,109	DEBUG	Command	Status of statement 2 is running.
2025-12-02 21:29:51,120	DEBUG	Command	Status of statement 2 is running.
2025-12-02 21:29:53,127	DEBUG	Command	Status of statement 2 is running.
2025-12-02 21:29:55,134	DEBUG	Command	Status of statement 2 is running.
2025-12-02 21:29:57,140	DEBUG	Command	Status of statement 2 is available.
2025-12-02 21:29:57,141	INFO	EventsHandler	InstanceId: 35d415ad-d7bb-4013-8db9-4a379789f1ef,EventName: notebookStatementExecutionEnd,Timestamp: 2025-12-02 21:29:57.141066,SessionGuid: 1da46066-3b05-4861-a1ff-a208fddf7f30,LivyKind: pyspark,SessionId: 49,StatementGuid: 803f3335-f88b-4110-80e7-9919920e7761,StatementId: 2,Success: True,ExceptionType: ,ExceptionMessage: 
2025-12-02 21:29:57,148	INFO	EventsHandler	InstanceId: 35d415ad-d7bb-4013-8db9-4a379789f1ef,EventName: notebookStatementExecutionStart,Timestamp: 2025-12-02 21:29:57.148892,SessionGuid: 1da46066-3b05-4861-a1ff-a208fddf7f30,LivyKind: pyspark,SessionId: 49,StatementGuid: fcf6f6bd-275b-4892-816d-0e9612563225
2025-12-02 21:29:57,162	DEBUG	Command	Status of statement 3 is running.
2025-12-02 21:29:57,366	DEBUG	Command	Status of statement 3 is running.
2025-12-02 21:29:57,870	DEBUG	Command	Status of statement 3 is running.
2025-12-02 21:29:58,375	DEBUG	Command	Status of statement 3 is running.
2025-12-02 21:29:59,380	DEBUG	Command	Status of statement 3 is running.
2025-12-02 21:30:00,386	DEBUG	Command	Status of statement 3 is running.
2025-12-02 21:30:02,393	DEBUG	Command	Status of statement 3 is running.
2025-12-02 21:30:04,399	DEBUG	Command	Status of statement 3 is running.
2025-12-02 21:30:06,406	DEBUG	Command	Status of statement 3 is available.
2025-12-02 21:30:06,406	INFO	EventsHandler	InstanceId: 35d415ad-d7bb-4013-8db9-4a379789f1ef,EventName: notebookStatementExecutionEnd,Timestamp: 2025-12-02 21:30:06.406647,SessionGuid: 1da46066-3b05-4861-a1ff-a208fddf7f30,LivyKind: pyspark,SessionId: 49,StatementGuid: fcf6f6bd-275b-4892-816d-0e9612563225,StatementId: 3,Success: True,ExceptionType: ,ExceptionMessage: 
2025-12-02 21:30:06,415	INFO	EventsHandler	InstanceId: 35d415ad-d7bb-4013-8db9-4a379789f1ef,EventName: notebookStatementExecutionStart,Timestamp: 2025-12-02 21:30:06.414991,SessionGuid: 1da46066-3b05-4861-a1ff-a208fddf7f30,LivyKind: pyspark,SessionId: 49,StatementGuid: 2c2d3c61-94ef-41ca-9a89-5c8c7c821a05
2025-12-02 21:30:06,429	DEBUG	Command	Status of statement 4 is running.
2025-12-02 21:30:06,633	DEBUG	Command	Status of statement 4 is running.
2025-12-02 21:30:07,138	DEBUG	Command	Status of statement 4 is running.
2025-12-02 21:30:07,642	DEBUG	Command	Status of statement 4 is running.
2025-12-02 21:30:08,647	DEBUG	Command	Status of statement 4 is available.
2025-12-02 21:30:08,648	INFO	EventsHandler	InstanceId: 35d415ad-d7bb-4013-8db9-4a379789f1ef,EventName: notebookStatementExecutionEnd,Timestamp: 2025-12-02 21:30:08.647948,SessionGuid: 1da46066-3b05-4861-a1ff-a208fddf7f30,LivyKind: pyspark,SessionId: 49,StatementGuid: 2c2d3c61-94ef-41ca-9a89-5c8c7c821a05,StatementId: 4,Success: True,ExceptionType: ,ExceptionMessage: 
2025-12-02 21:30:08,656	INFO	EventsHandler	InstanceId: 35d415ad-d7bb-4013-8db9-4a379789f1ef,EventName: notebookStatementExecutionStart,Timestamp: 2025-12-02 21:30:08.656469,SessionGuid: 1da46066-3b05-4861-a1ff-a208fddf7f30,LivyKind: pyspark,SessionId: 49,StatementGuid: 3aceab3f-5a94-4c08-b331-45c2c4e90156
2025-12-02 21:30:08,670	DEBUG	Command	Status of statement 5 is running.
2025-12-02 21:30:08,875	DEBUG	Command	Status of statement 5 is available.
2025-12-02 21:30:08,875	INFO	EventsHandler	InstanceId: 35d415ad-d7bb-4013-8db9-4a379789f1ef,EventName: notebookStatementExecutionEnd,Timestamp: 2025-12-02 21:30:08.875537,SessionGuid: 1da46066-3b05-4861-a1ff-a208fddf7f30,LivyKind: pyspark,SessionId: 49,StatementGuid: 3aceab3f-5a94-4c08-b331-45c2c4e90156,StatementId: 5,Success: True,ExceptionType: ,ExceptionMessage: 
2025-12-02 21:30:08,885	INFO	EventsHandler	InstanceId: 35d415ad-d7bb-4013-8db9-4a379789f1ef,EventName: notebookStatementExecutionStart,Timestamp: 2025-12-02 21:30:08.885487,SessionGuid: 1da46066-3b05-4861-a1ff-a208fddf7f30,LivyKind: pyspark,SessionId: 49,StatementGuid: 71e362b8-0c06-443f-951d-50cda11e98a7
2025-12-02 21:30:08,899	DEBUG	Command	Status of statement 6 is running.
2025-12-02 21:30:09,104	DEBUG	Command	Status of statement 6 is running.
2025-12-02 21:30:09,608	DEBUG	Command	Status of statement 6 is running.
2025-12-02 21:30:10,112	DEBUG	Command	Status of statement 6 is running.
2025-12-02 21:30:11,118	DEBUG	Command	Status of statement 6 is available.
2025-12-02 21:30:11,118	INFO	EventsHandler	InstanceId: 35d415ad-d7bb-4013-8db9-4a379789f1ef,EventName: notebookStatementExecutionEnd,Timestamp: 2025-12-02 21:30:11.118591,SessionGuid: 1da46066-3b05-4861-a1ff-a208fddf7f30,LivyKind: pyspark,SessionId: 49,StatementGuid: 71e362b8-0c06-443f-951d-50cda11e98a7,StatementId: 6,Success: True,ExceptionType: ,ExceptionMessage: 
2025-12-02 21:30:26,975	INFO	EventsHandler	InstanceId: 35d415ad-d7bb-4013-8db9-4a379789f1ef,EventName: notebookStatementExecutionStart,Timestamp: 2025-12-02 21:30:26.975019,SessionGuid: 1da46066-3b05-4861-a1ff-a208fddf7f30,LivyKind: pyspark,SessionId: 49,StatementGuid: f46e3658-0d18-4a3b-b9d2-526bc6e0ebc1
2025-12-02 21:30:26,988	DEBUG	Command	Status of statement 7 is available.
2025-12-02 21:30:26,988	INFO	EventsHandler	InstanceId: 35d415ad-d7bb-4013-8db9-4a379789f1ef,EventName: notebookStatementExecutionEnd,Timestamp: 2025-12-02 21:30:26.988546,SessionGuid: 1da46066-3b05-4861-a1ff-a208fddf7f30,LivyKind: pyspark,SessionId: 49,StatementGuid: f46e3658-0d18-4a3b-b9d2-526bc6e0ebc1,StatementId: 7,Success: True,ExceptionType: ,ExceptionMessage: 
2025-12-02 21:31:01,327	INFO	EventsHandler	InstanceId: 35d415ad-d7bb-4013-8db9-4a379789f1ef,EventName: notebookStatementExecutionStart,Timestamp: 2025-12-02 21:31:01.327946,SessionGuid: 1da46066-3b05-4861-a1ff-a208fddf7f30,LivyKind: pyspark,SessionId: 49,StatementGuid: 539177de-3197-4f67-a103-78005beff319
2025-12-02 21:31:01,345	DEBUG	Command	Status of statement 8 is running.
2025-12-02 21:31:01,549	DEBUG	Command	Status of statement 8 is available.
2025-12-02 21:31:01,550	INFO	EventsHandler	InstanceId: 35d415ad-d7bb-4013-8db9-4a379789f1ef,EventName: notebookStatementExecutionEnd,Timestamp: 2025-12-02 21:31:01.550342,SessionGuid: 1da46066-3b05-4861-a1ff-a208fddf7f30,LivyKind: pyspark,SessionId: 49,StatementGuid: 539177de-3197-4f67-a103-78005beff319,StatementId: 8,Success: True,ExceptionType: ,ExceptionMessage: 
2025-12-02 21:31:57,953	INFO	EventsHandler	InstanceId: 35d415ad-d7bb-4013-8db9-4a379789f1ef,EventName: notebookStatementExecutionStart,Timestamp: 2025-12-02 21:31:57.952996,SessionGuid: 1da46066-3b05-4861-a1ff-a208fddf7f30,LivyKind: pyspark,SessionId: 49,StatementGuid: 4cd85b6b-35ec-4f34-b150-1d060c9b4785
2025-12-02 21:31:57,969	DEBUG	Command	Status of statement 9 is running.
2025-12-02 21:31:58,172	DEBUG	Command	Status of statement 9 is available.
2025-12-02 21:31:58,173	INFO	EventsHandler	InstanceId: 35d415ad-d7bb-4013-8db9-4a379789f1ef,EventName: notebookStatementExecutionEnd,Timestamp: 2025-12-02 21:31:58.173445,SessionGuid: 1da46066-3b05-4861-a1ff-a208fddf7f30,LivyKind: pyspark,SessionId: 49,StatementGuid: 4cd85b6b-35ec-4f34-b150-1d060c9b4785,StatementId: 9,Success: True,ExceptionType: ,ExceptionMessage: 
2025-12-02 21:32:32,444	INFO	EventsHandler	InstanceId: 35d415ad-d7bb-4013-8db9-4a379789f1ef,EventName: notebookStatementExecutionStart,Timestamp: 2025-12-02 21:32:32.444049,SessionGuid: 1da46066-3b05-4861-a1ff-a208fddf7f30,LivyKind: pyspark,SessionId: 49,StatementGuid: ebba37dc-4ea9-468b-89c0-d2f1fcbbbf27
2025-12-02 21:32:32,461	DEBUG	Command	Status of statement 10 is running.
2025-12-02 21:32:32,665	DEBUG	Command	Status of statement 10 is running.
2025-12-02 21:32:33,169	DEBUG	Command	Status of statement 10 is running.
2025-12-02 21:32:33,673	DEBUG	Command	Status of statement 10 is running.
2025-12-02 21:32:34,678	DEBUG	Command	Status of statement 10 is running.
2025-12-02 21:32:35,683	DEBUG	Command	Status of statement 10 is running.
2025-12-02 21:32:37,689	DEBUG	Command	Status of statement 10 is running.
2025-12-02 21:32:39,694	DEBUG	Command	Status of statement 10 is running.
2025-12-02 21:32:41,698	DEBUG	Command	Status of statement 10 is running.
2025-12-02 21:32:43,703	DEBUG	Command	Status of statement 10 is running.
2025-12-02 21:32:45,709	DEBUG	Command	Status of statement 10 is running.
2025-12-02 21:32:47,714	DEBUG	Command	Status of statement 10 is running.
2025-12-02 21:32:49,718	DEBUG	Command	Status of statement 10 is running.
2025-12-02 21:32:51,724	DEBUG	Command	Status of statement 10 is running.
2025-12-02 21:32:53,731	DEBUG	Command	Status of statement 10 is running.
2025-12-02 21:32:55,737	DEBUG	Command	Status of statement 10 is running.
2025-12-02 21:32:57,743	DEBUG	Command	Status of statement 10 is running.
2025-12-02 21:32:59,749	DEBUG	Command	Status of statement 10 is running.
2025-12-02 21:33:01,754	DEBUG	Command	Status of statement 10 is running.
2025-12-02 21:33:03,760	DEBUG	Command	Status of statement 10 is available.
2025-12-02 21:33:03,761	INFO	EventsHandler	InstanceId: 35d415ad-d7bb-4013-8db9-4a379789f1ef,EventName: notebookStatementExecutionEnd,Timestamp: 2025-12-02 21:33:03.761308,SessionGuid: 1da46066-3b05-4861-a1ff-a208fddf7f30,LivyKind: pyspark,SessionId: 49,StatementGuid: ebba37dc-4ea9-468b-89c0-d2f1fcbbbf27,StatementId: 10,Success: True,ExceptionType: ,ExceptionMessage: 
2025-12-02 21:35:49,443	INFO	EventsHandler	InstanceId: 35d415ad-d7bb-4013-8db9-4a379789f1ef,EventName: notebookStatementExecutionStart,Timestamp: 2025-12-02 21:35:49.443732,SessionGuid: 1da46066-3b05-4861-a1ff-a208fddf7f30,LivyKind: pyspark,SessionId: 49,StatementGuid: b3931b87-89a2-49ac-9069-606b47c86797
2025-12-02 21:35:49,463	DEBUG	Command	Status of statement 11 is running.
2025-12-02 21:35:49,667	DEBUG	Command	Status of statement 11 is available.
2025-12-02 21:35:49,667	INFO	EventsHandler	InstanceId: 35d415ad-d7bb-4013-8db9-4a379789f1ef,EventName: notebookStatementExecutionEnd,Timestamp: 2025-12-02 21:35:49.667715,SessionGuid: 1da46066-3b05-4861-a1ff-a208fddf7f30,LivyKind: pyspark,SessionId: 49,StatementGuid: b3931b87-89a2-49ac-9069-606b47c86797,StatementId: 11,Success: True,ExceptionType: ,ExceptionMessage: 
2025-12-02 21:36:04,358	INFO	EventsHandler	InstanceId: 35d415ad-d7bb-4013-8db9-4a379789f1ef,EventName: notebookStatementExecutionStart,Timestamp: 2025-12-02 21:36:04.358489,SessionGuid: 1da46066-3b05-4861-a1ff-a208fddf7f30,LivyKind: pyspark,SessionId: 49,StatementGuid: 79c6a667-4d8c-4f45-9bed-1f987f87e8a1
2025-12-02 21:36:04,375	DEBUG	Command	Status of statement 12 is running.
2025-12-02 21:36:04,579	DEBUG	Command	Status of statement 12 is available.
2025-12-02 21:36:04,580	INFO	EventsHandler	InstanceId: 35d415ad-d7bb-4013-8db9-4a379789f1ef,EventName: notebookStatementExecutionEnd,Timestamp: 2025-12-02 21:36:04.580191,SessionGuid: 1da46066-3b05-4861-a1ff-a208fddf7f30,LivyKind: pyspark,SessionId: 49,StatementGuid: 79c6a667-4d8c-4f45-9bed-1f987f87e8a1,StatementId: 12,Success: True,ExceptionType: ,ExceptionMessage: 
2025-12-02 21:36:23,916	INFO	EventsHandler	InstanceId: 35d415ad-d7bb-4013-8db9-4a379789f1ef,EventName: notebookStatementExecutionStart,Timestamp: 2025-12-02 21:36:23.916292,SessionGuid: 1da46066-3b05-4861-a1ff-a208fddf7f30,LivyKind: pyspark,SessionId: 49,StatementGuid: 361d698c-8913-4e51-a259-e4810e0dd804
2025-12-02 21:36:23,930	DEBUG	Command	Status of statement 13 is running.
2025-12-02 21:36:24,134	DEBUG	Command	Status of statement 13 is available.
2025-12-02 21:36:24,134	INFO	EventsHandler	InstanceId: 35d415ad-d7bb-4013-8db9-4a379789f1ef,EventName: notebookStatementExecutionEnd,Timestamp: 2025-12-02 21:36:24.134800,SessionGuid: 1da46066-3b05-4861-a1ff-a208fddf7f30,LivyKind: pyspark,SessionId: 49,StatementGuid: 361d698c-8913-4e51-a259-e4810e0dd804,StatementId: 13,Success: True,ExceptionType: ,ExceptionMessage: 
2025-12-02 21:36:40,180	INFO	EventsHandler	InstanceId: 35d415ad-d7bb-4013-8db9-4a379789f1ef,EventName: notebookStatementExecutionStart,Timestamp: 2025-12-02 21:36:40.180555,SessionGuid: 1da46066-3b05-4861-a1ff-a208fddf7f30,LivyKind: pyspark,SessionId: 49,StatementGuid: eb31b71d-4a0b-4b41-98f8-c1f01cecd3f5
2025-12-02 21:36:40,193	DEBUG	Command	Status of statement 14 is running.
2025-12-02 21:36:40,397	DEBUG	Command	Status of statement 14 is available.
2025-12-02 21:36:40,398	INFO	EventsHandler	InstanceId: 35d415ad-d7bb-4013-8db9-4a379789f1ef,EventName: notebookStatementExecutionEnd,Timestamp: 2025-12-02 21:36:40.398162,SessionGuid: 1da46066-3b05-4861-a1ff-a208fddf7f30,LivyKind: pyspark,SessionId: 49,StatementGuid: eb31b71d-4a0b-4b41-98f8-c1f01cecd3f5,StatementId: 14,Success: True,ExceptionType: ,ExceptionMessage: 
2025-12-02 21:36:43,673	INFO	EventsHandler	InstanceId: 35d415ad-d7bb-4013-8db9-4a379789f1ef,EventName: notebookStatementExecutionStart,Timestamp: 2025-12-02 21:36:43.673235,SessionGuid: 1da46066-3b05-4861-a1ff-a208fddf7f30,LivyKind: pyspark,SessionId: 49,StatementGuid: c8c0e173-9b79-47cb-b250-0da01671db66
2025-12-02 21:36:43,688	DEBUG	Command	Status of statement 15 is available.
2025-12-02 21:36:43,688	INFO	EventsHandler	InstanceId: 35d415ad-d7bb-4013-8db9-4a379789f1ef,EventName: notebookStatementExecutionEnd,Timestamp: 2025-12-02 21:36:43.688902,SessionGuid: 1da46066-3b05-4861-a1ff-a208fddf7f30,LivyKind: pyspark,SessionId: 49,StatementGuid: c8c0e173-9b79-47cb-b250-0da01671db66,StatementId: 15,Success: True,ExceptionType: ,ExceptionMessage: 
2025-12-02 21:37:12,653	INFO	EventsHandler	InstanceId: 35d415ad-d7bb-4013-8db9-4a379789f1ef,EventName: notebookStatementExecutionStart,Timestamp: 2025-12-02 21:37:12.653237,SessionGuid: 1da46066-3b05-4861-a1ff-a208fddf7f30,LivyKind: pyspark,SessionId: 49,StatementGuid: d9379f68-b3cb-4459-ad41-b97f8feb106d
2025-12-02 21:37:12,669	DEBUG	Command	Status of statement 16 is running.
2025-12-02 21:37:12,872	DEBUG	Command	Status of statement 16 is available.
2025-12-02 21:37:12,873	INFO	EventsHandler	InstanceId: 35d415ad-d7bb-4013-8db9-4a379789f1ef,EventName: notebookStatementExecutionEnd,Timestamp: 2025-12-02 21:37:12.873379,SessionGuid: 1da46066-3b05-4861-a1ff-a208fddf7f30,LivyKind: pyspark,SessionId: 49,StatementGuid: d9379f68-b3cb-4459-ad41-b97f8feb106d,StatementId: 16,Success: True,ExceptionType: ,ExceptionMessage: 
2025-12-02 21:37:19,421	INFO	EventsHandler	InstanceId: 35d415ad-d7bb-4013-8db9-4a379789f1ef,EventName: notebookStatementExecutionStart,Timestamp: 2025-12-02 21:37:19.421550,SessionGuid: 1da46066-3b05-4861-a1ff-a208fddf7f30,LivyKind: pyspark,SessionId: 49,StatementGuid: 26ea1fb4-61d7-4d40-a19b-45e40b009dfc
2025-12-02 21:37:19,437	DEBUG	Command	Status of statement 17 is running.
2025-12-02 21:37:19,641	DEBUG	Command	Status of statement 17 is available.
2025-12-02 21:37:19,641	INFO	EventsHandler	InstanceId: 35d415ad-d7bb-4013-8db9-4a379789f1ef,EventName: notebookStatementExecutionEnd,Timestamp: 2025-12-02 21:37:19.641492,SessionGuid: 1da46066-3b05-4861-a1ff-a208fddf7f30,LivyKind: pyspark,SessionId: 49,StatementGuid: 26ea1fb4-61d7-4d40-a19b-45e40b009dfc,StatementId: 17,Success: True,ExceptionType: ,ExceptionMessage: 
2025-12-02 21:37:32,963	INFO	EventsHandler	InstanceId: 35d415ad-d7bb-4013-8db9-4a379789f1ef,EventName: notebookStatementExecutionStart,Timestamp: 2025-12-02 21:37:32.963654,SessionGuid: 1da46066-3b05-4861-a1ff-a208fddf7f30,LivyKind: pyspark,SessionId: 49,StatementGuid: a3b84f58-3e2f-4bb2-a0a4-731b93d2036f
2025-12-02 21:37:32,977	DEBUG	Command	Status of statement 18 is running.
2025-12-02 21:37:33,181	DEBUG	Command	Status of statement 18 is running.
2025-12-02 21:37:33,685	DEBUG	Command	Status of statement 18 is running.
2025-12-02 21:37:34,190	DEBUG	Command	Status of statement 18 is running.
2025-12-02 21:37:35,194	DEBUG	Command	Status of statement 18 is running.
2025-12-02 21:37:36,198	DEBUG	Command	Status of statement 18 is running.
2025-12-02 21:37:38,203	DEBUG	Command	Status of statement 18 is running.
2025-12-02 21:37:40,209	DEBUG	Command	Status of statement 18 is running.
2025-12-02 21:37:42,215	DEBUG	Command	Status of statement 18 is running.
2025-12-02 21:37:44,221	DEBUG	Command	Status of statement 18 is running.
2025-12-02 21:37:46,227	DEBUG	Command	Status of statement 18 is running.
2025-12-02 21:37:48,233	DEBUG	Command	Status of statement 18 is running.
2025-12-02 21:37:50,237	DEBUG	Command	Status of statement 18 is running.
2025-12-02 21:37:52,242	DEBUG	Command	Status of statement 18 is running.
2025-12-02 21:37:54,248	DEBUG	Command	Status of statement 18 is running.
2025-12-02 21:37:56,254	DEBUG	Command	Status of statement 18 is running.
2025-12-02 21:37:58,261	DEBUG	Command	Status of statement 18 is available.
2025-12-02 21:37:58,262	INFO	EventsHandler	InstanceId: 35d415ad-d7bb-4013-8db9-4a379789f1ef,EventName: notebookStatementExecutionEnd,Timestamp: 2025-12-02 21:37:58.262182,SessionGuid: 1da46066-3b05-4861-a1ff-a208fddf7f30,LivyKind: pyspark,SessionId: 49,StatementGuid: a3b84f58-3e2f-4bb2-a0a4-731b93d2036f,StatementId: 18,Success: True,ExceptionType: ,ExceptionMessage: 
2025-12-02 21:39:51,822	INFO	EventsHandler	InstanceId: 35d415ad-d7bb-4013-8db9-4a379789f1ef,EventName: notebookStatementExecutionStart,Timestamp: 2025-12-02 21:39:51.822732,SessionGuid: 1da46066-3b05-4861-a1ff-a208fddf7f30,LivyKind: pyspark,SessionId: 49,StatementGuid: e3f96ed8-9efe-4124-8b69-079313b93f53
2025-12-02 21:39:51,840	DEBUG	Command	Status of statement 19 is running.
2025-12-02 21:39:52,044	DEBUG	Command	Status of statement 19 is running.
2025-12-02 21:39:52,548	DEBUG	Command	Status of statement 19 is running.
2025-12-02 21:39:53,052	DEBUG	Command	Status of statement 19 is running.
2025-12-02 21:39:54,056	DEBUG	Command	Status of statement 19 is running.
2025-12-02 21:39:55,060	DEBUG	Command	Status of statement 19 is running.
2025-12-02 21:39:57,066	DEBUG	Command	Status of statement 19 is running.
2025-12-02 21:39:59,072	DEBUG	Command	Status of statement 19 is running.
2025-12-02 21:40:01,078	DEBUG	Command	Status of statement 19 is running.
2025-12-02 21:40:03,082	DEBUG	Command	Status of statement 19 is running.
2025-12-02 21:40:05,087	DEBUG	Command	Status of statement 19 is running.
2025-12-02 21:40:07,093	DEBUG	Command	Status of statement 19 is running.
2025-12-02 21:40:09,098	DEBUG	Command	Status of statement 19 is running.
2025-12-02 21:40:11,103	DEBUG	Command	Status of statement 19 is running.
2025-12-02 21:40:13,109	DEBUG	Command	Status of statement 19 is running.
2025-12-02 21:40:15,116	DEBUG	Command	Status of statement 19 is running.
2025-12-02 21:40:17,120	DEBUG	Command	Status of statement 19 is available.
2025-12-02 21:40:17,121	INFO	EventsHandler	InstanceId: 35d415ad-d7bb-4013-8db9-4a379789f1ef,EventName: notebookStatementExecutionEnd,Timestamp: 2025-12-02 21:40:17.121319,SessionGuid: 1da46066-3b05-4861-a1ff-a208fddf7f30,LivyKind: pyspark,SessionId: 49,StatementGuid: e3f96ed8-9efe-4124-8b69-079313b93f53,StatementId: 19,Success: True,ExceptionType: ,ExceptionMessage: 
2025-12-02 21:41:36,828	INFO	EventsHandler	InstanceId: 35d415ad-d7bb-4013-8db9-4a379789f1ef,EventName: notebookStatementExecutionStart,Timestamp: 2025-12-02 21:41:36.828794,SessionGuid: 1da46066-3b05-4861-a1ff-a208fddf7f30,LivyKind: pyspark,SessionId: 49,StatementGuid: 42cdb641-6e84-46ce-bf37-98f7185f9ea4
2025-12-02 21:41:36,845	DEBUG	Command	Status of statement 20 is running.
2025-12-02 21:41:37,050	DEBUG	Command	Status of statement 20 is running.
2025-12-02 21:41:37,554	DEBUG	Command	Status of statement 20 is running.
2025-12-02 21:41:38,058	DEBUG	Command	Status of statement 20 is running.
2025-12-02 21:41:39,061	DEBUG	Command	Status of statement 20 is running.
2025-12-02 21:41:40,066	DEBUG	Command	Status of statement 20 is running.
2025-12-02 21:41:42,072	DEBUG	Command	Status of statement 20 is running.
2025-12-02 21:41:44,078	DEBUG	Command	Status of statement 20 is running.
2025-12-02 21:41:46,084	DEBUG	Command	Status of statement 20 is running.
2025-12-02 21:41:48,090	DEBUG	Command	Status of statement 20 is running.
2025-12-02 21:41:50,095	DEBUG	Command	Status of statement 20 is running.
2025-12-02 21:41:52,101	DEBUG	Command	Status of statement 20 is running.
2025-12-02 21:41:54,107	DEBUG	Command	Status of statement 20 is running.
2025-12-02 21:41:56,112	DEBUG	Command	Status of statement 20 is running.
2025-12-02 21:41:58,118	DEBUG	Command	Status of statement 20 is running.
2025-12-02 21:42:00,124	DEBUG	Command	Status of statement 20 is running.
2025-12-02 21:42:02,130	DEBUG	Command	Status of statement 20 is running.
2025-12-02 21:42:04,136	DEBUG	Command	Status of statement 20 is available.
2025-12-02 21:42:04,137	INFO	EventsHandler	InstanceId: 35d415ad-d7bb-4013-8db9-4a379789f1ef,EventName: notebookStatementExecutionEnd,Timestamp: 2025-12-02 21:42:04.137283,SessionGuid: 1da46066-3b05-4861-a1ff-a208fddf7f30,LivyKind: pyspark,SessionId: 49,StatementGuid: 42cdb641-6e84-46ce-bf37-98f7185f9ea4,StatementId: 20,Success: True,ExceptionType: ,ExceptionMessage: 
2025-12-02 21:43:07,281	INFO	EventsHandler	InstanceId: 35d415ad-d7bb-4013-8db9-4a379789f1ef,EventName: notebookStatementExecutionStart,Timestamp: 2025-12-02 21:43:07.281719,SessionGuid: 1da46066-3b05-4861-a1ff-a208fddf7f30,LivyKind: pyspark,SessionId: 49,StatementGuid: b5741a7d-a1d1-4450-bc90-732b4d1707fa
2025-12-02 21:43:07,300	DEBUG	Command	Status of statement 21 is available.
2025-12-02 21:43:07,300	INFO	EventsHandler	InstanceId: 35d415ad-d7bb-4013-8db9-4a379789f1ef,EventName: notebookStatementExecutionEnd,Timestamp: 2025-12-02 21:43:07.300367,SessionGuid: 1da46066-3b05-4861-a1ff-a208fddf7f30,LivyKind: pyspark,SessionId: 49,StatementGuid: b5741a7d-a1d1-4450-bc90-732b4d1707fa,StatementId: 21,Success: True,ExceptionType: ,ExceptionMessage: 
2025-12-02 21:43:20,479	INFO	EventsHandler	InstanceId: 35d415ad-d7bb-4013-8db9-4a379789f1ef,EventName: notebookStatementExecutionStart,Timestamp: 2025-12-02 21:43:20.479626,SessionGuid: 1da46066-3b05-4861-a1ff-a208fddf7f30,LivyKind: pyspark,SessionId: 49,StatementGuid: f4dfee79-99d5-4e46-b5d1-148a67c799d4
2025-12-02 21:43:20,493	DEBUG	Command	Status of statement 22 is available.
2025-12-02 21:43:20,493	INFO	EventsHandler	InstanceId: 35d415ad-d7bb-4013-8db9-4a379789f1ef,EventName: notebookStatementExecutionEnd,Timestamp: 2025-12-02 21:43:20.493362,SessionGuid: 1da46066-3b05-4861-a1ff-a208fddf7f30,LivyKind: pyspark,SessionId: 49,StatementGuid: f4dfee79-99d5-4e46-b5d1-148a67c799d4,StatementId: 22,Success: True,ExceptionType: ,ExceptionMessage: 
2025-12-02 21:43:24,069	INFO	EventsHandler	InstanceId: 35d415ad-d7bb-4013-8db9-4a379789f1ef,EventName: notebookStatementExecutionStart,Timestamp: 2025-12-02 21:43:24.069925,SessionGuid: 1da46066-3b05-4861-a1ff-a208fddf7f30,LivyKind: pyspark,SessionId: 49,StatementGuid: 681eb81e-eb51-4d0d-b172-38e06d378488
2025-12-02 21:43:24,083	DEBUG	Command	Status of statement 23 is running.
2025-12-02 21:43:24,286	DEBUG	Command	Status of statement 23 is running.
2025-12-02 21:43:24,791	DEBUG	Command	Status of statement 23 is running.
2025-12-02 21:43:25,295	DEBUG	Command	Status of statement 23 is running.
2025-12-02 21:43:26,300	DEBUG	Command	Status of statement 23 is running.
2025-12-02 21:43:27,304	DEBUG	Command	Status of statement 23 is running.
2025-12-02 21:43:29,310	DEBUG	Command	Status of statement 23 is running.
2025-12-02 21:43:31,316	DEBUG	Command	Status of statement 23 is running.
2025-12-02 21:43:33,321	DEBUG	Command	Status of statement 23 is running.
2025-12-02 21:43:35,326	DEBUG	Command	Status of statement 23 is running.
2025-12-02 21:43:37,333	DEBUG	Command	Status of statement 23 is running.
2025-12-02 21:43:39,339	DEBUG	Command	Status of statement 23 is running.
2025-12-02 21:43:41,343	DEBUG	Command	Status of statement 23 is running.
2025-12-02 21:43:43,349	DEBUG	Command	Status of statement 23 is running.
2025-12-02 21:43:45,355	DEBUG	Command	Status of statement 23 is running.
2025-12-02 21:43:47,361	DEBUG	Command	Status of statement 23 is running.
2025-12-02 21:43:49,366	DEBUG	Command	Status of statement 23 is running.
2025-12-02 21:43:51,373	DEBUG	Command	Status of statement 23 is available.
2025-12-02 21:43:51,374	INFO	EventsHandler	InstanceId: 35d415ad-d7bb-4013-8db9-4a379789f1ef,EventName: notebookStatementExecutionEnd,Timestamp: 2025-12-02 21:43:51.374375,SessionGuid: 1da46066-3b05-4861-a1ff-a208fddf7f30,LivyKind: pyspark,SessionId: 49,StatementGuid: 681eb81e-eb51-4d0d-b172-38e06d378488,StatementId: 23,Success: True,ExceptionType: ,ExceptionMessage: 
2025-12-02 21:44:42,586	INFO	EventsHandler	InstanceId: 35d415ad-d7bb-4013-8db9-4a379789f1ef,EventName: notebookStatementExecutionStart,Timestamp: 2025-12-02 21:44:42.586463,SessionGuid: 1da46066-3b05-4861-a1ff-a208fddf7f30,LivyKind: pyspark,SessionId: 49,StatementGuid: f5c26623-4cad-42bc-a268-d1f8f9d1e0f5
2025-12-02 21:44:42,605	DEBUG	Command	Status of statement 24 is running.
2025-12-02 21:44:42,809	DEBUG	Command	Status of statement 24 is running.
2025-12-02 21:44:43,313	DEBUG	Command	Status of statement 24 is running.
2025-12-02 21:44:43,818	DEBUG	Command	Status of statement 24 is running.
2025-12-02 21:44:44,823	DEBUG	Command	Status of statement 24 is running.
2025-12-02 21:44:45,827	DEBUG	Command	Status of statement 24 is running.
2025-12-02 21:44:47,833	DEBUG	Command	Status of statement 24 is running.
2025-12-02 21:44:49,838	DEBUG	Command	Status of statement 24 is running.
2025-12-02 21:44:51,842	DEBUG	Command	Status of statement 24 is running.
2025-12-02 21:44:53,846	DEBUG	Command	Status of statement 24 is available.
2025-12-02 21:44:53,846	INFO	EventsHandler	InstanceId: 35d415ad-d7bb-4013-8db9-4a379789f1ef,EventName: notebookStatementExecutionEnd,Timestamp: 2025-12-02 21:44:53.846780,SessionGuid: 1da46066-3b05-4861-a1ff-a208fddf7f30,LivyKind: pyspark,SessionId: 49,StatementGuid: f5c26623-4cad-42bc-a268-d1f8f9d1e0f5,StatementId: 24,Success: True,ExceptionType: ,ExceptionMessage: 
2025-12-02 21:45:26,975	INFO	EventsHandler	InstanceId: 35d415ad-d7bb-4013-8db9-4a379789f1ef,EventName: notebookStatementExecutionStart,Timestamp: 2025-12-02 21:45:26.975420,SessionGuid: 1da46066-3b05-4861-a1ff-a208fddf7f30,LivyKind: pyspark,SessionId: 49,StatementGuid: 1afb41bd-e440-48ab-a211-67e877606948
2025-12-02 21:45:26,992	DEBUG	Command	Status of statement 25 is running.
2025-12-02 21:45:27,196	DEBUG	Command	Status of statement 25 is running.
2025-12-02 21:45:27,700	DEBUG	Command	Status of statement 25 is running.
2025-12-02 21:45:28,205	DEBUG	Command	Status of statement 25 is running.
2025-12-02 21:45:29,209	DEBUG	Command	Status of statement 25 is running.
2025-12-02 21:45:30,214	DEBUG	Command	Status of statement 25 is running.
2025-12-02 21:45:32,218	DEBUG	Command	Status of statement 25 is running.
2025-12-02 21:45:34,224	DEBUG	Command	Status of statement 25 is running.
2025-12-02 21:45:36,230	DEBUG	Command	Status of statement 25 is running.
2025-12-02 21:45:38,236	DEBUG	Command	Status of statement 25 is available.
2025-12-02 21:45:38,236	INFO	EventsHandler	InstanceId: 35d415ad-d7bb-4013-8db9-4a379789f1ef,EventName: notebookStatementExecutionEnd,Timestamp: 2025-12-02 21:45:38.236464,SessionGuid: 1da46066-3b05-4861-a1ff-a208fddf7f30,LivyKind: pyspark,SessionId: 49,StatementGuid: 1afb41bd-e440-48ab-a211-67e877606948,StatementId: 25,Success: True,ExceptionType: ,ExceptionMessage: 
2025-12-02 21:46:22,891	INFO	EventsHandler	InstanceId: 35d415ad-d7bb-4013-8db9-4a379789f1ef,EventName: notebookStatementExecutionStart,Timestamp: 2025-12-02 21:46:22.891809,SessionGuid: 1da46066-3b05-4861-a1ff-a208fddf7f30,LivyKind: pyspark,SessionId: 49,StatementGuid: 1168e991-0baf-4334-a537-0225f4b5f3be
2025-12-02 21:46:22,907	DEBUG	Command	Status of statement 26 is running.
2025-12-02 21:46:23,111	DEBUG	Command	Status of statement 26 is running.
2025-12-02 21:46:23,615	DEBUG	Command	Status of statement 26 is available.
2025-12-02 21:46:23,615	INFO	EventsHandler	InstanceId: 35d415ad-d7bb-4013-8db9-4a379789f1ef,EventName: notebookStatementExecutionEnd,Timestamp: 2025-12-02 21:46:23.615588,SessionGuid: 1da46066-3b05-4861-a1ff-a208fddf7f30,LivyKind: pyspark,SessionId: 49,StatementGuid: 1168e991-0baf-4334-a537-0225f4b5f3be,StatementId: 26,Success: True,ExceptionType: ,ExceptionMessage: 
2025-12-02 21:46:30,312	INFO	EventsHandler	InstanceId: 35d415ad-d7bb-4013-8db9-4a379789f1ef,EventName: notebookStatementExecutionStart,Timestamp: 2025-12-02 21:46:30.312298,SessionGuid: 1da46066-3b05-4861-a1ff-a208fddf7f30,LivyKind: pyspark,SessionId: 49,StatementGuid: e572bd04-acc3-4b54-8d6f-64d771d41ce3
2025-12-02 21:46:30,325	DEBUG	Command	Status of statement 27 is running.
2025-12-02 21:46:30,529	DEBUG	Command	Status of statement 27 is running.
2025-12-02 21:46:31,033	DEBUG	Command	Status of statement 27 is available.
2025-12-02 21:46:31,034	INFO	EventsHandler	InstanceId: 35d415ad-d7bb-4013-8db9-4a379789f1ef,EventName: notebookStatementExecutionEnd,Timestamp: 2025-12-02 21:46:31.034118,SessionGuid: 1da46066-3b05-4861-a1ff-a208fddf7f30,LivyKind: pyspark,SessionId: 49,StatementGuid: e572bd04-acc3-4b54-8d6f-64d771d41ce3,StatementId: 27,Success: True,ExceptionType: ,ExceptionMessage: 
2025-12-02 21:49:21,313	INFO	EventsHandler	InstanceId: 35d415ad-d7bb-4013-8db9-4a379789f1ef,EventName: notebookStatementExecutionStart,Timestamp: 2025-12-02 21:49:21.313322,SessionGuid: 1da46066-3b05-4861-a1ff-a208fddf7f30,LivyKind: pyspark,SessionId: 49,StatementGuid: b40f9989-3272-4eb1-8e8d-18d97e8a15c3
2025-12-02 21:49:21,331	DEBUG	Command	Status of statement 28 is running.
2025-12-02 21:49:21,535	DEBUG	Command	Status of statement 28 is running.
2025-12-02 21:49:22,039	DEBUG	Command	Status of statement 28 is running.
2025-12-02 21:49:22,543	DEBUG	Command	Status of statement 28 is running.
2025-12-02 21:49:23,549	DEBUG	Command	Status of statement 28 is running.
2025-12-02 21:49:24,554	DEBUG	Command	Status of statement 28 is running.
2025-12-02 21:49:26,559	DEBUG	Command	Status of statement 28 is running.
2025-12-02 21:49:28,565	DEBUG	Command	Status of statement 28 is running.
2025-12-02 21:49:30,571	DEBUG	Command	Status of statement 28 is available.
2025-12-02 21:49:30,572	INFO	EventsHandler	InstanceId: 35d415ad-d7bb-4013-8db9-4a379789f1ef,EventName: notebookStatementExecutionEnd,Timestamp: 2025-12-02 21:49:30.572075,SessionGuid: 1da46066-3b05-4861-a1ff-a208fddf7f30,LivyKind: pyspark,SessionId: 49,StatementGuid: b40f9989-3272-4eb1-8e8d-18d97e8a15c3,StatementId: 28,Success: True,ExceptionType: ,ExceptionMessage: 
2025-12-02 21:55:20,298	INFO	EventsHandler	InstanceId: 35d415ad-d7bb-4013-8db9-4a379789f1ef,EventName: notebookStatementExecutionStart,Timestamp: 2025-12-02 21:55:20.298096,SessionGuid: 1da46066-3b05-4861-a1ff-a208fddf7f30,LivyKind: pyspark,SessionId: 49,StatementGuid: f12969c5-3775-49dc-aedb-cac8b81adc88
2025-12-02 21:55:20,315	DEBUG	Command	Status of statement 29 is running.
2025-12-02 21:55:20,518	DEBUG	Command	Status of statement 29 is available.
2025-12-02 21:55:20,519	INFO	EventsHandler	InstanceId: 35d415ad-d7bb-4013-8db9-4a379789f1ef,EventName: notebookStatementExecutionEnd,Timestamp: 2025-12-02 21:55:20.519069,SessionGuid: 1da46066-3b05-4861-a1ff-a208fddf7f30,LivyKind: pyspark,SessionId: 49,StatementGuid: f12969c5-3775-49dc-aedb-cac8b81adc88,StatementId: 29,Success: True,ExceptionType: ,ExceptionMessage: 
2025-12-02 21:55:24,313	INFO	EventsHandler	InstanceId: 35d415ad-d7bb-4013-8db9-4a379789f1ef,EventName: notebookStatementExecutionStart,Timestamp: 2025-12-02 21:55:24.313670,SessionGuid: 1da46066-3b05-4861-a1ff-a208fddf7f30,LivyKind: pyspark,SessionId: 49,StatementGuid: 2c52ea64-0331-48f2-9913-0450db6138d7
2025-12-02 21:55:24,328	DEBUG	Command	Status of statement 30 is running.
2025-12-02 21:55:24,532	DEBUG	Command	Status of statement 30 is running.
2025-12-02 21:55:25,036	DEBUG	Command	Status of statement 30 is running.
2025-12-02 21:55:25,540	DEBUG	Command	Status of statement 30 is running.
2025-12-02 21:55:26,545	DEBUG	Command	Status of statement 30 is running.
2025-12-02 21:55:27,549	DEBUG	Command	Status of statement 30 is running.
2025-12-02 21:55:29,555	DEBUG	Command	Status of statement 30 is running.
2025-12-02 21:55:31,560	DEBUG	Command	Status of statement 30 is running.
2025-12-02 21:55:33,567	DEBUG	Command	Status of statement 30 is running.
2025-12-02 21:55:35,572	DEBUG	Command	Status of statement 30 is running.
2025-12-02 21:55:37,578	DEBUG	Command	Status of statement 30 is running.
2025-12-02 21:55:39,583	DEBUG	Command	Status of statement 30 is running.
2025-12-02 21:55:41,589	DEBUG	Command	Status of statement 30 is running.
2025-12-02 21:55:43,595	DEBUG	Command	Status of statement 30 is available.
2025-12-02 21:55:43,595	INFO	EventsHandler	InstanceId: 35d415ad-d7bb-4013-8db9-4a379789f1ef,EventName: notebookStatementExecutionEnd,Timestamp: 2025-12-02 21:55:43.595542,SessionGuid: 1da46066-3b05-4861-a1ff-a208fddf7f30,LivyKind: pyspark,SessionId: 49,StatementGuid: 2c52ea64-0331-48f2-9913-0450db6138d7,StatementId: 30,Success: True,ExceptionType: ,ExceptionMessage: 
2025-12-02 21:56:28,544	INFO	EventsHandler	InstanceId: 35d415ad-d7bb-4013-8db9-4a379789f1ef,EventName: notebookStatementExecutionStart,Timestamp: 2025-12-02 21:56:28.544022,SessionGuid: 1da46066-3b05-4861-a1ff-a208fddf7f30,LivyKind: pyspark,SessionId: 49,StatementGuid: 04f7b11f-c5e4-402b-a24b-dc63265533e2
2025-12-02 21:56:28,560	DEBUG	Command	Status of statement 31 is available.
2025-12-02 21:56:28,560	INFO	EventsHandler	InstanceId: 35d415ad-d7bb-4013-8db9-4a379789f1ef,EventName: notebookStatementExecutionEnd,Timestamp: 2025-12-02 21:56:28.560410,SessionGuid: 1da46066-3b05-4861-a1ff-a208fddf7f30,LivyKind: pyspark,SessionId: 49,StatementGuid: 04f7b11f-c5e4-402b-a24b-dc63265533e2,StatementId: 31,Success: True,ExceptionType: ,ExceptionMessage: 
2025-12-02 21:56:51,705	INFO	EventsHandler	InstanceId: 35d415ad-d7bb-4013-8db9-4a379789f1ef,EventName: notebookStatementExecutionStart,Timestamp: 2025-12-02 21:56:51.705113,SessionGuid: 1da46066-3b05-4861-a1ff-a208fddf7f30,LivyKind: pyspark,SessionId: 49,StatementGuid: 8bc6dc0e-e957-44f9-8998-2d7aefa35457
2025-12-02 21:56:51,720	DEBUG	Command	Status of statement 32 is available.
2025-12-02 21:56:51,720	INFO	EventsHandler	InstanceId: 35d415ad-d7bb-4013-8db9-4a379789f1ef,EventName: notebookStatementExecutionEnd,Timestamp: 2025-12-02 21:56:51.720459,SessionGuid: 1da46066-3b05-4861-a1ff-a208fddf7f30,LivyKind: pyspark,SessionId: 49,StatementGuid: 8bc6dc0e-e957-44f9-8998-2d7aefa35457,StatementId: 32,Success: True,ExceptionType: ,ExceptionMessage: 
2025-12-02 21:57:21,218	INFO	EventsHandler	InstanceId: 35d415ad-d7bb-4013-8db9-4a379789f1ef,EventName: notebookStatementExecutionStart,Timestamp: 2025-12-02 21:57:21.218310,SessionGuid: 1da46066-3b05-4861-a1ff-a208fddf7f30,LivyKind: pyspark,SessionId: 49,StatementGuid: 4a51c1b8-0d56-47a3-8f42-8798de5345a8
2025-12-02 21:57:21,233	DEBUG	Command	Status of statement 33 is available.
2025-12-02 21:57:21,233	INFO	EventsHandler	InstanceId: 35d415ad-d7bb-4013-8db9-4a379789f1ef,EventName: notebookStatementExecutionEnd,Timestamp: 2025-12-02 21:57:21.233908,SessionGuid: 1da46066-3b05-4861-a1ff-a208fddf7f30,LivyKind: pyspark,SessionId: 49,StatementGuid: 4a51c1b8-0d56-47a3-8f42-8798de5345a8,StatementId: 33,Success: True,ExceptionType: ,ExceptionMessage: 
2025-12-02 21:58:13,878	INFO	EventsHandler	InstanceId: 35d415ad-d7bb-4013-8db9-4a379789f1ef,EventName: notebookStatementExecutionStart,Timestamp: 2025-12-02 21:58:13.878110,SessionGuid: 1da46066-3b05-4861-a1ff-a208fddf7f30,LivyKind: pyspark,SessionId: 49,StatementGuid: a3860fd9-16ff-444d-8136-eb4c5960eb36
2025-12-02 21:58:13,895	DEBUG	Command	Status of statement 34 is available.
2025-12-02 21:58:13,896	INFO	EventsHandler	InstanceId: 35d415ad-d7bb-4013-8db9-4a379789f1ef,EventName: notebookStatementExecutionEnd,Timestamp: 2025-12-02 21:58:13.896190,SessionGuid: 1da46066-3b05-4861-a1ff-a208fddf7f30,LivyKind: pyspark,SessionId: 49,StatementGuid: a3860fd9-16ff-444d-8136-eb4c5960eb36,StatementId: 34,Success: True,ExceptionType: ,ExceptionMessage: 
2025-12-02 21:58:21,925	INFO	EventsHandler	InstanceId: 35d415ad-d7bb-4013-8db9-4a379789f1ef,EventName: notebookStatementExecutionStart,Timestamp: 2025-12-02 21:58:21.924977,SessionGuid: 1da46066-3b05-4861-a1ff-a208fddf7f30,LivyKind: pyspark,SessionId: 49,StatementGuid: c6bd00f7-b54e-4eaa-8164-eaea93b7e2fa
2025-12-02 21:58:21,938	DEBUG	Command	Status of statement 35 is available.
2025-12-02 21:58:21,938	INFO	EventsHandler	InstanceId: 35d415ad-d7bb-4013-8db9-4a379789f1ef,EventName: notebookStatementExecutionEnd,Timestamp: 2025-12-02 21:58:21.938737,SessionGuid: 1da46066-3b05-4861-a1ff-a208fddf7f30,LivyKind: pyspark,SessionId: 49,StatementGuid: c6bd00f7-b54e-4eaa-8164-eaea93b7e2fa,StatementId: 35,Success: True,ExceptionType: ,ExceptionMessage: 
2025-12-02 21:58:26,197	INFO	EventsHandler	InstanceId: 35d415ad-d7bb-4013-8db9-4a379789f1ef,EventName: notebookStatementExecutionStart,Timestamp: 2025-12-02 21:58:26.197702,SessionGuid: 1da46066-3b05-4861-a1ff-a208fddf7f30,LivyKind: pyspark,SessionId: 49,StatementGuid: 311a58dc-3302-4081-9a51-29632b757b7d
2025-12-02 21:58:26,210	DEBUG	Command	Status of statement 36 is running.
2025-12-02 21:58:26,414	DEBUG	Command	Status of statement 36 is available.
2025-12-02 21:58:26,415	INFO	EventsHandler	InstanceId: 35d415ad-d7bb-4013-8db9-4a379789f1ef,EventName: notebookStatementExecutionEnd,Timestamp: 2025-12-02 21:58:26.415003,SessionGuid: 1da46066-3b05-4861-a1ff-a208fddf7f30,LivyKind: pyspark,SessionId: 49,StatementGuid: 311a58dc-3302-4081-9a51-29632b757b7d,StatementId: 36,Success: True,ExceptionType: ,ExceptionMessage: 
2025-12-02 21:59:48,465	INFO	EventsHandler	InstanceId: 35d415ad-d7bb-4013-8db9-4a379789f1ef,EventName: notebookStatementExecutionStart,Timestamp: 2025-12-02 21:59:48.465556,SessionGuid: 1da46066-3b05-4861-a1ff-a208fddf7f30,LivyKind: pyspark,SessionId: 49,StatementGuid: 8e5c042d-f542-4aee-9a73-b15d4b82121b
2025-12-02 21:59:48,484	DEBUG	Command	Status of statement 37 is running.
2025-12-02 21:59:48,688	DEBUG	Command	Status of statement 37 is running.
2025-12-02 21:59:49,193	DEBUG	Command	Status of statement 37 is running.
2025-12-02 21:59:49,697	DEBUG	Command	Status of statement 37 is running.
2025-12-02 21:59:50,701	DEBUG	Command	Status of statement 37 is running.
2025-12-02 21:59:51,705	DEBUG	Command	Status of statement 37 is running.
2025-12-02 21:59:53,711	DEBUG	Command	Status of statement 37 is running.
2025-12-02 21:59:55,717	DEBUG	Command	Status of statement 37 is running.
2025-12-02 21:59:57,723	DEBUG	Command	Status of statement 37 is running.
2025-12-02 21:59:59,729	DEBUG	Command	Status of statement 37 is running.
2025-12-02 22:00:01,736	DEBUG	Command	Status of statement 37 is running.
2025-12-02 22:00:03,742	DEBUG	Command	Status of statement 37 is running.
2025-12-02 22:00:05,748	DEBUG	Command	Status of statement 37 is running.
2025-12-02 22:00:07,753	DEBUG	Command	Status of statement 37 is running.
2025-12-02 22:00:09,759	DEBUG	Command	Status of statement 37 is available.
2025-12-02 22:00:09,760	INFO	EventsHandler	InstanceId: 35d415ad-d7bb-4013-8db9-4a379789f1ef,EventName: notebookStatementExecutionEnd,Timestamp: 2025-12-02 22:00:09.760347,SessionGuid: 1da46066-3b05-4861-a1ff-a208fddf7f30,LivyKind: pyspark,SessionId: 49,StatementGuid: 8e5c042d-f542-4aee-9a73-b15d4b82121b,StatementId: 37,Success: True,ExceptionType: ,ExceptionMessage: 
2025-12-02 22:03:36,542	INFO	EventsHandler	InstanceId: 35d415ad-d7bb-4013-8db9-4a379789f1ef,EventName: notebookStatementExecutionStart,Timestamp: 2025-12-02 22:03:36.542813,SessionGuid: 1da46066-3b05-4861-a1ff-a208fddf7f30,LivyKind: pyspark,SessionId: 49,StatementGuid: c54066ac-611a-49ce-b7bf-49b4715909d5
2025-12-02 22:03:36,561	DEBUG	Command	Status of statement 38 is available.
2025-12-02 22:03:36,561	INFO	EventsHandler	InstanceId: 35d415ad-d7bb-4013-8db9-4a379789f1ef,EventName: notebookStatementExecutionEnd,Timestamp: 2025-12-02 22:03:36.561640,SessionGuid: 1da46066-3b05-4861-a1ff-a208fddf7f30,LivyKind: pyspark,SessionId: 49,StatementGuid: c54066ac-611a-49ce-b7bf-49b4715909d5,StatementId: 38,Success: True,ExceptionType: ,ExceptionMessage: 
2025-12-02 22:03:55,298	INFO	EventsHandler	InstanceId: 35d415ad-d7bb-4013-8db9-4a379789f1ef,EventName: notebookStatementExecutionStart,Timestamp: 2025-12-02 22:03:55.298156,SessionGuid: 1da46066-3b05-4861-a1ff-a208fddf7f30,LivyKind: pyspark,SessionId: 49,StatementGuid: a4c5a14a-7382-4198-8d62-7431cf0a6d38
2025-12-02 22:03:55,311	DEBUG	Command	Status of statement 39 is running.
2025-12-02 22:03:55,515	DEBUG	Command	Status of statement 39 is available.
2025-12-02 22:03:55,515	INFO	EventsHandler	InstanceId: 35d415ad-d7bb-4013-8db9-4a379789f1ef,EventName: notebookStatementExecutionEnd,Timestamp: 2025-12-02 22:03:55.515685,SessionGuid: 1da46066-3b05-4861-a1ff-a208fddf7f30,LivyKind: pyspark,SessionId: 49,StatementGuid: a4c5a14a-7382-4198-8d62-7431cf0a6d38,StatementId: 39,Success: True,ExceptionType: ,ExceptionMessage: 
2025-12-02 22:04:03,327	INFO	EventsHandler	InstanceId: 35d415ad-d7bb-4013-8db9-4a379789f1ef,EventName: notebookStatementExecutionStart,Timestamp: 2025-12-02 22:04:03.327854,SessionGuid: 1da46066-3b05-4861-a1ff-a208fddf7f30,LivyKind: pyspark,SessionId: 49,StatementGuid: 51aa2bb4-741f-4b4e-8e1e-8fbec6bec66c
2025-12-02 22:04:03,345	DEBUG	Command	Status of statement 40 is running.
2025-12-02 22:04:03,549	DEBUG	Command	Status of statement 40 is running.
2025-12-02 22:04:04,054	DEBUG	Command	Status of statement 40 is running.
2025-12-02 22:04:04,558	DEBUG	Command	Status of statement 40 is running.
2025-12-02 22:04:05,562	DEBUG	Command	Status of statement 40 is running.
2025-12-02 22:04:06,567	DEBUG	Command	Status of statement 40 is running.
2025-12-02 22:04:08,573	DEBUG	Command	Status of statement 40 is running.
2025-12-02 22:04:10,578	DEBUG	Command	Status of statement 40 is running.
2025-12-02 22:04:12,584	DEBUG	Command	Status of statement 40 is running.
2025-12-02 22:04:14,590	DEBUG	Command	Status of statement 40 is running.
2025-12-02 22:04:16,596	DEBUG	Command	Status of statement 40 is running.
2025-12-02 22:04:18,601	DEBUG	Command	Status of statement 40 is running.
2025-12-02 22:04:20,607	DEBUG	Command	Status of statement 40 is running.
2025-12-02 22:04:22,613	DEBUG	Command	Status of statement 40 is running.
2025-12-02 22:04:24,618	DEBUG	Command	Status of statement 40 is available.
2025-12-02 22:04:24,619	INFO	EventsHandler	InstanceId: 35d415ad-d7bb-4013-8db9-4a379789f1ef,EventName: notebookStatementExecutionEnd,Timestamp: 2025-12-02 22:04:24.619126,SessionGuid: 1da46066-3b05-4861-a1ff-a208fddf7f30,LivyKind: pyspark,SessionId: 49,StatementGuid: 51aa2bb4-741f-4b4e-8e1e-8fbec6bec66c,StatementId: 40,Success: True,ExceptionType: ,ExceptionMessage: 
2025-12-02 22:04:54,403	INFO	EventsHandler	InstanceId: 35d415ad-d7bb-4013-8db9-4a379789f1ef,EventName: notebookStatementExecutionStart,Timestamp: 2025-12-02 22:04:54.403642,SessionGuid: 1da46066-3b05-4861-a1ff-a208fddf7f30,LivyKind: pyspark,SessionId: 49,StatementGuid: ae3387b8-1d61-413a-a135-3bd58ee61fdc
2025-12-02 22:04:54,417	DEBUG	Command	Status of statement 41 is available.
2025-12-02 22:04:54,418	INFO	EventsHandler	InstanceId: 35d415ad-d7bb-4013-8db9-4a379789f1ef,EventName: notebookStatementExecutionEnd,Timestamp: 2025-12-02 22:04:54.417958,SessionGuid: 1da46066-3b05-4861-a1ff-a208fddf7f30,LivyKind: pyspark,SessionId: 49,StatementGuid: ae3387b8-1d61-413a-a135-3bd58ee61fdc,StatementId: 41,Success: True,ExceptionType: ,ExceptionMessage: 
2025-12-02 22:05:04,834	INFO	EventsHandler	InstanceId: 35d415ad-d7bb-4013-8db9-4a379789f1ef,EventName: notebookStatementExecutionStart,Timestamp: 2025-12-02 22:05:04.834728,SessionGuid: 1da46066-3b05-4861-a1ff-a208fddf7f30,LivyKind: pyspark,SessionId: 49,StatementGuid: 485d9014-10e0-4bd1-aa2d-f6d10d36d120
2025-12-02 22:05:04,851	DEBUG	Command	Status of statement 42 is running.
2025-12-02 22:05:05,055	DEBUG	Command	Status of statement 42 is running.
2025-12-02 22:05:05,559	DEBUG	Command	Status of statement 42 is running.
2025-12-02 22:05:06,063	DEBUG	Command	Status of statement 42 is running.
2025-12-02 22:05:07,068	DEBUG	Command	Status of statement 42 is running.
2025-12-02 22:05:08,072	DEBUG	Command	Status of statement 42 is running.
2025-12-02 22:05:10,077	DEBUG	Command	Status of statement 42 is running.
2025-12-02 22:05:12,083	DEBUG	Command	Status of statement 42 is running.
2025-12-02 22:05:14,089	DEBUG	Command	Status of statement 42 is running.
2025-12-02 22:05:16,094	DEBUG	Command	Status of statement 42 is available.
2025-12-02 22:05:16,095	INFO	EventsHandler	InstanceId: 35d415ad-d7bb-4013-8db9-4a379789f1ef,EventName: notebookStatementExecutionEnd,Timestamp: 2025-12-02 22:05:16.094945,SessionGuid: 1da46066-3b05-4861-a1ff-a208fddf7f30,LivyKind: pyspark,SessionId: 49,StatementGuid: 485d9014-10e0-4bd1-aa2d-f6d10d36d120,StatementId: 42,Success: True,ExceptionType: ,ExceptionMessage: 
2025-12-02 22:07:07,246	INFO	EventsHandler	InstanceId: 35d415ad-d7bb-4013-8db9-4a379789f1ef,EventName: notebookStatementExecutionStart,Timestamp: 2025-12-02 22:07:07.246681,SessionGuid: 1da46066-3b05-4861-a1ff-a208fddf7f30,LivyKind: pyspark,SessionId: 49,StatementGuid: a73fb4c9-58e9-4bc9-afa6-ae48ae2fbfac
2025-12-02 22:07:07,264	DEBUG	Command	Status of statement 43 is running.
2025-12-02 22:07:07,468	DEBUG	Command	Status of statement 43 is running.
2025-12-02 22:07:07,973	DEBUG	Command	Status of statement 43 is running.
2025-12-02 22:07:08,478	DEBUG	Command	Status of statement 43 is running.
2025-12-02 22:07:09,482	DEBUG	Command	Status of statement 43 is running.
2025-12-02 22:07:10,487	DEBUG	Command	Status of statement 43 is running.
2025-12-02 22:07:12,493	DEBUG	Command	Status of statement 43 is running.
2025-12-02 22:07:14,498	DEBUG	Command	Status of statement 43 is running.
2025-12-02 22:07:16,504	DEBUG	Command	Status of statement 43 is running.
2025-12-02 22:07:18,509	DEBUG	Command	Status of statement 43 is running.
2025-12-02 22:07:20,515	DEBUG	Command	Status of statement 43 is running.
2025-12-02 22:07:22,521	DEBUG	Command	Status of statement 43 is running.
2025-12-02 22:07:24,526	DEBUG	Command	Status of statement 43 is running.
2025-12-02 22:07:26,531	DEBUG	Command	Status of statement 43 is running.
2025-12-02 22:07:28,537	DEBUG	Command	Status of statement 43 is running.
2025-12-02 22:07:30,542	DEBUG	Command	Status of statement 43 is running.
2025-12-02 22:07:32,548	DEBUG	Command	Status of statement 43 is running.
2025-12-02 22:07:34,553	DEBUG	Command	Status of statement 43 is running.
2025-12-02 22:07:36,559	DEBUG	Command	Status of statement 43 is running.
2025-12-02 22:07:38,565	DEBUG	Command	Status of statement 43 is running.
2025-12-02 22:07:40,570	DEBUG	Command	Status of statement 43 is running.
2025-12-02 22:07:42,576	DEBUG	Command	Status of statement 43 is running.
2025-12-02 22:07:44,582	DEBUG	Command	Status of statement 43 is running.
2025-12-02 22:07:46,588	DEBUG	Command	Status of statement 43 is running.
2025-12-02 22:07:48,594	DEBUG	Command	Status of statement 43 is running.
2025-12-02 22:07:50,600	DEBUG	Command	Status of statement 43 is running.
2025-12-02 22:07:52,606	DEBUG	Command	Status of statement 43 is available.
2025-12-02 22:07:52,606	INFO	EventsHandler	InstanceId: 35d415ad-d7bb-4013-8db9-4a379789f1ef,EventName: notebookStatementExecutionEnd,Timestamp: 2025-12-02 22:07:52.606944,SessionGuid: 1da46066-3b05-4861-a1ff-a208fddf7f30,LivyKind: pyspark,SessionId: 49,StatementGuid: a73fb4c9-58e9-4bc9-afa6-ae48ae2fbfac,StatementId: 43,Success: True,ExceptionType: ,ExceptionMessage: 
2025-12-02 22:11:30,478	INFO	EventsHandler	InstanceId: 35d415ad-d7bb-4013-8db9-4a379789f1ef,EventName: notebookStatementExecutionStart,Timestamp: 2025-12-02 22:11:30.478638,SessionGuid: 1da46066-3b05-4861-a1ff-a208fddf7f30,LivyKind: pyspark,SessionId: 49,StatementGuid: 26cfc7f1-2def-4482-9aa9-67f248d593cc
2025-12-02 22:11:30,494	DEBUG	Command	Status of statement 44 is running.
2025-12-02 22:11:30,698	DEBUG	Command	Status of statement 44 is available.
2025-12-02 22:11:30,698	INFO	EventsHandler	InstanceId: 35d415ad-d7bb-4013-8db9-4a379789f1ef,EventName: notebookStatementExecutionEnd,Timestamp: 2025-12-02 22:11:30.698494,SessionGuid: 1da46066-3b05-4861-a1ff-a208fddf7f30,LivyKind: pyspark,SessionId: 49,StatementGuid: 26cfc7f1-2def-4482-9aa9-67f248d593cc,StatementId: 44,Success: True,ExceptionType: ,ExceptionMessage: 
2025-12-02 22:12:30,144	INFO	EventsHandler	InstanceId: 35d415ad-d7bb-4013-8db9-4a379789f1ef,EventName: notebookSessionDeletionStart,Timestamp: 2025-12-02 22:12:30.144638,SessionGuid: 1da46066-3b05-4861-a1ff-a208fddf7f30,LivyKind: pyspark,SessionId: 49,Status: idle
2025-12-02 22:12:30,145	DEBUG	LivySession	Deleting session '49'
2025-12-02 22:12:30,738	INFO	EventsHandler	InstanceId: 35d415ad-d7bb-4013-8db9-4a379789f1ef,EventName: notebookSessionDeletionEnd,Timestamp: 2025-12-02 22:12:30.738161,SessionGuid: 1da46066-3b05-4861-a1ff-a208fddf7f30,LivyKind: pyspark,SessionId: 49,Status: dead,Success: True,ExceptionType: ,ExceptionMessage: 
