2025-12-13 18:38:08,442	DEBUG	SparkMagics	Initialized spark magics.
2025-12-13 18:38:08,442	INFO	EventsHandler	InstanceId: 5de62055-cb01-4021-a4ce-b1a2fde31753,EventName: notebookLoaded,Timestamp: 2025-12-13 18:38:08.442814
2025-12-13 18:38:08,443	DEBUG	python_jupyter_kernel	Loaded magics.
2025-12-13 18:38:08,444	DEBUG	python_jupyter_kernel	Changed language.
2025-12-13 18:38:08,501	DEBUG	python_jupyter_kernel	Registered auto viz.
2025-12-13 18:38:08,538	INFO	EventsHandler	InstanceId: 5de62055-cb01-4021-a4ce-b1a2fde31753,EventName: notebookMagicExecutionStart,Timestamp: 2025-12-13 18:38:08.538632,MagicName: configure,LivyKind: pyspark,MagicGuid: 5db95996-b520-4051-bb53-98d7a211d687
2025-12-13 18:38:08,539	INFO	EventsHandler	InstanceId: 5de62055-cb01-4021-a4ce-b1a2fde31753,EventName: notebookMagicExecutionStart,Timestamp: 2025-12-13 18:38:08.539174,MagicName: info,LivyKind: pyspark,MagicGuid: 0d8f4de3-5a04-4d4b-8cd6-22b6857797a6
2025-12-13 18:38:08,617	INFO	EventsHandler	InstanceId: 5de62055-cb01-4021-a4ce-b1a2fde31753,EventName: notebookMagicExecutionEnd,Timestamp: 2025-12-13 18:38:08.617771,MagicName: info,LivyKind: pyspark,MagicGuid: 0d8f4de3-5a04-4d4b-8cd6-22b6857797a6,Success: True,ExceptionType: ,ExceptionMessage: 
2025-12-13 18:38:08,618	INFO	EventsHandler	InstanceId: 5de62055-cb01-4021-a4ce-b1a2fde31753,EventName: notebookMagicExecutionEnd,Timestamp: 2025-12-13 18:38:08.618101,MagicName: configure,LivyKind: pyspark,MagicGuid: 5db95996-b520-4051-bb53-98d7a211d687,Success: True,ExceptionType: ,ExceptionMessage: 
2025-12-13 18:38:08,626	INFO	EventsHandler	InstanceId: 5de62055-cb01-4021-a4ce-b1a2fde31753,EventName: notebookSessionCreationStart,Timestamp: 2025-12-13 18:38:08.626436,SessionGuid: 325e599d-a9de-4caf-ad7a-da6f743573fd,LivyKind: pyspark
2025-12-13 18:38:08,636	DEBUG	LivySession	Session 1217 in state starting. Sleeping 0.2 seconds.
2025-12-13 18:38:08,839	DEBUG	LivySession	Session 1217 in state starting. Sleeping 0.5 seconds.
2025-12-13 18:38:09,343	DEBUG	LivySession	Session 1217 in state starting. Sleeping 0.5 seconds.
2025-12-13 18:38:09,846	DEBUG	LivySession	Session 1217 in state starting. Sleeping 1 seconds.
2025-12-13 18:38:10,850	DEBUG	LivySession	Session 1217 in state starting. Sleeping 1 seconds.
2025-12-13 18:38:11,853	DEBUG	LivySession	Session 1217 in state starting. Sleeping 2 seconds.
2025-12-13 18:38:13,858	DEBUG	LivySession	Session 1217 in state starting. Sleeping 2 seconds.
2025-12-13 18:38:15,863	DEBUG	LivySession	Session 1217 in state starting. Sleeping 2 seconds.
2025-12-13 18:38:17,867	DEBUG	LivySession	Session 1217 in state starting. Sleeping 2 seconds.
2025-12-13 18:38:19,872	DEBUG	LivySession	Session 1217 in state starting. Sleeping 2 seconds.
2025-12-13 18:38:21,877	DEBUG	LivySession	Session 1217 in state starting. Sleeping 2 seconds.
2025-12-13 18:38:23,881	DEBUG	LivySession	Session 1217 in state starting. Sleeping 2 seconds.
2025-12-13 18:38:25,886	DEBUG	LivySession	Session 1217 in state starting. Sleeping 2 seconds.
2025-12-13 18:38:27,891	DEBUG	LivySession	Session 1217 in state starting. Sleeping 2 seconds.
2025-12-13 18:38:29,895	DEBUG	LivySession	Session 1217 in state starting. Sleeping 2 seconds.
2025-12-13 18:38:31,900	DEBUG	LivySession	Session 1217 in state starting. Sleeping 2 seconds.
2025-12-13 18:38:33,905	DEBUG	LivySession	Session 1217 in state starting. Sleeping 2 seconds.
2025-12-13 18:38:35,909	DEBUG	LivySession	Session 1217 in state starting. Sleeping 2 seconds.
2025-12-13 18:38:37,914	DEBUG	LivySession	Session 1217 in state starting. Sleeping 2 seconds.
2025-12-13 18:38:39,919	DEBUG	LivySession	Session 1217 in state starting. Sleeping 2 seconds.
2025-12-13 18:38:41,923	DEBUG	LivySession	Session 1217 in state starting. Sleeping 2 seconds.
2025-12-13 18:38:43,928	DEBUG	LivySession	Session 1217 in state starting. Sleeping 2 seconds.
2025-12-13 18:38:45,931	DEBUG	LivySession	Session 1217 in state starting. Sleeping 2 seconds.
2025-12-13 18:38:47,935	DEBUG	LivySession	Session 1217 in state starting. Sleeping 2 seconds.
2025-12-13 18:38:49,939	DEBUG	LivySession	Session 1217 in state starting. Sleeping 2 seconds.
2025-12-13 18:38:51,944	DEBUG	LivySession	Session 1217 in state starting. Sleeping 2 seconds.
2025-12-13 18:38:53,947	DEBUG	LivySession	Session 1217 in state starting. Sleeping 2 seconds.
2025-12-13 18:38:55,951	DEBUG	LivySession	Session 1217 in state starting. Sleeping 2 seconds.
2025-12-13 18:38:57,956	DEBUG	LivySession	Session 1217 in state starting. Sleeping 2 seconds.
2025-12-13 18:38:59,961	DEBUG	LivySession	Session 1217 in state starting. Sleeping 2 seconds.
2025-12-13 18:39:01,975	INFO	EventsHandler	InstanceId: 5de62055-cb01-4021-a4ce-b1a2fde31753,EventName: notebookStatementExecutionStart,Timestamp: 2025-12-13 18:39:01.975318,SessionGuid: 325e599d-a9de-4caf-ad7a-da6f743573fd,LivyKind: pyspark,SessionId: 1217,StatementGuid: 6dd17280-cff6-43bf-a751-d12b197ae26e
2025-12-13 18:39:02,004	DEBUG	Command	Status of statement 0 is waiting.
2025-12-13 18:39:02,208	DEBUG	Command	Status of statement 0 is waiting.
2025-12-13 18:39:02,713	DEBUG	Command	Status of statement 0 is waiting.
2025-12-13 18:39:03,217	DEBUG	Command	Status of statement 0 is waiting.
2025-12-13 18:39:04,223	DEBUG	Command	Status of statement 0 is available.
2025-12-13 18:39:04,223	INFO	EventsHandler	InstanceId: 5de62055-cb01-4021-a4ce-b1a2fde31753,EventName: notebookStatementExecutionEnd,Timestamp: 2025-12-13 18:39:04.223735,SessionGuid: 325e599d-a9de-4caf-ad7a-da6f743573fd,LivyKind: pyspark,SessionId: 1217,StatementGuid: 6dd17280-cff6-43bf-a751-d12b197ae26e,StatementId: 0,Success: True,ExceptionType: ,ExceptionMessage: 
2025-12-13 18:39:04,226	INFO	EventsHandler	InstanceId: 5de62055-cb01-4021-a4ce-b1a2fde31753,EventName: notebookSessionCreationEnd,Timestamp: 2025-12-13 18:39:04.226521,SessionGuid: 325e599d-a9de-4caf-ad7a-da6f743573fd,LivyKind: pyspark,SessionId: 1217,Status: idle,Success: True,ExceptionType: ,ExceptionMessage: 
2025-12-13 18:39:04,227	INFO	EventsHandler	InstanceId: 5de62055-cb01-4021-a4ce-b1a2fde31753,EventName: notebookStatementExecutionStart,Timestamp: 2025-12-13 18:39:04.227751,SessionGuid: 325e599d-a9de-4caf-ad7a-da6f743573fd,LivyKind: pyspark,SessionId: 1217,StatementGuid: 202b6bb5-b307-49a8-a409-e3a527c61626
2025-12-13 18:39:04,244	DEBUG	Command	Status of statement 1 is running.
2025-12-13 18:39:04,448	DEBUG	Command	Status of statement 1 is available.
2025-12-13 18:39:04,449	INFO	EventsHandler	InstanceId: 5de62055-cb01-4021-a4ce-b1a2fde31753,EventName: notebookStatementExecutionEnd,Timestamp: 2025-12-13 18:39:04.449075,SessionGuid: 325e599d-a9de-4caf-ad7a-da6f743573fd,LivyKind: pyspark,SessionId: 1217,StatementGuid: 202b6bb5-b307-49a8-a409-e3a527c61626,StatementId: 1,Success: True,ExceptionType: ,ExceptionMessage: 
2025-12-13 18:39:04,459	INFO	EventsHandler	InstanceId: 5de62055-cb01-4021-a4ce-b1a2fde31753,EventName: notebookStatementExecutionStart,Timestamp: 2025-12-13 18:39:04.459751,SessionGuid: 325e599d-a9de-4caf-ad7a-da6f743573fd,LivyKind: pyspark,SessionId: 1217,StatementGuid: ca6b9166-2f0a-4db8-84b4-6cb4b81282b5
2025-12-13 18:39:04,473	DEBUG	Command	Status of statement 2 is running.
2025-12-13 18:39:04,678	DEBUG	Command	Status of statement 2 is running.
2025-12-13 18:39:05,182	DEBUG	Command	Status of statement 2 is running.
2025-12-13 18:39:05,687	DEBUG	Command	Status of statement 2 is running.
2025-12-13 18:39:06,692	DEBUG	Command	Status of statement 2 is running.
2025-12-13 18:39:07,698	DEBUG	Command	Status of statement 2 is running.
2025-12-13 18:39:09,708	DEBUG	Command	Status of statement 2 is running.
2025-12-13 18:39:11,714	DEBUG	Command	Status of statement 2 is running.
2025-12-13 18:39:13,721	DEBUG	Command	Status of statement 2 is available.
2025-12-13 18:39:13,721	INFO	EventsHandler	InstanceId: 5de62055-cb01-4021-a4ce-b1a2fde31753,EventName: notebookStatementExecutionEnd,Timestamp: 2025-12-13 18:39:13.721563,SessionGuid: 325e599d-a9de-4caf-ad7a-da6f743573fd,LivyKind: pyspark,SessionId: 1217,StatementGuid: ca6b9166-2f0a-4db8-84b4-6cb4b81282b5,StatementId: 2,Success: True,ExceptionType: ,ExceptionMessage: 
2025-12-13 18:39:13,730	INFO	EventsHandler	InstanceId: 5de62055-cb01-4021-a4ce-b1a2fde31753,EventName: notebookStatementExecutionStart,Timestamp: 2025-12-13 18:39:13.730296,SessionGuid: 325e599d-a9de-4caf-ad7a-da6f743573fd,LivyKind: pyspark,SessionId: 1217,StatementGuid: 06faaf9b-80c6-4eb2-adec-21fbd5852b67
2025-12-13 18:39:13,744	DEBUG	Command	Status of statement 3 is running.
2025-12-13 18:39:13,948	DEBUG	Command	Status of statement 3 is running.
2025-12-13 18:39:14,453	DEBUG	Command	Status of statement 3 is running.
2025-12-13 18:39:14,958	DEBUG	Command	Status of statement 3 is running.
2025-12-13 18:39:15,963	DEBUG	Command	Status of statement 3 is running.
2025-12-13 18:39:16,968	DEBUG	Command	Status of statement 3 is running.
2025-12-13 18:39:18,975	DEBUG	Command	Status of statement 3 is running.
2025-12-13 18:39:20,981	DEBUG	Command	Status of statement 3 is available.
2025-12-13 18:39:20,981	INFO	EventsHandler	InstanceId: 5de62055-cb01-4021-a4ce-b1a2fde31753,EventName: notebookStatementExecutionEnd,Timestamp: 2025-12-13 18:39:20.981474,SessionGuid: 325e599d-a9de-4caf-ad7a-da6f743573fd,LivyKind: pyspark,SessionId: 1217,StatementGuid: 06faaf9b-80c6-4eb2-adec-21fbd5852b67,StatementId: 3,Success: True,ExceptionType: ,ExceptionMessage: 
2025-12-13 18:39:20,991	INFO	EventsHandler	InstanceId: 5de62055-cb01-4021-a4ce-b1a2fde31753,EventName: notebookStatementExecutionStart,Timestamp: 2025-12-13 18:39:20.991837,SessionGuid: 325e599d-a9de-4caf-ad7a-da6f743573fd,LivyKind: pyspark,SessionId: 1217,StatementGuid: 5185b2ff-2fec-4337-a69f-3ad0e07bfc8c
2025-12-13 18:39:21,005	DEBUG	Command	Status of statement 4 is running.
2025-12-13 18:39:21,209	DEBUG	Command	Status of statement 4 is running.
2025-12-13 18:39:21,713	DEBUG	Command	Status of statement 4 is available.
2025-12-13 18:39:21,714	INFO	EventsHandler	InstanceId: 5de62055-cb01-4021-a4ce-b1a2fde31753,EventName: notebookStatementExecutionEnd,Timestamp: 2025-12-13 18:39:21.714399,SessionGuid: 325e599d-a9de-4caf-ad7a-da6f743573fd,LivyKind: pyspark,SessionId: 1217,StatementGuid: 5185b2ff-2fec-4337-a69f-3ad0e07bfc8c,StatementId: 4,Success: True,ExceptionType: ,ExceptionMessage: 
2025-12-13 18:39:21,722	INFO	EventsHandler	InstanceId: 5de62055-cb01-4021-a4ce-b1a2fde31753,EventName: notebookStatementExecutionStart,Timestamp: 2025-12-13 18:39:21.722893,SessionGuid: 325e599d-a9de-4caf-ad7a-da6f743573fd,LivyKind: pyspark,SessionId: 1217,StatementGuid: 77398979-e91b-4de9-9312-2cf71bf05ba2
2025-12-13 18:39:21,735	DEBUG	Command	Status of statement 5 is running.
2025-12-13 18:39:21,938	DEBUG	Command	Status of statement 5 is running.
2025-12-13 18:39:22,443	DEBUG	Command	Status of statement 5 is available.
2025-12-13 18:39:22,443	INFO	EventsHandler	InstanceId: 5de62055-cb01-4021-a4ce-b1a2fde31753,EventName: notebookStatementExecutionEnd,Timestamp: 2025-12-13 18:39:22.443746,SessionGuid: 325e599d-a9de-4caf-ad7a-da6f743573fd,LivyKind: pyspark,SessionId: 1217,StatementGuid: 77398979-e91b-4de9-9312-2cf71bf05ba2,StatementId: 5,Success: True,ExceptionType: ,ExceptionMessage: 
2025-12-13 18:39:22,452	INFO	EventsHandler	InstanceId: 5de62055-cb01-4021-a4ce-b1a2fde31753,EventName: notebookStatementExecutionStart,Timestamp: 2025-12-13 18:39:22.452635,SessionGuid: 325e599d-a9de-4caf-ad7a-da6f743573fd,LivyKind: pyspark,SessionId: 1217,StatementGuid: a086b3e5-5c45-4428-96ec-c7b984a7e952
2025-12-13 18:39:22,464	DEBUG	Command	Status of statement 6 is running.
2025-12-13 18:39:22,668	DEBUG	Command	Status of statement 6 is available.
2025-12-13 18:39:22,668	INFO	EventsHandler	InstanceId: 5de62055-cb01-4021-a4ce-b1a2fde31753,EventName: notebookStatementExecutionEnd,Timestamp: 2025-12-13 18:39:22.668865,SessionGuid: 325e599d-a9de-4caf-ad7a-da6f743573fd,LivyKind: pyspark,SessionId: 1217,StatementGuid: a086b3e5-5c45-4428-96ec-c7b984a7e952,StatementId: 6,Success: True,ExceptionType: ,ExceptionMessage: 
2025-12-13 18:39:22,676	INFO	EventsHandler	InstanceId: 5de62055-cb01-4021-a4ce-b1a2fde31753,EventName: notebookStatementExecutionStart,Timestamp: 2025-12-13 18:39:22.676742,SessionGuid: 325e599d-a9de-4caf-ad7a-da6f743573fd,LivyKind: pyspark,SessionId: 1217,StatementGuid: df3596d3-f7ba-4136-a701-a5b56b7a8f55
2025-12-13 18:39:22,688	DEBUG	Command	Status of statement 7 is running.
2025-12-13 18:39:22,892	DEBUG	Command	Status of statement 7 is available.
2025-12-13 18:39:22,893	INFO	EventsHandler	InstanceId: 5de62055-cb01-4021-a4ce-b1a2fde31753,EventName: notebookStatementExecutionEnd,Timestamp: 2025-12-13 18:39:22.893194,SessionGuid: 325e599d-a9de-4caf-ad7a-da6f743573fd,LivyKind: pyspark,SessionId: 1217,StatementGuid: df3596d3-f7ba-4136-a701-a5b56b7a8f55,StatementId: 7,Success: True,ExceptionType: ,ExceptionMessage: 
2025-12-13 18:39:22,902	INFO	EventsHandler	InstanceId: 5de62055-cb01-4021-a4ce-b1a2fde31753,EventName: notebookStatementExecutionStart,Timestamp: 2025-12-13 18:39:22.902142,SessionGuid: 325e599d-a9de-4caf-ad7a-da6f743573fd,LivyKind: pyspark,SessionId: 1217,StatementGuid: ab689e0c-e629-4e11-953c-fcc45748b44d
2025-12-13 18:39:22,916	DEBUG	Command	Status of statement 8 is running.
2025-12-13 18:39:23,120	DEBUG	Command	Status of statement 8 is available.
2025-12-13 18:39:23,120	INFO	EventsHandler	InstanceId: 5de62055-cb01-4021-a4ce-b1a2fde31753,EventName: notebookStatementExecutionEnd,Timestamp: 2025-12-13 18:39:23.120601,SessionGuid: 325e599d-a9de-4caf-ad7a-da6f743573fd,LivyKind: pyspark,SessionId: 1217,StatementGuid: ab689e0c-e629-4e11-953c-fcc45748b44d,StatementId: 8,Success: True,ExceptionType: ,ExceptionMessage: 
2025-12-13 18:39:23,129	INFO	EventsHandler	InstanceId: 5de62055-cb01-4021-a4ce-b1a2fde31753,EventName: notebookStatementExecutionStart,Timestamp: 2025-12-13 18:39:23.129699,SessionGuid: 325e599d-a9de-4caf-ad7a-da6f743573fd,LivyKind: pyspark,SessionId: 1217,StatementGuid: a036135c-2f4e-4498-af84-d0fab229362f
2025-12-13 18:39:23,142	DEBUG	Command	Status of statement 9 is running.
2025-12-13 18:39:23,347	DEBUG	Command	Status of statement 9 is running.
2025-12-13 18:39:23,851	DEBUG	Command	Status of statement 9 is available.
2025-12-13 18:39:23,851	INFO	EventsHandler	InstanceId: 5de62055-cb01-4021-a4ce-b1a2fde31753,EventName: notebookStatementExecutionEnd,Timestamp: 2025-12-13 18:39:23.851920,SessionGuid: 325e599d-a9de-4caf-ad7a-da6f743573fd,LivyKind: pyspark,SessionId: 1217,StatementGuid: a036135c-2f4e-4498-af84-d0fab229362f,StatementId: 9,Success: True,ExceptionType: ,ExceptionMessage: 
2025-12-13 18:39:23,861	INFO	EventsHandler	InstanceId: 5de62055-cb01-4021-a4ce-b1a2fde31753,EventName: notebookStatementExecutionStart,Timestamp: 2025-12-13 18:39:23.861657,SessionGuid: 325e599d-a9de-4caf-ad7a-da6f743573fd,LivyKind: pyspark,SessionId: 1217,StatementGuid: 7b518602-bb79-419f-8c9c-d6e0e0fcac3d
2025-12-13 18:39:23,876	DEBUG	Command	Status of statement 10 is running.
2025-12-13 18:39:24,080	DEBUG	Command	Status of statement 10 is running.
2025-12-13 18:39:24,584	DEBUG	Command	Status of statement 10 is running.
2025-12-13 18:39:25,089	DEBUG	Command	Status of statement 10 is running.
2025-12-13 18:39:26,094	DEBUG	Command	Status of statement 10 is running.
2025-12-13 18:39:27,099	DEBUG	Command	Status of statement 10 is running.
2025-12-13 18:39:29,104	DEBUG	Command	Status of statement 10 is running.
2025-12-13 18:39:31,111	DEBUG	Command	Status of statement 10 is running.
2025-12-13 18:39:33,116	DEBUG	Command	Status of statement 10 is running.
2025-12-13 18:39:35,122	DEBUG	Command	Status of statement 10 is running.
2025-12-13 18:39:37,128	DEBUG	Command	Status of statement 10 is running.
2025-12-13 18:39:39,133	DEBUG	Command	Status of statement 10 is running.
2025-12-13 18:39:41,140	DEBUG	Command	Status of statement 10 is running.
2025-12-13 18:39:43,147	DEBUG	Command	Status of statement 10 is running.
2025-12-13 18:39:45,152	DEBUG	Command	Status of statement 10 is running.
2025-12-13 18:39:47,158	DEBUG	Command	Status of statement 10 is running.
2025-12-13 18:39:49,165	DEBUG	Command	Status of statement 10 is running.
2025-12-13 18:39:51,173	DEBUG	Command	Status of statement 10 is running.
2025-12-13 18:39:53,180	DEBUG	Command	Status of statement 10 is running.
2025-12-13 18:39:55,187	DEBUG	Command	Status of statement 10 is running.
2025-12-13 18:39:57,193	DEBUG	Command	Status of statement 10 is running.
2025-12-13 18:39:59,200	DEBUG	Command	Status of statement 10 is running.
2025-12-13 18:40:01,207	DEBUG	Command	Status of statement 10 is running.
2025-12-13 18:40:03,213	DEBUG	Command	Status of statement 10 is running.
2025-12-13 18:40:05,220	DEBUG	Command	Status of statement 10 is running.
2025-12-13 18:40:07,226	DEBUG	Command	Status of statement 10 is running.
2025-12-13 18:40:09,233	DEBUG	Command	Status of statement 10 is running.
2025-12-13 18:40:11,239	DEBUG	Command	Status of statement 10 is running.
2025-12-13 18:40:13,246	DEBUG	Command	Status of statement 10 is running.
2025-12-13 18:40:15,253	DEBUG	Command	Status of statement 10 is running.
2025-12-13 18:40:17,260	DEBUG	Command	Status of statement 10 is running.
2025-12-13 18:40:19,267	DEBUG	Command	Status of statement 10 is running.
2025-12-13 18:40:21,273	DEBUG	Command	Status of statement 10 is running.
2025-12-13 18:40:23,280	DEBUG	Command	Status of statement 10 is running.
2025-12-13 18:40:25,286	DEBUG	Command	Status of statement 10 is running.
2025-12-13 18:40:27,294	DEBUG	Command	Status of statement 10 is running.
2025-12-13 18:40:29,301	DEBUG	Command	Status of statement 10 is running.
2025-12-13 18:40:31,309	DEBUG	Command	Status of statement 10 is available.
2025-12-13 18:40:31,309	INFO	EventsHandler	InstanceId: 5de62055-cb01-4021-a4ce-b1a2fde31753,EventName: notebookStatementExecutionEnd,Timestamp: 2025-12-13 18:40:31.309701,SessionGuid: 325e599d-a9de-4caf-ad7a-da6f743573fd,LivyKind: pyspark,SessionId: 1217,StatementGuid: 7b518602-bb79-419f-8c9c-d6e0e0fcac3d,StatementId: 10,Success: True,ExceptionType: ,ExceptionMessage: 
2025-12-13 18:45:58,564	INFO	EventsHandler	InstanceId: 5de62055-cb01-4021-a4ce-b1a2fde31753,EventName: notebookStatementExecutionStart,Timestamp: 2025-12-13 18:45:58.564683,SessionGuid: 325e599d-a9de-4caf-ad7a-da6f743573fd,LivyKind: pyspark,SessionId: 1217,StatementGuid: aa8c5e67-348e-4c1c-8a66-dcacf8f0ccbd
2025-12-13 18:45:58,579	DEBUG	Command	Status of statement 11 is running.
2025-12-13 18:45:58,783	DEBUG	Command	Status of statement 11 is running.
2025-12-13 18:45:59,287	DEBUG	Command	Status of statement 11 is available.
2025-12-13 18:45:59,288	INFO	EventsHandler	InstanceId: 5de62055-cb01-4021-a4ce-b1a2fde31753,EventName: notebookStatementExecutionEnd,Timestamp: 2025-12-13 18:45:59.288339,SessionGuid: 325e599d-a9de-4caf-ad7a-da6f743573fd,LivyKind: pyspark,SessionId: 1217,StatementGuid: aa8c5e67-348e-4c1c-8a66-dcacf8f0ccbd,StatementId: 11,Success: True,ExceptionType: ,ExceptionMessage: 
2025-12-13 18:46:07,415	INFO	EventsHandler	InstanceId: 5de62055-cb01-4021-a4ce-b1a2fde31753,EventName: notebookStatementExecutionStart,Timestamp: 2025-12-13 18:46:07.414974,SessionGuid: 325e599d-a9de-4caf-ad7a-da6f743573fd,LivyKind: pyspark,SessionId: 1217,StatementGuid: b4261431-3440-44e8-aaf9-8abadc450c22
2025-12-13 18:46:07,427	DEBUG	Command	Status of statement 12 is running.
2025-12-13 18:46:07,631	DEBUG	Command	Status of statement 12 is running.
2025-12-13 18:46:08,136	DEBUG	Command	Status of statement 12 is running.
2025-12-13 18:46:08,640	DEBUG	Command	Status of statement 12 is running.
2025-12-13 18:46:09,645	DEBUG	Command	Status of statement 12 is running.
2025-12-13 18:46:10,650	DEBUG	Command	Status of statement 12 is running.
2025-12-13 18:46:12,655	DEBUG	Command	Status of statement 12 is running.
2025-12-13 18:46:14,659	DEBUG	Command	Status of statement 12 is running.
2025-12-13 18:46:16,663	DEBUG	Command	Status of statement 12 is running.
2025-12-13 18:46:18,669	DEBUG	Command	Status of statement 12 is running.
2025-12-13 18:46:20,676	DEBUG	Command	Status of statement 12 is running.
2025-12-13 18:46:22,680	DEBUG	Command	Status of statement 12 is running.
2025-12-13 18:46:24,687	DEBUG	Command	Status of statement 12 is running.
2025-12-13 18:46:26,693	DEBUG	Command	Status of statement 12 is running.
2025-12-13 18:46:28,699	DEBUG	Command	Status of statement 12 is running.
2025-12-13 18:46:30,705	DEBUG	Command	Status of statement 12 is running.
2025-12-13 18:46:32,713	DEBUG	Command	Status of statement 12 is available.
2025-12-13 18:46:32,714	INFO	EventsHandler	InstanceId: 5de62055-cb01-4021-a4ce-b1a2fde31753,EventName: notebookStatementExecutionEnd,Timestamp: 2025-12-13 18:46:32.714101,SessionGuid: 325e599d-a9de-4caf-ad7a-da6f743573fd,LivyKind: pyspark,SessionId: 1217,StatementGuid: b4261431-3440-44e8-aaf9-8abadc450c22,StatementId: 12,Success: True,ExceptionType: ,ExceptionMessage: 
2025-12-13 18:51:14,362	INFO	EventsHandler	InstanceId: 5de62055-cb01-4021-a4ce-b1a2fde31753,EventName: notebookSessionDeletionStart,Timestamp: 2025-12-13 18:51:14.362296,SessionGuid: 325e599d-a9de-4caf-ad7a-da6f743573fd,LivyKind: pyspark,SessionId: 1217,Status: idle
2025-12-13 18:51:14,362	DEBUG	LivySession	Deleting session '1217'
2025-12-13 18:51:14,897	INFO	EventsHandler	InstanceId: 5de62055-cb01-4021-a4ce-b1a2fde31753,EventName: notebookSessionDeletionEnd,Timestamp: 2025-12-13 18:51:14.897460,SessionGuid: 325e599d-a9de-4caf-ad7a-da6f743573fd,LivyKind: pyspark,SessionId: 1217,Status: dead,Success: True,ExceptionType: ,ExceptionMessage: 
