2025-12-11 14:54:12,139	DEBUG	SparkMagics	Initialized spark magics.
2025-12-11 14:54:12,140	INFO	EventsHandler	InstanceId: dc9789da-cd2b-4283-b48a-ccdc766899af,EventName: notebookLoaded,Timestamp: 2025-12-11 14:54:12.140398
2025-12-11 14:54:12,141	DEBUG	python_jupyter_kernel	Loaded magics.
2025-12-11 14:54:12,142	DEBUG	python_jupyter_kernel	Changed language.
2025-12-11 14:54:12,196	DEBUG	python_jupyter_kernel	Registered auto viz.
2025-12-11 14:54:12,230	INFO	EventsHandler	InstanceId: dc9789da-cd2b-4283-b48a-ccdc766899af,EventName: notebookMagicExecutionStart,Timestamp: 2025-12-11 14:54:12.230517,MagicName: configure,LivyKind: pyspark,MagicGuid: f2285047-8f71-4a8b-b87e-e5f05e55b2a5
2025-12-11 14:54:12,231	INFO	EventsHandler	InstanceId: dc9789da-cd2b-4283-b48a-ccdc766899af,EventName: notebookMagicExecutionStart,Timestamp: 2025-12-11 14:54:12.231210,MagicName: info,LivyKind: pyspark,MagicGuid: 516105f4-399f-4497-a1fc-bc7add47f941
2025-12-11 14:54:12,362	INFO	EventsHandler	InstanceId: dc9789da-cd2b-4283-b48a-ccdc766899af,EventName: notebookMagicExecutionEnd,Timestamp: 2025-12-11 14:54:12.362028,MagicName: info,LivyKind: pyspark,MagicGuid: 516105f4-399f-4497-a1fc-bc7add47f941,Success: True,ExceptionType: ,ExceptionMessage: 
2025-12-11 14:54:12,362	INFO	EventsHandler	InstanceId: dc9789da-cd2b-4283-b48a-ccdc766899af,EventName: notebookMagicExecutionEnd,Timestamp: 2025-12-11 14:54:12.362218,MagicName: configure,LivyKind: pyspark,MagicGuid: f2285047-8f71-4a8b-b87e-e5f05e55b2a5,Success: True,ExceptionType: ,ExceptionMessage: 
2025-12-11 14:54:12,370	INFO	EventsHandler	InstanceId: dc9789da-cd2b-4283-b48a-ccdc766899af,EventName: notebookSessionCreationStart,Timestamp: 2025-12-11 14:54:12.370428,SessionGuid: 5b73298b-717a-469b-8a24-34840a292a2a,LivyKind: pyspark
2025-12-11 14:54:12,384	DEBUG	LivySession	Session 654 in state starting. Sleeping 0.2 seconds.
2025-12-11 14:54:12,588	DEBUG	LivySession	Session 654 in state starting. Sleeping 0.5 seconds.
2025-12-11 14:54:13,091	DEBUG	LivySession	Session 654 in state starting. Sleeping 0.5 seconds.
2025-12-11 14:54:13,595	DEBUG	LivySession	Session 654 in state starting. Sleeping 1 seconds.
2025-12-11 14:54:14,599	DEBUG	LivySession	Session 654 in state starting. Sleeping 1 seconds.
2025-12-11 14:54:15,604	DEBUG	LivySession	Session 654 in state starting. Sleeping 2 seconds.
2025-12-11 14:54:17,609	DEBUG	LivySession	Session 654 in state starting. Sleeping 2 seconds.
2025-12-11 14:54:19,613	DEBUG	LivySession	Session 654 in state starting. Sleeping 2 seconds.
2025-12-11 14:54:21,619	DEBUG	LivySession	Session 654 in state starting. Sleeping 2 seconds.
2025-12-11 14:54:23,623	DEBUG	LivySession	Session 654 in state starting. Sleeping 2 seconds.
2025-12-11 14:54:25,629	DEBUG	LivySession	Session 654 in state starting. Sleeping 2 seconds.
2025-12-11 14:54:27,632	DEBUG	LivySession	Session 654 in state starting. Sleeping 2 seconds.
2025-12-11 14:54:29,637	DEBUG	LivySession	Session 654 in state starting. Sleeping 2 seconds.
2025-12-11 14:54:31,642	DEBUG	LivySession	Session 654 in state starting. Sleeping 2 seconds.
2025-12-11 14:54:33,646	DEBUG	LivySession	Session 654 in state starting. Sleeping 2 seconds.
2025-12-11 14:54:35,651	DEBUG	LivySession	Session 654 in state starting. Sleeping 2 seconds.
2025-12-11 14:54:37,655	DEBUG	LivySession	Session 654 in state starting. Sleeping 2 seconds.
2025-12-11 14:54:39,660	DEBUG	LivySession	Session 654 in state starting. Sleeping 2 seconds.
2025-12-11 14:54:41,664	DEBUG	LivySession	Session 654 in state starting. Sleeping 2 seconds.
2025-12-11 14:54:43,681	INFO	EventsHandler	InstanceId: dc9789da-cd2b-4283-b48a-ccdc766899af,EventName: notebookStatementExecutionStart,Timestamp: 2025-12-11 14:54:43.681444,SessionGuid: 5b73298b-717a-469b-8a24-34840a292a2a,LivyKind: pyspark,SessionId: 654,StatementGuid: 089535fa-aeb4-4bf5-827c-c515204197e6
2025-12-11 14:54:43,708	DEBUG	Command	Status of statement 0 is waiting.
2025-12-11 14:54:43,913	DEBUG	Command	Status of statement 0 is waiting.
2025-12-11 14:54:44,418	DEBUG	Command	Status of statement 0 is waiting.
2025-12-11 14:54:44,923	DEBUG	Command	Status of statement 0 is waiting.
2025-12-11 14:54:45,928	DEBUG	Command	Status of statement 0 is available.
2025-12-11 14:54:45,928	INFO	EventsHandler	InstanceId: dc9789da-cd2b-4283-b48a-ccdc766899af,EventName: notebookStatementExecutionEnd,Timestamp: 2025-12-11 14:54:45.928780,SessionGuid: 5b73298b-717a-469b-8a24-34840a292a2a,LivyKind: pyspark,SessionId: 654,StatementGuid: 089535fa-aeb4-4bf5-827c-c515204197e6,StatementId: 0,Success: True,ExceptionType: ,ExceptionMessage: 
2025-12-11 14:54:45,930	INFO	EventsHandler	InstanceId: dc9789da-cd2b-4283-b48a-ccdc766899af,EventName: notebookSessionCreationEnd,Timestamp: 2025-12-11 14:54:45.930075,SessionGuid: 5b73298b-717a-469b-8a24-34840a292a2a,LivyKind: pyspark,SessionId: 654,Status: idle,Success: True,ExceptionType: ,ExceptionMessage: 
2025-12-11 14:54:45,931	INFO	EventsHandler	InstanceId: dc9789da-cd2b-4283-b48a-ccdc766899af,EventName: notebookStatementExecutionStart,Timestamp: 2025-12-11 14:54:45.931111,SessionGuid: 5b73298b-717a-469b-8a24-34840a292a2a,LivyKind: pyspark,SessionId: 654,StatementGuid: 15147ace-5a3c-40a7-8022-85d09aefd13f
2025-12-11 14:54:45,947	DEBUG	Command	Status of statement 1 is running.
2025-12-11 14:54:46,152	DEBUG	Command	Status of statement 1 is available.
2025-12-11 14:54:46,152	INFO	EventsHandler	InstanceId: dc9789da-cd2b-4283-b48a-ccdc766899af,EventName: notebookStatementExecutionEnd,Timestamp: 2025-12-11 14:54:46.152602,SessionGuid: 5b73298b-717a-469b-8a24-34840a292a2a,LivyKind: pyspark,SessionId: 654,StatementGuid: 15147ace-5a3c-40a7-8022-85d09aefd13f,StatementId: 1,Success: True,ExceptionType: ,ExceptionMessage: 
2025-12-11 14:54:46,163	INFO	EventsHandler	InstanceId: dc9789da-cd2b-4283-b48a-ccdc766899af,EventName: notebookStatementExecutionStart,Timestamp: 2025-12-11 14:54:46.163047,SessionGuid: 5b73298b-717a-469b-8a24-34840a292a2a,LivyKind: pyspark,SessionId: 654,StatementGuid: 60e09143-f619-4b62-8de9-1ef5c9bfdab9
2025-12-11 14:54:46,178	DEBUG	Command	Status of statement 2 is running.
2025-12-11 14:54:46,382	DEBUG	Command	Status of statement 2 is running.
2025-12-11 14:54:46,887	DEBUG	Command	Status of statement 2 is running.
2025-12-11 14:54:47,392	DEBUG	Command	Status of statement 2 is running.
2025-12-11 14:54:48,397	DEBUG	Command	Status of statement 2 is running.
2025-12-11 14:54:49,403	DEBUG	Command	Status of statement 2 is running.
2025-12-11 14:54:51,413	DEBUG	Command	Status of statement 2 is running.
2025-12-11 14:54:53,419	DEBUG	Command	Status of statement 2 is running.
2025-12-11 14:54:55,426	DEBUG	Command	Status of statement 2 is running.
2025-12-11 14:54:57,433	DEBUG	Command	Status of statement 2 is running.
2025-12-11 14:54:59,440	DEBUG	Command	Status of statement 2 is running.
2025-12-11 14:55:01,447	DEBUG	Command	Status of statement 2 is running.
2025-12-11 14:55:03,454	DEBUG	Command	Status of statement 2 is running.
2025-12-11 14:55:05,461	DEBUG	Command	Status of statement 2 is running.
2025-12-11 14:55:07,467	DEBUG	Command	Status of statement 2 is available.
2025-12-11 14:55:07,468	INFO	EventsHandler	InstanceId: dc9789da-cd2b-4283-b48a-ccdc766899af,EventName: notebookStatementExecutionEnd,Timestamp: 2025-12-11 14:55:07.468324,SessionGuid: 5b73298b-717a-469b-8a24-34840a292a2a,LivyKind: pyspark,SessionId: 654,StatementGuid: 60e09143-f619-4b62-8de9-1ef5c9bfdab9,StatementId: 2,Success: True,ExceptionType: ,ExceptionMessage: 
2025-12-11 14:55:07,476	INFO	EventsHandler	InstanceId: dc9789da-cd2b-4283-b48a-ccdc766899af,EventName: notebookStatementExecutionStart,Timestamp: 2025-12-11 14:55:07.476885,SessionGuid: 5b73298b-717a-469b-8a24-34840a292a2a,LivyKind: pyspark,SessionId: 654,StatementGuid: 8b2b6c7f-a2db-4cdb-b90d-facea2ab935e
2025-12-11 14:55:07,492	DEBUG	Command	Status of statement 3 is running.
2025-12-11 14:55:07,702	DEBUG	Command	Status of statement 3 is running.
2025-12-11 14:55:08,206	DEBUG	Command	Status of statement 3 is running.
2025-12-11 14:55:08,711	DEBUG	Command	Status of statement 3 is running.
2025-12-11 14:55:09,719	DEBUG	Command	Status of statement 3 is running.
2025-12-11 14:55:10,724	DEBUG	Command	Status of statement 3 is running.
2025-12-11 14:55:12,731	DEBUG	Command	Status of statement 3 is running.
2025-12-11 14:55:14,738	DEBUG	Command	Status of statement 3 is running.
2025-12-11 14:55:16,743	DEBUG	Command	Status of statement 3 is running.
2025-12-11 14:55:18,750	DEBUG	Command	Status of statement 3 is running.
2025-12-11 14:55:20,757	DEBUG	Command	Status of statement 3 is running.
2025-12-11 14:55:22,765	DEBUG	Command	Status of statement 3 is running.
2025-12-11 14:55:24,772	DEBUG	Command	Status of statement 3 is running.
2025-12-11 14:55:26,780	DEBUG	Command	Status of statement 3 is running.
2025-12-11 14:55:28,788	DEBUG	Command	Status of statement 3 is running.
2025-12-11 14:55:30,793	DEBUG	Command	Status of statement 3 is running.
2025-12-11 14:55:32,802	DEBUG	Command	Status of statement 3 is running.
2025-12-11 14:55:34,809	DEBUG	Command	Status of statement 3 is running.
2025-12-11 14:55:36,817	DEBUG	Command	Status of statement 3 is running.
2025-12-11 14:55:38,826	DEBUG	Command	Status of statement 3 is running.
2025-12-11 14:55:40,837	DEBUG	Command	Status of statement 3 is running.
2025-12-11 14:55:42,846	DEBUG	Command	Status of statement 3 is running.
2025-12-11 14:55:44,856	DEBUG	Command	Status of statement 3 is available.
2025-12-11 14:55:44,856	INFO	EventsHandler	InstanceId: dc9789da-cd2b-4283-b48a-ccdc766899af,EventName: notebookStatementExecutionEnd,Timestamp: 2025-12-11 14:55:44.856879,SessionGuid: 5b73298b-717a-469b-8a24-34840a292a2a,LivyKind: pyspark,SessionId: 654,StatementGuid: 8b2b6c7f-a2db-4cdb-b90d-facea2ab935e,StatementId: 3,Success: True,ExceptionType: ,ExceptionMessage: 
2025-12-11 14:55:44,869	INFO	EventsHandler	InstanceId: dc9789da-cd2b-4283-b48a-ccdc766899af,EventName: notebookStatementExecutionStart,Timestamp: 2025-12-11 14:55:44.869270,SessionGuid: 5b73298b-717a-469b-8a24-34840a292a2a,LivyKind: pyspark,SessionId: 654,StatementGuid: 53505ddd-c9df-4760-8dbc-77fbfff4ed50
2025-12-11 14:55:44,883	DEBUG	Command	Status of statement 4 is running.
2025-12-11 14:55:45,087	DEBUG	Command	Status of statement 4 is running.
2025-12-11 14:55:45,592	DEBUG	Command	Status of statement 4 is running.
2025-12-11 14:55:46,097	DEBUG	Command	Status of statement 4 is running.
2025-12-11 14:55:47,102	DEBUG	Command	Status of statement 4 is running.
2025-12-11 14:55:48,108	DEBUG	Command	Status of statement 4 is running.
2025-12-11 14:55:50,115	DEBUG	Command	Status of statement 4 is running.
2025-12-11 14:55:52,122	DEBUG	Command	Status of statement 4 is running.
2025-12-11 14:55:54,132	DEBUG	Command	Status of statement 4 is running.
2025-12-11 14:55:56,140	DEBUG	Command	Status of statement 4 is running.
2025-12-11 14:55:58,150	DEBUG	Command	Status of statement 4 is running.
2025-12-11 14:56:00,159	DEBUG	Command	Status of statement 4 is running.
2025-12-11 14:56:02,168	DEBUG	Command	Status of statement 4 is running.
2025-12-11 14:56:04,179	DEBUG	Command	Status of statement 4 is running.
2025-12-11 14:56:06,188	DEBUG	Command	Status of statement 4 is running.
2025-12-11 14:56:08,198	DEBUG	Command	Status of statement 4 is available.
2025-12-11 14:56:08,198	INFO	EventsHandler	InstanceId: dc9789da-cd2b-4283-b48a-ccdc766899af,EventName: notebookStatementExecutionEnd,Timestamp: 2025-12-11 14:56:08.198463,SessionGuid: 5b73298b-717a-469b-8a24-34840a292a2a,LivyKind: pyspark,SessionId: 654,StatementGuid: 53505ddd-c9df-4760-8dbc-77fbfff4ed50,StatementId: 4,Success: True,ExceptionType: ,ExceptionMessage: 
2025-12-13 11:40:28,857	INFO	EventsHandler	InstanceId: dc9789da-cd2b-4283-b48a-ccdc766899af,EventName: notebookStatementExecutionStart,Timestamp: 2025-12-13 11:40:28.857233,SessionGuid: 5b73298b-717a-469b-8a24-34840a292a2a,LivyKind: pyspark,SessionId: 654,StatementGuid: 0b6d0175-7229-4a5e-ba24-427656c772a3
2025-12-13 11:40:28,863	INFO	EventsHandler	InstanceId: dc9789da-cd2b-4283-b48a-ccdc766899af,EventName: notebookStatementExecutionEnd,Timestamp: 2025-12-13 11:40:28.863879,SessionGuid: 5b73298b-717a-469b-8a24-34840a292a2a,LivyKind: pyspark,SessionId: 654,StatementGuid: 0b6d0175-7229-4a5e-ba24-427656c772a3,StatementId: -1,Success: False,ExceptionType: HttpClientException,ExceptionMessage: Invalid status code '404' from http://ec2-52-59-244-53.eu-central-1.compute.amazonaws.com:8998/sessions/654 with error payload: {"msg":"Session '654' not found."}
2025-12-13 11:40:38,560	INFO	EventsHandler	InstanceId: dc9789da-cd2b-4283-b48a-ccdc766899af,EventName: notebookMagicExecutionStart,Timestamp: 2025-12-13 11:40:38.560640,MagicName: configure,LivyKind: pyspark,MagicGuid: 6ef359df-e4a0-49c1-9ec7-e0fbb8d7d434
2025-12-13 11:40:38,561	INFO	EventsHandler	InstanceId: dc9789da-cd2b-4283-b48a-ccdc766899af,EventName: notebookSessionDeletionStart,Timestamp: 2025-12-13 11:40:38.561163,SessionGuid: 5b73298b-717a-469b-8a24-34840a292a2a,LivyKind: pyspark,SessionId: 654,Status: idle
2025-12-13 11:40:38,561	DEBUG	LivySession	Deleting session '654'
2025-12-13 11:40:38,564	INFO	EventsHandler	InstanceId: dc9789da-cd2b-4283-b48a-ccdc766899af,EventName: notebookSessionDeletionEnd,Timestamp: 2025-12-13 11:40:38.564280,SessionGuid: 5b73298b-717a-469b-8a24-34840a292a2a,LivyKind: pyspark,SessionId: 654,Status: dead,Success: True,ExceptionType: ,ExceptionMessage: 
2025-12-13 11:40:38,565	INFO	EventsHandler	InstanceId: dc9789da-cd2b-4283-b48a-ccdc766899af,EventName: notebookSessionCreationStart,Timestamp: 2025-12-13 11:40:38.565200,SessionGuid: 66921a50-8c56-4229-bbb0-9c37d9d89a43,LivyKind: pyspark
2025-12-13 11:40:38,577	DEBUG	LivySession	Session 1108 in state starting. Sleeping 0.2 seconds.
2025-12-13 11:40:38,780	DEBUG	LivySession	Session 1108 in state starting. Sleeping 0.5 seconds.
2025-12-13 11:40:39,283	DEBUG	LivySession	Session 1108 in state starting. Sleeping 0.5 seconds.
2025-12-13 11:40:39,787	DEBUG	LivySession	Session 1108 in state starting. Sleeping 1 seconds.
2025-12-13 11:40:40,791	DEBUG	LivySession	Session 1108 in state starting. Sleeping 1 seconds.
2025-12-13 11:40:41,795	DEBUG	LivySession	Session 1108 in state starting. Sleeping 2 seconds.
2025-12-13 11:40:43,800	DEBUG	LivySession	Session 1108 in state starting. Sleeping 2 seconds.
2025-12-13 11:40:45,804	DEBUG	LivySession	Session 1108 in state starting. Sleeping 2 seconds.
2025-12-13 11:40:47,809	DEBUG	LivySession	Session 1108 in state starting. Sleeping 2 seconds.
2025-12-13 11:40:49,814	DEBUG	LivySession	Session 1108 in state starting. Sleeping 2 seconds.
2025-12-13 11:40:51,819	DEBUG	LivySession	Session 1108 in state starting. Sleeping 2 seconds.
2025-12-13 11:40:53,824	DEBUG	LivySession	Session 1108 in state starting. Sleeping 2 seconds.
2025-12-13 11:40:55,829	DEBUG	LivySession	Session 1108 in state starting. Sleeping 2 seconds.
2025-12-13 11:40:57,832	DEBUG	LivySession	Session 1108 in state starting. Sleeping 2 seconds.
2025-12-13 11:40:59,837	DEBUG	LivySession	Session 1108 in state starting. Sleeping 2 seconds.
2025-12-13 11:41:01,841	DEBUG	LivySession	Session 1108 in state starting. Sleeping 2 seconds.
2025-12-13 11:41:03,845	DEBUG	LivySession	Session 1108 in state starting. Sleeping 2 seconds.
2025-12-13 11:41:05,850	DEBUG	LivySession	Session 1108 in state starting. Sleeping 2 seconds.
2025-12-13 11:41:07,855	DEBUG	LivySession	Session 1108 in state starting. Sleeping 2 seconds.
2025-12-13 11:41:09,869	INFO	EventsHandler	InstanceId: dc9789da-cd2b-4283-b48a-ccdc766899af,EventName: notebookStatementExecutionStart,Timestamp: 2025-12-13 11:41:09.869504,SessionGuid: 66921a50-8c56-4229-bbb0-9c37d9d89a43,LivyKind: pyspark,SessionId: 1108,StatementGuid: 2ebe0cab-42a5-4cf9-8892-9d0852a3a431
2025-12-13 11:41:09,896	DEBUG	Command	Status of statement 0 is waiting.
2025-12-13 11:41:10,100	DEBUG	Command	Status of statement 0 is waiting.
2025-12-13 11:41:10,605	DEBUG	Command	Status of statement 0 is waiting.
2025-12-13 11:41:11,109	DEBUG	Command	Status of statement 0 is waiting.
2025-12-13 11:41:12,114	DEBUG	Command	Status of statement 0 is available.
2025-12-13 11:41:12,114	INFO	EventsHandler	InstanceId: dc9789da-cd2b-4283-b48a-ccdc766899af,EventName: notebookStatementExecutionEnd,Timestamp: 2025-12-13 11:41:12.114886,SessionGuid: 66921a50-8c56-4229-bbb0-9c37d9d89a43,LivyKind: pyspark,SessionId: 1108,StatementGuid: 2ebe0cab-42a5-4cf9-8892-9d0852a3a431,StatementId: 0,Success: True,ExceptionType: ,ExceptionMessage: 
2025-12-13 11:41:12,116	INFO	EventsHandler	InstanceId: dc9789da-cd2b-4283-b48a-ccdc766899af,EventName: notebookSessionCreationEnd,Timestamp: 2025-12-13 11:41:12.116018,SessionGuid: 66921a50-8c56-4229-bbb0-9c37d9d89a43,LivyKind: pyspark,SessionId: 1108,Status: idle,Success: True,ExceptionType: ,ExceptionMessage: 
2025-12-13 11:41:12,116	INFO	EventsHandler	InstanceId: dc9789da-cd2b-4283-b48a-ccdc766899af,EventName: notebookMagicExecutionStart,Timestamp: 2025-12-13 11:41:12.116249,MagicName: info,LivyKind: pyspark,MagicGuid: 3f452946-2312-4727-83e3-4ad6b6a3c540
2025-12-13 11:41:12,156	INFO	EventsHandler	InstanceId: dc9789da-cd2b-4283-b48a-ccdc766899af,EventName: notebookMagicExecutionEnd,Timestamp: 2025-12-13 11:41:12.156189,MagicName: info,LivyKind: pyspark,MagicGuid: 3f452946-2312-4727-83e3-4ad6b6a3c540,Success: True,ExceptionType: ,ExceptionMessage: 
2025-12-13 11:41:12,156	INFO	EventsHandler	InstanceId: dc9789da-cd2b-4283-b48a-ccdc766899af,EventName: notebookMagicExecutionEnd,Timestamp: 2025-12-13 11:41:12.156659,MagicName: configure,LivyKind: pyspark,MagicGuid: 6ef359df-e4a0-49c1-9ec7-e0fbb8d7d434,Success: True,ExceptionType: ,ExceptionMessage: 
2025-12-13 11:41:15,433	INFO	EventsHandler	InstanceId: dc9789da-cd2b-4283-b48a-ccdc766899af,EventName: notebookStatementExecutionStart,Timestamp: 2025-12-13 11:41:15.433543,SessionGuid: 66921a50-8c56-4229-bbb0-9c37d9d89a43,LivyKind: pyspark,SessionId: 1108,StatementGuid: 59c7c5cc-5e4f-4e58-b7c4-474c4a655119
2025-12-13 11:41:15,448	DEBUG	Command	Status of statement 1 is running.
2025-12-13 11:41:15,653	DEBUG	Command	Status of statement 1 is available.
2025-12-13 11:41:15,653	INFO	EventsHandler	InstanceId: dc9789da-cd2b-4283-b48a-ccdc766899af,EventName: notebookStatementExecutionEnd,Timestamp: 2025-12-13 11:41:15.653825,SessionGuid: 66921a50-8c56-4229-bbb0-9c37d9d89a43,LivyKind: pyspark,SessionId: 1108,StatementGuid: 59c7c5cc-5e4f-4e58-b7c4-474c4a655119,StatementId: 1,Success: True,ExceptionType: ,ExceptionMessage: 
2025-12-13 11:41:22,091	INFO	EventsHandler	InstanceId: dc9789da-cd2b-4283-b48a-ccdc766899af,EventName: notebookStatementExecutionStart,Timestamp: 2025-12-13 11:41:22.091433,SessionGuid: 66921a50-8c56-4229-bbb0-9c37d9d89a43,LivyKind: pyspark,SessionId: 1108,StatementGuid: 348dc946-2953-473d-b1dc-aaf9d0e39f75
2025-12-13 11:41:22,113	DEBUG	Command	Status of statement 2 is running.
2025-12-13 11:41:22,317	DEBUG	Command	Status of statement 2 is running.
2025-12-13 11:41:22,822	DEBUG	Command	Status of statement 2 is running.
2025-12-13 11:41:23,326	DEBUG	Command	Status of statement 2 is running.
2025-12-13 11:41:24,331	DEBUG	Command	Status of statement 2 is running.
2025-12-13 11:41:25,337	DEBUG	Command	Status of statement 2 is running.
2025-12-13 11:41:27,343	DEBUG	Command	Status of statement 2 is running.
2025-12-13 11:41:29,351	DEBUG	Command	Status of statement 2 is running.
2025-12-13 11:41:31,361	DEBUG	Command	Status of statement 2 is running.
2025-12-13 11:41:33,367	DEBUG	Command	Status of statement 2 is running.
2025-12-13 11:41:35,373	DEBUG	Command	Status of statement 2 is running.
2025-12-13 11:41:37,379	DEBUG	Command	Status of statement 2 is running.
2025-12-13 11:41:39,384	DEBUG	Command	Status of statement 2 is running.
2025-12-13 11:41:41,391	DEBUG	Command	Status of statement 2 is running.
2025-12-13 11:41:43,396	DEBUG	Command	Status of statement 2 is running.
2025-12-13 11:41:45,400	DEBUG	Command	Status of statement 2 is running.
2025-12-13 11:41:47,406	DEBUG	Command	Status of statement 2 is available.
2025-12-13 11:41:47,407	INFO	EventsHandler	InstanceId: dc9789da-cd2b-4283-b48a-ccdc766899af,EventName: notebookStatementExecutionEnd,Timestamp: 2025-12-13 11:41:47.407625,SessionGuid: 66921a50-8c56-4229-bbb0-9c37d9d89a43,LivyKind: pyspark,SessionId: 1108,StatementGuid: 348dc946-2953-473d-b1dc-aaf9d0e39f75,StatementId: 2,Success: True,ExceptionType: ,ExceptionMessage: 
2025-12-13 11:41:54,660	INFO	EventsHandler	InstanceId: dc9789da-cd2b-4283-b48a-ccdc766899af,EventName: notebookStatementExecutionStart,Timestamp: 2025-12-13 11:41:54.659984,SessionGuid: 66921a50-8c56-4229-bbb0-9c37d9d89a43,LivyKind: pyspark,SessionId: 1108,StatementGuid: aeecc6b6-d465-40fd-b9ec-4e9010e96b6c
2025-12-13 11:41:54,673	DEBUG	Command	Status of statement 3 is running.
2025-12-13 11:41:54,877	DEBUG	Command	Status of statement 3 is running.
2025-12-13 11:41:55,381	DEBUG	Command	Status of statement 3 is running.
2025-12-13 11:41:55,885	DEBUG	Command	Status of statement 3 is running.
2025-12-13 11:41:56,890	DEBUG	Command	Status of statement 3 is running.
2025-12-13 11:41:57,895	DEBUG	Command	Status of statement 3 is running.
2025-12-13 11:41:59,901	DEBUG	Command	Status of statement 3 is running.
2025-12-13 11:42:01,907	DEBUG	Command	Status of statement 3 is running.
2025-12-13 11:42:03,913	DEBUG	Command	Status of statement 3 is running.
2025-12-13 11:42:05,919	DEBUG	Command	Status of statement 3 is running.
2025-12-13 11:42:07,927	DEBUG	Command	Status of statement 3 is running.
2025-12-13 11:42:09,934	DEBUG	Command	Status of statement 3 is running.
2025-12-13 11:42:11,942	DEBUG	Command	Status of statement 3 is running.
2025-12-13 11:42:13,951	DEBUG	Command	Status of statement 3 is running.
2025-12-13 11:42:15,959	DEBUG	Command	Status of statement 3 is running.
2025-12-13 11:42:17,969	DEBUG	Command	Status of statement 3 is running.
2025-12-13 11:42:19,979	DEBUG	Command	Status of statement 3 is running.
2025-12-13 11:42:21,988	DEBUG	Command	Status of statement 3 is available.
2025-12-13 11:42:21,989	INFO	EventsHandler	InstanceId: dc9789da-cd2b-4283-b48a-ccdc766899af,EventName: notebookStatementExecutionEnd,Timestamp: 2025-12-13 11:42:21.989439,SessionGuid: 66921a50-8c56-4229-bbb0-9c37d9d89a43,LivyKind: pyspark,SessionId: 1108,StatementGuid: aeecc6b6-d465-40fd-b9ec-4e9010e96b6c,StatementId: 3,Success: True,ExceptionType: ,ExceptionMessage: 
2025-12-13 11:43:23,793	INFO	EventsHandler	InstanceId: dc9789da-cd2b-4283-b48a-ccdc766899af,EventName: notebookStatementExecutionStart,Timestamp: 2025-12-13 11:43:23.793357,SessionGuid: 66921a50-8c56-4229-bbb0-9c37d9d89a43,LivyKind: pyspark,SessionId: 1108,StatementGuid: 348aa438-acb3-4ed7-9c7a-29beaf681834
2025-12-13 11:43:23,810	DEBUG	Command	Status of statement 4 is running.
2025-12-13 11:43:24,014	DEBUG	Command	Status of statement 4 is running.
2025-12-13 11:43:24,518	DEBUG	Command	Status of statement 4 is running.
2025-12-13 11:43:25,023	DEBUG	Command	Status of statement 4 is available.
2025-12-13 11:43:25,023	INFO	EventsHandler	InstanceId: dc9789da-cd2b-4283-b48a-ccdc766899af,EventName: notebookStatementExecutionEnd,Timestamp: 2025-12-13 11:43:25.023826,SessionGuid: 66921a50-8c56-4229-bbb0-9c37d9d89a43,LivyKind: pyspark,SessionId: 1108,StatementGuid: 348aa438-acb3-4ed7-9c7a-29beaf681834,StatementId: 4,Success: True,ExceptionType: ,ExceptionMessage: 
2025-12-13 11:43:51,786	INFO	EventsHandler	InstanceId: dc9789da-cd2b-4283-b48a-ccdc766899af,EventName: notebookStatementExecutionStart,Timestamp: 2025-12-13 11:43:51.786534,SessionGuid: 66921a50-8c56-4229-bbb0-9c37d9d89a43,LivyKind: pyspark,SessionId: 1108,StatementGuid: 0175c070-068c-4197-8958-926bc99b3d23
2025-12-13 11:43:51,800	DEBUG	Command	Status of statement 5 is running.
2025-12-13 11:43:52,004	DEBUG	Command	Status of statement 5 is running.
2025-12-13 11:43:52,509	DEBUG	Command	Status of statement 5 is running.
2025-12-13 11:43:53,015	DEBUG	Command	Status of statement 5 is running.
2025-12-13 11:43:54,021	DEBUG	Command	Status of statement 5 is running.
2025-12-13 11:43:55,039	DEBUG	Command	Status of statement 5 is running.
2025-12-13 11:43:57,051	DEBUG	Command	Status of statement 5 is running.
2025-12-13 11:43:59,070	DEBUG	Command	Status of statement 5 is running.
2025-12-13 11:44:01,088	DEBUG	Command	Status of statement 5 is available.
2025-12-13 11:44:01,088	INFO	EventsHandler	InstanceId: dc9789da-cd2b-4283-b48a-ccdc766899af,EventName: notebookStatementExecutionEnd,Timestamp: 2025-12-13 11:44:01.088635,SessionGuid: 66921a50-8c56-4229-bbb0-9c37d9d89a43,LivyKind: pyspark,SessionId: 1108,StatementGuid: 0175c070-068c-4197-8958-926bc99b3d23,StatementId: 5,Success: True,ExceptionType: ,ExceptionMessage: 
2025-12-13 11:49:59,251	INFO	EventsHandler	InstanceId: dc9789da-cd2b-4283-b48a-ccdc766899af,EventName: notebookStatementExecutionStart,Timestamp: 2025-12-13 11:49:59.251531,SessionGuid: 66921a50-8c56-4229-bbb0-9c37d9d89a43,LivyKind: pyspark,SessionId: 1108,StatementGuid: 063a8a39-2ac8-435e-8b9b-d867f459e918
2025-12-13 11:49:59,267	DEBUG	Command	Status of statement 6 is running.
2025-12-13 11:49:59,471	DEBUG	Command	Status of statement 6 is running.
2025-12-13 11:49:59,976	DEBUG	Command	Status of statement 6 is running.
2025-12-13 11:50:00,482	DEBUG	Command	Status of statement 6 is running.
2025-12-13 11:50:01,490	DEBUG	Command	Status of statement 6 is running.
2025-12-13 11:50:02,502	DEBUG	Command	Status of statement 6 is running.
2025-12-13 11:50:04,514	DEBUG	Command	Status of statement 6 is running.
2025-12-13 11:50:06,537	DEBUG	Command	Status of statement 6 is running.
2025-12-13 11:50:08,552	DEBUG	Command	Status of statement 6 is available.
2025-12-13 11:50:08,553	INFO	EventsHandler	InstanceId: dc9789da-cd2b-4283-b48a-ccdc766899af,EventName: notebookStatementExecutionEnd,Timestamp: 2025-12-13 11:50:08.553277,SessionGuid: 66921a50-8c56-4229-bbb0-9c37d9d89a43,LivyKind: pyspark,SessionId: 1108,StatementGuid: 063a8a39-2ac8-435e-8b9b-d867f459e918,StatementId: 6,Success: True,ExceptionType: ,ExceptionMessage: 
2025-12-13 11:50:17,121	INFO	EventsHandler	InstanceId: dc9789da-cd2b-4283-b48a-ccdc766899af,EventName: notebookStatementExecutionStart,Timestamp: 2025-12-13 11:50:17.121423,SessionGuid: 66921a50-8c56-4229-bbb0-9c37d9d89a43,LivyKind: pyspark,SessionId: 1108,StatementGuid: 50137a19-2e4a-4b61-8c04-538098ea4ec8
2025-12-13 11:50:17,134	DEBUG	Command	Status of statement 7 is running.
2025-12-13 11:50:17,338	DEBUG	Command	Status of statement 7 is running.
2025-12-13 11:50:17,843	DEBUG	Command	Status of statement 7 is running.
2025-12-13 11:50:18,351	DEBUG	Command	Status of statement 7 is running.
2025-12-13 11:50:19,359	DEBUG	Command	Status of statement 7 is running.
2025-12-13 11:50:20,375	DEBUG	Command	Status of statement 7 is running.
2025-12-13 11:50:22,389	DEBUG	Command	Status of statement 7 is available.
2025-12-13 11:50:22,389	INFO	EventsHandler	InstanceId: dc9789da-cd2b-4283-b48a-ccdc766899af,EventName: notebookStatementExecutionEnd,Timestamp: 2025-12-13 11:50:22.389695,SessionGuid: 66921a50-8c56-4229-bbb0-9c37d9d89a43,LivyKind: pyspark,SessionId: 1108,StatementGuid: 50137a19-2e4a-4b61-8c04-538098ea4ec8,StatementId: 7,Success: True,ExceptionType: ,ExceptionMessage: 
2025-12-13 11:57:09,394	INFO	EventsHandler	InstanceId: dc9789da-cd2b-4283-b48a-ccdc766899af,EventName: notebookSessionDeletionStart,Timestamp: 2025-12-13 11:57:09.394082,SessionGuid: 66921a50-8c56-4229-bbb0-9c37d9d89a43,LivyKind: pyspark,SessionId: 1108,Status: idle
2025-12-13 11:57:09,394	DEBUG	LivySession	Deleting session '1108'
2025-12-13 11:57:09,599	INFO	EventsHandler	InstanceId: dc9789da-cd2b-4283-b48a-ccdc766899af,EventName: notebookSessionDeletionEnd,Timestamp: 2025-12-13 11:57:09.599136,SessionGuid: 66921a50-8c56-4229-bbb0-9c37d9d89a43,LivyKind: pyspark,SessionId: 1108,Status: dead,Success: True,ExceptionType: ,ExceptionMessage: 
