2025-11-19 13:51:11,905	DEBUG	SparkMagics	Initialized spark magics.
2025-11-19 13:51:11,906	INFO	EventsHandler	InstanceId: ebf81ba2-94bb-4e23-a6d2-ac87875f925c,EventName: notebookLoaded,Timestamp: 2025-11-19 13:51:11.906594
2025-11-19 13:51:11,907	DEBUG	python_jupyter_kernel	Loaded magics.
2025-11-19 13:51:11,908	DEBUG	python_jupyter_kernel	Changed language.
2025-11-19 13:51:11,963	DEBUG	python_jupyter_kernel	Registered auto viz.
2025-11-19 13:51:31,429	INFO	EventsHandler	InstanceId: ebf81ba2-94bb-4e23-a6d2-ac87875f925c,EventName: notebookSessionCreationStart,Timestamp: 2025-11-19 13:51:31.429261,SessionGuid: db158768-e6b1-461e-a384-fb1609b33072,LivyKind: pyspark
2025-11-19 13:51:31,452	DEBUG	LivySession	Session 258 in state starting. Sleeping 0.2 seconds.
2025-11-19 13:51:31,655	DEBUG	LivySession	Session 258 in state starting. Sleeping 0.5 seconds.
2025-11-19 13:51:32,158	DEBUG	LivySession	Session 258 in state starting. Sleeping 0.5 seconds.
2025-11-19 13:51:32,661	DEBUG	LivySession	Session 258 in state starting. Sleeping 1 seconds.
2025-11-19 13:51:33,665	DEBUG	LivySession	Session 258 in state starting. Sleeping 1 seconds.
2025-11-19 13:51:34,669	DEBUG	LivySession	Session 258 in state starting. Sleeping 2 seconds.
2025-11-19 13:51:36,673	DEBUG	LivySession	Session 258 in state starting. Sleeping 2 seconds.
2025-11-19 13:51:38,678	DEBUG	LivySession	Session 258 in state starting. Sleeping 2 seconds.
2025-11-19 13:51:40,683	DEBUG	LivySession	Session 258 in state starting. Sleeping 2 seconds.
2025-11-19 13:51:42,687	DEBUG	LivySession	Session 258 in state starting. Sleeping 2 seconds.
2025-11-19 13:51:44,692	DEBUG	LivySession	Session 258 in state starting. Sleeping 2 seconds.
2025-11-19 13:51:46,697	DEBUG	LivySession	Session 258 in state starting. Sleeping 2 seconds.
2025-11-19 13:51:48,701	DEBUG	LivySession	Session 258 in state starting. Sleeping 2 seconds.
2025-11-19 13:51:50,705	DEBUG	LivySession	Session 258 in state starting. Sleeping 2 seconds.
2025-11-19 13:51:52,710	DEBUG	LivySession	Session 258 in state starting. Sleeping 2 seconds.
2025-11-19 13:51:54,715	DEBUG	LivySession	Session 258 in state starting. Sleeping 2 seconds.
2025-11-19 13:51:56,720	DEBUG	LivySession	Session 258 in state starting. Sleeping 2 seconds.
2025-11-19 13:51:58,726	DEBUG	LivySession	Session 258 in state starting. Sleeping 2 seconds.
2025-11-19 13:52:00,729	DEBUG	LivySession	Session 258 in state starting. Sleeping 2 seconds.
2025-11-19 13:52:02,734	DEBUG	LivySession	Session 258 in state starting. Sleeping 2 seconds.
2025-11-19 13:52:04,738	DEBUG	LivySession	Session 258 in state starting. Sleeping 2 seconds.
2025-11-19 13:52:06,743	DEBUG	LivySession	Session 258 in state starting. Sleeping 2 seconds.
2025-11-19 13:52:08,748	DEBUG	LivySession	Session 258 in state starting. Sleeping 2 seconds.
2025-11-19 13:52:10,753	DEBUG	LivySession	Session 258 in state starting. Sleeping 2 seconds.
2025-11-19 13:52:12,758	DEBUG	LivySession	Session 258 in state starting. Sleeping 2 seconds.
2025-11-19 13:52:14,762	DEBUG	LivySession	Session 258 in state starting. Sleeping 2 seconds.
2025-11-19 13:52:16,766	DEBUG	LivySession	Session 258 in state starting. Sleeping 2 seconds.
2025-11-19 13:52:18,771	DEBUG	LivySession	Session 258 in state starting. Sleeping 2 seconds.
2025-11-19 13:52:20,776	DEBUG	LivySession	Session 258 in state starting. Sleeping 2 seconds.
2025-11-19 13:52:22,781	DEBUG	LivySession	Session 258 in state starting. Sleeping 2 seconds.
2025-11-19 13:52:24,785	DEBUG	LivySession	Session 258 in state starting. Sleeping 2 seconds.
2025-11-19 13:52:26,789	DEBUG	LivySession	Session 258 in state starting. Sleeping 2 seconds.
2025-11-19 13:52:28,794	DEBUG	LivySession	Session 258 in state starting. Sleeping 2 seconds.
2025-11-19 13:52:30,798	DEBUG	LivySession	Session 258 in state starting. Sleeping 2 seconds.
2025-11-19 13:52:32,801	ERROR	LivySession	Session 258 did not reach idle status in time. Current status is starting.
2025-11-19 13:52:32,802	INFO	EventsHandler	InstanceId: ebf81ba2-94bb-4e23-a6d2-ac87875f925c,EventName: notebookSessionCreationEnd,Timestamp: 2025-11-19 13:52:32.802052,SessionGuid: db158768-e6b1-461e-a384-fb1609b33072,LivyKind: pyspark,SessionId: 258,Status: starting,Success: False,ExceptionType: LivyClientTimeoutException,ExceptionMessage: Session 258 did not start up in 60 seconds.
2025-11-19 13:52:32,802	INFO	EventsHandler	InstanceId: ebf81ba2-94bb-4e23-a6d2-ac87875f925c,EventName: notebookSessionDeletionStart,Timestamp: 2025-11-19 13:52:32.802190,SessionGuid: db158768-e6b1-461e-a384-fb1609b33072,LivyKind: pyspark,SessionId: 258,Status: starting
2025-11-19 13:52:32,802	DEBUG	LivySession	Deleting session '258'
2025-11-19 13:52:32,807	INFO	EventsHandler	InstanceId: ebf81ba2-94bb-4e23-a6d2-ac87875f925c,EventName: notebookSessionDeletionEnd,Timestamp: 2025-11-19 13:52:32.807042,SessionGuid: db158768-e6b1-461e-a384-fb1609b33072,LivyKind: pyspark,SessionId: 258,Status: dead,Success: True,ExceptionType: ,ExceptionMessage: 
2025-11-19 13:52:32,807	ERROR	SparkMagics	Error creating session: Session 258 did not start up in 60 seconds.
